#
# A fatal error has been detected by the Java Runtime Environment:
#
#  EXCEPTION_ACCESS_VIOLATION (0xc0000005) at pc=0x00007ffe7221bf00, pid=15308, tid=16672
#
# JRE version: OpenJDK Runtime Environment (17.0.2+8) (build 17.0.2+8-86)
# Java VM: OpenJDK 64-Bit Server VM (17.0.2+8-86, mixed mode, sharing, tiered, compressed oops, compressed class ptrs, g1 gc, windows-amd64)
# Problematic frame:
# V  [jvm.dll+0xbf00]
#
# No core dump will be written. Minidumps are not enabled by default on client versions of Windows
#
# If you would like to submit a bug report, please visit:
#   https://bugreport.java.com/bugreport/crash.jsp
#

---------------  S U M M A R Y ------------

Command Line: -javaagent:C:\Program Files\JetBrains\IntelliJ IDEA 2021.3.2\lib\idea_rt.jar=56023:C:\Program Files\JetBrains\IntelliJ IDEA 2021.3.2\bin -Dfile.encoding=UTF-8 --module-path=C:\Users\Tech Land\.m2\repository\org\apache\poi\poi\4.1.2\poi-4.1.2.jar;C:\Users\Tech Land\.m2\repository\org\apache\poi\poi-ooxml-schemas\4.1.2\poi-ooxml-schemas-4.1.2.jar;C:\Users\Tech Land\.m2\repository\com\github\shaohj\sstool-poi-expand\1.0.3\sstool-poi-expand-1.0.3.jar;C:\Users\Tech Land\Desktop\School-Management-Software\lib\jasperreports-6.14.0.jar;C:\Users\Tech Land\.m2\repository\org\openjfx\javafx-graphics\17.0.1\javafx-graphics-17.0.1-win.jar;C:\Users\Tech Land\Desktop\School-Management-Software\lib\commons-collections-3.2.2.jar;C:\Users\Tech Land\.m2\repository\com\kovizone\poi-ooxml-plus\1.2.3\poi-ooxml-plus-1.2.3.jar;C:\Users\Tech Land\.m2\repository\org\openjfx\javafx-fxml\17.0.1\javafx-fxml-17.0.1-win.jar;C:\Users\Tech Land\.m2\repository\org\openjfx\javafx-base\17.0.1\javafx-base-17.0.1-win.jar;C:\Users\Tech Land\.m2\repository\org\openjfx\javafx-controls\17.0.1\javafx-controls-17.0.1-win.jar;C:\Users\Tech Land\Desktop\School-Management-Software\target\classes;C:\Users\Tech Land\.m2\repository\org\apache\xmlbeans\xmlbeans\3.1.0\xmlbeans-3.1.0.jar;C:\Users\Tech Land\.m2\repository\org\apache\poi\poi-ooxml\4.1.2\poi-ooxml-4.1.2.jar -Djdk.module.main=com.example.demo com.example.demo/com.example.school_management.School

Host: Intel(R) Core(TM) i5-8265U CPU @ 1.60GHz, 8 cores, 7G,  Windows 10 , 64 bit Build 19041 (10.0.19041.1566)
Time: Sun Apr 10 20:34:20 2022 Bangladesh Standard Time elapsed time: 12.235986 seconds (0d 0h 0m 12s)

---------------  T H R E A D  ---------------

Current thread (0x0000023475535560):  JavaThread "JavaFX Application Thread" [_thread_in_vm, id=16672, stack(0x0000009287200000,0x0000009287300000)]

Stack: [0x0000009287200000,0x0000009287300000],  sp=0x00000092872fbbf8,  free space=1006k
Native frames: (J=compiled Java code, j=interpreted, Vv=VM code, C=native code)
V  [jvm.dll+0xbf00]

Java frames: (J=compiled Java code, j=interpreted, Vv=VM code)
j  org.sqlite.NativeDB.prepare(Ljava/lang/String;)J+0
j  org.sqlite.DB.prepare(Lorg/sqlite/Stmt;)V+21
j  org.sqlite.PrepStmt.<init>(Lorg/sqlite/Conn;Ljava/lang/String;)V+15
j  org.sqlite.Conn.prepareStatement(Ljava/lang/String;III)Ljava/sql/PreparedStatement;+14
j  org.sqlite.Conn.prepareStatement(Ljava/lang/String;II)Ljava/sql/PreparedStatement;+5
j  org.sqlite.Conn.prepareStatement(Ljava/lang/String;)Ljava/sql/PreparedStatement;+8
j  com.example.school_management.resultController.getexcel(Ljava/lang/String;)V+133 com.example.demo
j  com.example.school_management.resultController.b9()V+9 com.example.demo
v  ~StubRoutines::call_stub
j  jdk.internal.reflect.NativeMethodAccessorImpl.invoke0(Ljava/lang/reflect/Method;Ljava/lang/Object;[Ljava/lang/Object;)Ljava/lang/Object;+0 java.base@17.0.2
j  jdk.internal.reflect.NativeMethodAccessorImpl.invoke(Ljava/lang/Object;[Ljava/lang/Object;)Ljava/lang/Object;+133 java.base@17.0.2
J 1354 c1 jdk.internal.reflect.DelegatingMethodAccessorImpl.invoke(Ljava/lang/Object;[Ljava/lang/Object;)Ljava/lang/Object; java.base@17.0.2 (10 bytes) @ 0x000002345d6c95c4 [0x000002345d6c94c0+0x0000000000000104]
J 1552 c1 jdk.internal.reflect.GeneratedMethodAccessor2.invoke(Ljava/lang/Object;[Ljava/lang/Object;)Ljava/lang/Object; (65 bytes) @ 0x000002345d72d65c [0x000002345d72d000+0x000000000000065c]
J 1354 c1 jdk.internal.reflect.DelegatingMethodAccessorImpl.invoke(Ljava/lang/Object;[Ljava/lang/Object;)Ljava/lang/Object; java.base@17.0.2 (10 bytes) @ 0x000002345d6c95c4 [0x000002345d6c94c0+0x0000000000000104]
J 1336 c1 java.lang.reflect.Method.invoke(Ljava/lang/Object;[Ljava/lang/Object;)Ljava/lang/Object; java.base@17.0.2 (65 bytes) @ 0x000002345d6b79c4 [0x000002345d6b7680+0x0000000000000344]
j  com.sun.javafx.reflect.MethodUtil.invoke(Ljava/lang/reflect/Method;Ljava/lang/Object;[Ljava/lang/Object;)Ljava/lang/Object;+20 javafx.base
j  com.sun.javafx.fxml.MethodHelper.invoke(Ljava/lang/reflect/Method;Ljava/lang/Object;[Ljava/lang/Object;)Ljava/lang/Object;+142 javafx.fxml
j  javafx.fxml.FXMLLoader$MethodHandler.invoke([Ljava/lang/Object;)V+38 javafx.fxml
j  javafx.fxml.FXMLLoader$ControllerMethodEventHandler.handle(Ljavafx/event/Event;)V+12 javafx.fxml
j  com.sun.javafx.event.CompositeEventHandler.dispatchBubblingEvent(Ljavafx/event/Event;)V+51 javafx.base
J 2577 c1 com.sun.javafx.event.EventHandlerManager.dispatchBubblingEvent(Ljavafx/event/EventType;Ljavafx/event/Event;)Ljavafx/event/Event; javafx.base (41 bytes) @ 0x000002345d93369c [0x000002345d933080+0x000000000000061c]
j  com.sun.javafx.event.EventHandlerManager.dispatchBubblingEvent(Ljavafx/event/Event;)Ljavafx/event/Event;+8 javafx.base
j  com.sun.javafx.event.CompositeEventDispatcher.dispatchBubblingEvent(Ljavafx/event/Event;)Ljavafx/event/Event;+11 javafx.base
J 2710 c1 com.sun.javafx.event.BasicEventDispatcher.dispatchEvent(Ljavafx/event/Event;Ljavafx/event/EventDispatchChain;)Ljavafx/event/Event; javafx.base (44 bytes) @ 0x000002345d96e84c [0x000002345d96e500+0x000000000000034c]
J 2704 c1 com.sun.javafx.event.EventDispatchChainImpl.dispatchEvent(Ljavafx/event/Event;)Ljavafx/event/Event; javafx.base (101 bytes) @ 0x000002345d96b5fc [0x000002345d96b440+0x00000000000001bc]
J 2710 c1 com.sun.javafx.event.BasicEventDispatcher.dispatchEvent(Ljavafx/event/Event;Ljavafx/event/EventDispatchChain;)Ljavafx/event/Event; javafx.base (44 bytes) @ 0x000002345d96e75c [0x000002345d96e500+0x000000000000025c]
J 2704 c1 com.sun.javafx.event.EventDispatchChainImpl.dispatchEvent(Ljavafx/event/Event;)Ljavafx/event/Event; javafx.base (101 bytes) @ 0x000002345d96b5fc [0x000002345d96b440+0x00000000000001bc]
J 2710 c1 com.sun.javafx.event.BasicEventDispatcher.dispatchEvent(Ljavafx/event/Event;Ljavafx/event/EventDispatchChain;)Ljavafx/event/Event; javafx.base (44 bytes) @ 0x000002345d96e75c [0x000002345d96e500+0x000000000000025c]
J 2704 c1 com.sun.javafx.event.EventDispatchChainImpl.dispatchEvent(Ljavafx/event/Event;)Ljavafx/event/Event; javafx.base (101 bytes) @ 0x000002345d96b5fc [0x000002345d96b440+0x00000000000001bc]
J 2710 c1 com.sun.javafx.event.BasicEventDispatcher.dispatchEvent(Ljavafx/event/Event;Ljavafx/event/EventDispatchChain;)Ljavafx/event/Event; javafx.base (44 bytes) @ 0x000002345d96e75c [0x000002345d96e500+0x000000000000025c]
J 2704 c1 com.sun.javafx.event.EventDispatchChainImpl.dispatchEvent(Ljavafx/event/Event;)Ljavafx/event/Event; javafx.base (101 bytes) @ 0x000002345d96b5fc [0x000002345d96b440+0x00000000000001bc]
j  com.sun.javafx.event.EventUtil.fireEventImpl(Ljavafx/event/EventDispatchChain;Ljavafx/event/EventTarget;Ljavafx/event/Event;)Ljavafx/event/Event;+10 javafx.base
j  com.sun.javafx.event.EventUtil.fireEvent(Ljavafx/event/EventTarget;Ljavafx/event/Event;)Ljavafx/event/Event;+37 javafx.base
j  javafx.event.Event.fireEvent(Ljavafx/event/EventTarget;Ljavafx/event/Event;)V+30 javafx.base
j  javafx.scene.Node.fireEvent(Ljavafx/event/Event;)V+86 javafx.graphics
j  javafx.scene.control.Button.fire()V+15 javafx.controls
j  com.sun.javafx.scene.control.behavior.ButtonBehavior.mouseReleased(Ljavafx/scene/input/MouseEvent;)V+27 javafx.controls
j  com.sun.javafx.scene.control.behavior.ButtonBehavior$$Lambda$318+0x0000000800dd38a8.handle(Ljavafx/event/Event;)V+8 javafx.controls
j  com.sun.javafx.scene.control.inputmap.InputMap.handle(Ljavafx/event/Event;)V+61 javafx.controls
j  com.sun.javafx.scene.control.inputmap.InputMap$$Lambda$313+0x0000000800dd2bd8.handle(Ljavafx/event/Event;)V+5 javafx.controls
j  com.sun.javafx.event.CompositeEventHandler$NormalEventHandlerRecord.handleBubblingEvent(Ljavafx/event/Event;)V+5 javafx.base
j  com.sun.javafx.event.CompositeEventHandler.dispatchBubblingEvent(Ljavafx/event/Event;)V+28 javafx.base
J 2577 c1 com.sun.javafx.event.EventHandlerManager.dispatchBubblingEvent(Ljavafx/event/EventType;Ljavafx/event/Event;)Ljavafx/event/Event; javafx.base (41 bytes) @ 0x000002345d93369c [0x000002345d933080+0x000000000000061c]
j  com.sun.javafx.event.EventHandlerManager.dispatchBubblingEvent(Ljavafx/event/Event;)Ljavafx/event/Event;+8 javafx.base
j  com.sun.javafx.event.CompositeEventDispatcher.dispatchBubblingEvent(Ljavafx/event/Event;)Ljavafx/event/Event;+11 javafx.base
J 2710 c1 com.sun.javafx.event.BasicEventDispatcher.dispatchEvent(Ljavafx/event/Event;Ljavafx/event/EventDispatchChain;)Ljavafx/event/Event; javafx.base (44 bytes) @ 0x000002345d96e84c [0x000002345d96e500+0x000000000000034c]
J 2704 c1 com.sun.javafx.event.EventDispatchChainImpl.dispatchEvent(Ljavafx/event/Event;)Ljavafx/event/Event; javafx.base (101 bytes) @ 0x000002345d96b5fc [0x000002345d96b440+0x00000000000001bc]
J 2710 c1 com.sun.javafx.event.BasicEventDispatcher.dispatchEvent(Ljavafx/event/Event;Ljavafx/event/EventDispatchChain;)Ljavafx/event/Event; javafx.base (44 bytes) @ 0x000002345d96e75c [0x000002345d96e500+0x000000000000025c]
J 2704 c1 com.sun.javafx.event.EventDispatchChainImpl.dispatchEvent(Ljavafx/event/Event;)Ljavafx/event/Event; javafx.base (101 bytes) @ 0x000002345d96b5fc [0x000002345d96b440+0x00000000000001bc]
J 2710 c1 com.sun.javafx.event.BasicEventDispatcher.dispatchEvent(Ljavafx/event/Event;Ljavafx/event/EventDispatchChain;)Ljavafx/event/Event; javafx.base (44 bytes) @ 0x000002345d96e75c [0x000002345d96e500+0x000000000000025c]
J 2704 c1 com.sun.javafx.event.EventDispatchChainImpl.dispatchEvent(Ljavafx/event/Event;)Ljavafx/event/Event; javafx.base (101 bytes) @ 0x000002345d96b5fc [0x000002345d96b440+0x00000000000001bc]
J 2710 c1 com.sun.javafx.event.BasicEventDispatcher.dispatchEvent(Ljavafx/event/Event;Ljavafx/event/EventDispatchChain;)Ljavafx/event/Event; javafx.base (44 bytes) @ 0x000002345d96e75c [0x000002345d96e500+0x000000000000025c]
J 2704 c1 com.sun.javafx.event.EventDispatchChainImpl.dispatchEvent(Ljavafx/event/Event;)Ljavafx/event/Event; javafx.base (101 bytes) @ 0x000002345d96b5fc [0x000002345d96b440+0x00000000000001bc]
j  com.sun.javafx.event.EventUtil.fireEventImpl(Ljavafx/event/EventDispatchChain;Ljavafx/event/EventTarget;Ljavafx/event/Event;)Ljavafx/event/Event;+10 javafx.base
j  com.sun.javafx.event.EventUtil.fireEvent(Ljavafx/event/EventTarget;Ljavafx/event/Event;)Ljavafx/event/Event;+46 javafx.base
j  javafx.event.Event.fireEvent(Ljavafx/event/EventTarget;Ljavafx/event/Event;)V+30 javafx.base
j  javafx.scene.Scene$MouseHandler.process(Ljavafx/scene/input/MouseEvent;Z)V+536 javafx.graphics
j  javafx.scene.Scene.processMouseEvent(Ljavafx/scene/input/MouseEvent;)V+6 javafx.graphics
j  javafx.scene.Scene$ScenePeerListener.mouseEvent(Ljavafx/event/EventType;DDDDLjavafx/scene/input/MouseButton;ZZZZZZZZZZZ)V+50 javafx.graphics
j  com.sun.javafx.tk.quantum.GlassViewEventHandler$MouseEventNotification.run()Ljava/lang/Void;+650 javafx.graphics
j  com.sun.javafx.tk.quantum.GlassViewEventHandler$MouseEventNotification.run()Ljava/lang/Object;+1 javafx.graphics
J 1029 c1 java.security.AccessController.executePrivileged(Ljava/security/PrivilegedAction;Ljava/security/AccessControlContext;Ljava/lang/Class;)Ljava/lang/Object; java.base@17.0.2 (65 bytes) @ 0x000002345d6148bc [0x000002345d614760+0x000000000000015c]
j  java.security.AccessController.doPrivileged(Ljava/security/PrivilegedAction;Ljava/security/AccessControlContext;)Ljava/lang/Object;+13 java.base@17.0.2
j  com.sun.javafx.tk.quantum.GlassViewEventHandler.lambda$handleMouseEvent$2()Ljava/lang/Void;+11 javafx.graphics
j  com.sun.javafx.tk.quantum.GlassViewEventHandler$$Lambda$510+0x0000000800e42210.get()Ljava/lang/Object;+4 javafx.graphics
j  com.sun.javafx.tk.quantum.QuantumToolkit.runWithoutRenderLock(Ljava/util/function/Supplier;)Ljava/lang/Object;+18 javafx.graphics
j  com.sun.javafx.tk.quantum.GlassViewEventHandler.handleMouseEvent(Lcom/sun/glass/ui/View;JIIIIIIIZZ)V+103 javafx.graphics
j  com.sun.glass.ui.View.handleMouseEvent(JIIIIIIIZZ)V+30 javafx.graphics
j  com.sun.glass.ui.View.notifyMouse(IIIIIIIZZ)V+181 javafx.graphics
v  ~StubRoutines::call_stub
j  com.sun.glass.ui.win.WinApplication._runLoop(Ljava/lang/Runnable;)V+0 javafx.graphics
j  com.sun.glass.ui.win.WinApplication.lambda$runLoop$3(ILjava/lang/Runnable;)V+8 javafx.graphics
j  com.sun.glass.ui.win.WinApplication$$Lambda$100+0x0000000800c2d438.run()V+12 javafx.graphics
j  java.lang.Thread.run()V+11 java.base@17.0.2
v  ~StubRoutines::call_stub

siginfo: EXCEPTION_ACCESS_VIOLATION (0xc0000005), reading address 0x0000000000000000


Register to memory mapping:

RIP=0x00007ffe7221bf00 jvm.dll
RAX=0x0 is NULL
RBX=0x0000023475535560 is a thread
RCX=0x0 is NULL
RDX=0x0 is NULL
RSP=0x00000092872fbbf8 is pointing into the stack for thread: 0x0000023475535560
RBP=0x000002347b571918 points into unknown readable memory: 0x00000000693b28e0 | e0 28 3b 69 00 00 00 00
RSI=0x0 is NULL
RDI=0x0 is NULL
R8 =0x0 is NULL
R9 =0x000000008855cd70 is an oop: org.sqlite.NativeDB 
{0x000000008855cd70} - klass: 'org/sqlite/NativeDB'
 - ---- fields (total size 7 words):
 - 'conn' 'Lorg/sqlite/Conn;' @12  a 'org/sqlite/Conn'{0x0000000088511be8} (88511be8)
 - 'begin' 'J' @16  2424430954008 (7b588618 234)
 - 'commit' 'J' @24  2424430965320 (7b58b248 234)
 - private final 'stmts' 'Ljava/util/Map;' @32  a 'java/util/HashMap'{0x000000008855cda8} (8855cda8)
 - 'pointer' 'J' @40  2424430860568 (7b571918 234)
 - private final 'udfdatalist' 'J' @48  0 (0 0)
R10=0x00007ffe72d14a00 jvm.dll
R11=0x0000000000000010 is an unknown value
R12=0x00000092872fbda0 is pointing into the stack for thread: 0x0000023475535560
R13=0x000002347bebdb70 is pointing into metadata
R14=0x0 is NULL
R15=0x0000023475535560 is a thread


Registers:
RAX=0x0000000000000000, RBX=0x0000023475535560, RCX=0x0000000000000000, RDX=0x0000000000000000
RSP=0x00000092872fbbf8, RBP=0x000002347b571918, RSI=0x0000000000000000, RDI=0x0000000000000000
R8 =0x0000000000000000, R9 =0x000000008855cd70, R10=0x00007ffe72d14a00, R11=0x0000000000000010
R12=0x00000092872fbda0, R13=0x000002347bebdb70, R14=0x0000000000000000, R15=0x0000023475535560
RIP=0x00007ffe7221bf00, EFLAGS=0x0000000000010246

Top of Stack: (sp=0x00000092872fbbf8)
0x00000092872fbbf8:   00007ffe725f25aa 00000092872fbbe9
0x00000092872fbc08:   0000000800000001 0000000000000000
0x00000092872fbc18:   0000000000000000 0000023475535560
0x00000092872fbc28:   0000000000000000 00000092872fbd40
0x00000092872fbc38:   0000000069341599 0000023475535560
0x00000092872fbc48:   00007ffe728dd209 0000000000000000
0x00000092872fbc58:   00007ffe7258f4d5 0000000000000000
0x00000092872fbc68:   0000000000000000 0000023475535808
0x00000092872fbc78:   0000000069342090 000002347b571918
0x00000092872fbc88:   00000092872fbda0 0000000800428900
0x00000092872fbc98:   0000000000000000 0000000088583cd8
0x00000092872fbca8:   0000023464b2ea54 00000092872fbdb8
0x00000092872fbcb8:   00000000886a23fc 000002347bebdb78
0x00000092872fbcc8:   0000000000000000 00000000886a23fc
0x00000092872fbcd8:   00000092872fbd78 0000000000000000
0x00000092872fbce8:   000002345cefe0c5 000002347becdb19 

Instructions: (pc=0x00007ffe7221bf00)
0x00007ffe7221be00:   1c f2 a6 00 48 83 c4 20 5b 48 ff e0 48 8d 05 ed
0x00007ffe7221be10:   00 00 00 48 8b cb 48 89 05 03 f2 a6 00 48 83 c4
0x00007ffe7221be20:   20 5b 48 ff e0 48 8d 05 d4 00 00 00 48 8b cb 48
0x00007ffe7221be30:   89 05 ea f1 a6 00 48 83 c4 20 5b 48 ff e0 48 8b
0x00007ffe7221be40:   0d cb e3 ac 00 8b 51 10 83 ea 01 0f 84 91 00 00
0x00007ffe7221be50:   00 83 ea 01 74 73 83 ea 01 74 55 83 fa 01 74 37
0x00007ffe7221be60:   4c 8d 0d d1 3c 82 00 41 b8 e9 00 00 00 48 8d 15
0x00007ffe7221be70:   fc 3c 82 00 b9 00 00 00 e0 e8 02 6a 23 00 e8 9d
0x00007ffe7221be80:   48 66 00 33 c0 48 8b cb 48 89 05 91 f1 a6 00 48
0x00007ffe7221be90:   83 c4 20 5b 48 ff e0 48 8d 05 72 00 00 00 48 8b
0x00007ffe7221bea0:   cb 48 89 05 78 f1 a6 00 48 83 c4 20 5b 48 ff e0
0x00007ffe7221beb0:   48 8d 05 49 00 00 00 48 8b cb 48 89 05 5f f1 a6
0x00007ffe7221bec0:   00 48 83 c4 20 5b 48 ff e0 48 8d 05 30 00 00 00
0x00007ffe7221bed0:   48 8b cb 48 89 05 46 f1 a6 00 48 83 c4 20 5b 48
0x00007ffe7221bee0:   ff e0 48 8d 05 17 00 00 00 48 8b cb 48 89 05 2d
0x00007ffe7221bef0:   f1 a6 00 48 83 c4 20 5b 48 ff e0 cc cc cc cc cc
0x00007ffe7221bf00:   48 8b 01 c3 cc cc cc cc cc cc cc cc cc cc cc cc
0x00007ffe7221bf10:   48 89 5c 24 08 57 48 83 ec 20 48 8b 39 48 8b d9
0x00007ffe7221bf20:   48 85 3d e1 bf b1 00 75 0e 48 8b c7 48 8b 5c 24
0x00007ffe7221bf30:   30 48 83 c4 20 5f c3 48 8b cf e8 11 53 7f 00 48
0x00007ffe7221bf40:   8b d0 48 85 c0 74 20 48 8b c7 f0 48 0f b1 13 74
0x00007ffe7221bf50:   16 48 85 05 b0 bf b1 00 74 0d 48 8b c8 f0 48 0f
0x00007ffe7221bf60:   b1 13 48 3b c1 75 ea 48 8b 5c 24 30 48 8b c2 48
0x00007ffe7221bf70:   83 c4 20 5f c3 cc cc cc cc cc cc cc cc cc cc cc
0x00007ffe7221bf80:   8b 44 24 30 45 03 c9 44 2b 4c 24 28 83 c0 0b 44
0x00007ffe7221bf90:   03 ca 45 03 c8 41 03 c1 c3 cc cc cc cc cc cc cc
0x00007ffe7221bfa0:   48 8b 41 08 0f b7 48 2a 0f b7 40 28 83 c0 48 03
0x00007ffe7221bfb0:   c1 c3 cc cc cc cc cc cc cc cc cc cc cc cc cc cc
0x00007ffe7221bfc0:   48 89 5c 24 08 57 48 83 ec 20 0f b6 05 1f c7 b1
0x00007ffe7221bfd0:   00 48 8b fa 48 8b d9 84 c0 74 4f 48 85 15 26 bf
0x00007ffe7221bfe0:   b1 00 74 38 48 8b ca e8 74 55 7f 00 48 8b d0 48
0x00007ffe7221bff0:   85 db 74 25 48 85 c0 74 20 48 8b c7 f0 48 0f b1 


Stack slot to memory mapping:
stack at sp + 0 slots: 0x00007ffe725f25aa jvm.dll
stack at sp + 1 slots: 0x00000092872fbbe9 is pointing into the stack for thread: 0x0000023475535560
stack at sp + 2 slots: 0x0000000800000001 is pointing into metadata
stack at sp + 3 slots: 0x0 is NULL
stack at sp + 4 slots: 0x0 is NULL
stack at sp + 5 slots: 0x0000023475535560 is a thread
stack at sp + 6 slots: 0x0 is NULL
stack at sp + 7 slots: 0x00000092872fbd40 is pointing into the stack for thread: 0x0000023475535560


---------------  P R O C E S S  ---------------

Threads class SMR info:
_java_thread_list=0x00000234743447e0, length=21, elements={
0x00000234556a7ce0, 0x00000234736c5480, 0x00000234736c6200, 0x00000234736d9c10,
0x00000234736dc9e0, 0x00000234736dd2a0, 0x00000234736e1390, 0x00000234736e5480,
0x00000234736ee650, 0x00000234736f9760, 0x00000234736b0270, 0x0000023474237c20,
0x00000234757ab020, 0x000002347584dca0, 0x000002347640c850, 0x0000023475535560,
0x0000023475f424e0, 0x00000234751688a0, 0x0000023476198430, 0x00000234556952a0,
0x00000234741bc0b0
}

Java Threads: ( => current thread )
  0x00000234556a7ce0 JavaThread "main" [_thread_blocked, id=2600, stack(0x0000009285800000,0x0000009285900000)]
  0x00000234736c5480 JavaThread "Reference Handler" daemon [_thread_blocked, id=16588, stack(0x0000009285f00000,0x0000009286000000)]
  0x00000234736c6200 JavaThread "Finalizer" daemon [_thread_blocked, id=948, stack(0x0000009286000000,0x0000009286100000)]
  0x00000234736d9c10 JavaThread "Signal Dispatcher" daemon [_thread_blocked, id=18252, stack(0x0000009286100000,0x0000009286200000)]
  0x00000234736dc9e0 JavaThread "Attach Listener" daemon [_thread_blocked, id=5288, stack(0x0000009286200000,0x0000009286300000)]
  0x00000234736dd2a0 JavaThread "Service Thread" daemon [_thread_blocked, id=17840, stack(0x0000009286300000,0x0000009286400000)]
  0x00000234736e1390 JavaThread "Monitor Deflation Thread" daemon [_thread_blocked, id=15576, stack(0x0000009286400000,0x0000009286500000)]
  0x00000234736e5480 JavaThread "C2 CompilerThread0" daemon [_thread_blocked, id=14516, stack(0x0000009286500000,0x0000009286600000)]
  0x00000234736ee650 JavaThread "C1 CompilerThread0" daemon [_thread_blocked, id=8932, stack(0x0000009286600000,0x0000009286700000)]
  0x00000234736f9760 JavaThread "Sweeper thread" daemon [_thread_blocked, id=11512, stack(0x0000009286700000,0x0000009286800000)]
  0x00000234736b0270 JavaThread "Common-Cleaner" daemon [_thread_blocked, id=4648, stack(0x0000009286800000,0x0000009286900000)]
  0x0000023474237c20 JavaThread "Monitor Ctrl-Break" daemon [_thread_in_native, id=4200, stack(0x0000009286d00000,0x0000009286e00000)]
  0x00000234757ab020 JavaThread "Notification Thread" daemon [_thread_blocked, id=17092, stack(0x0000009286e00000,0x0000009286f00000)]
  0x000002347584dca0 JavaThread "QuantumRenderer-0" daemon [_thread_blocked, id=2808, stack(0x0000009287000000,0x0000009287100000)]
  0x000002347640c850 JavaThread "InvokeLaterDispatcher" daemon [_thread_blocked, id=11992, stack(0x0000009287100000,0x0000009287200000)]
=>0x0000023475535560 JavaThread "JavaFX Application Thread" [_thread_in_vm, id=16672, stack(0x0000009287200000,0x0000009287300000)]
  0x0000023475f424e0 JavaThread "JavaFX-Launcher" [_thread_blocked, id=4548, stack(0x0000009287700000,0x0000009287800000)]
  0x00000234751688a0 JavaThread "Thread-2" daemon [_thread_in_native, id=6044, stack(0x0000009287600000,0x0000009287700000)]
  0x0000023476198430 JavaThread "Prism Font Disposer" daemon [_thread_blocked, id=15652, stack(0x0000009288100000,0x0000009288200000)]
  0x00000234556952a0 JavaThread "Cleaner-0" daemon [_thread_blocked, id=14468, stack(0x0000009288300000,0x0000009288400000)]
  0x00000234741bc0b0 JavaThread "mysql-cj-abandoned-connection-cleanup" daemon [_thread_blocked, id=10512, stack(0x0000009286900000,0x0000009286a00000)]

Other Threads:
  0x00000234736c0970 VMThread "VM Thread" [stack: 0x0000009285e00000,0x0000009285f00000] [id=7804]
  0x000002345570b290 WatcherThread [stack: 0x0000009286f00000,0x0000009287000000] [id=8136]
  0x00000234556e73e0 GCTaskThread "GC Thread#0" [stack: 0x0000009285900000,0x0000009285a00000] [id=13812]
  0x0000023474bbd230 GCTaskThread "GC Thread#1" [stack: 0x0000009286b00000,0x0000009286c00000] [id=17696]
  0x0000023475122530 GCTaskThread "GC Thread#2" [stack: 0x0000009286c00000,0x0000009286d00000] [id=7372]
  0x0000023475d32aa0 GCTaskThread "GC Thread#3" [stack: 0x0000009287800000,0x0000009287900000] [id=4380]
  0x00000234763cc430 GCTaskThread "GC Thread#4" [stack: 0x0000009287900000,0x0000009287a00000] [id=16184]
  0x00000234763cc6e0 GCTaskThread "GC Thread#5" [stack: 0x0000009287a00000,0x0000009287b00000] [id=15164]
  0x0000023474bf5bb0 GCTaskThread "GC Thread#6" [stack: 0x0000009287b00000,0x0000009287c00000] [id=9764]
  0x0000023475f3d9d0 GCTaskThread "GC Thread#7" [stack: 0x0000009287c00000,0x0000009287d00000] [id=5576]
  0x00000234556f91c0 ConcurrentGCThread "G1 Main Marker" [stack: 0x0000009285a00000,0x0000009285b00000] [id=11884]
  0x00000234556fa280 ConcurrentGCThread "G1 Conc#0" [stack: 0x0000009285b00000,0x0000009285c00000] [id=12572]
  0x0000023455774360 ConcurrentGCThread "G1 Refine#0" [stack: 0x0000009285c00000,0x0000009285d00000] [id=13516]
  0x0000023475fe8d40 ConcurrentGCThread "G1 Refine#1" [stack: 0x0000009287d00000,0x0000009287e00000] [id=5412]
  0x0000023455774c90 ConcurrentGCThread "G1 Service" [stack: 0x0000009285d00000,0x0000009285e00000] [id=8280]

Threads with active compile tasks:

VM state: not at safepoint (normal execution)

VM Mutex/Monitor currently owned by a thread: None

Heap address: 0x0000000082400000, size: 2012 MB, Compressed Oops mode: 32-bit

CDS archive(s) mapped at: [0x0000000800000000-0x0000000800bc0000-0x0000000800bc0000), size 12320768, SharedBaseAddress: 0x0000000800000000, ArchiveRelocationMode: 0.
Compressed class space mapped at: 0x0000000800c00000-0x0000000840c00000, reserved size: 1073741824
Narrow klass base: 0x0000000800000000, Narrow klass shift: 0, Narrow klass range: 0x100000000

GC Precious Log:
 CPUs: 8 total, 8 available
 Memory: 8043M
 Large Page Support: Disabled
 NUMA Support: Disabled
 Compressed Oops: Enabled (32-bit)
 Heap Region Size: 1M
 Heap Min Capacity: 8M
 Heap Initial Capacity: 126M
 Heap Max Capacity: 2012M
 Pre-touch: Disabled
 Parallel Workers: 8
 Concurrent Workers: 2
 Concurrent Refinement Workers: 8
 Periodic GC: Disabled

Heap:
 garbage-first heap   total 129024K, used 42730K [0x0000000082400000, 0x0000000100000000)
  region size 1024K, 34 young (34816K), 5 survivors (5120K)
 Metaspace       used 16691K, committed 16960K, reserved 1064960K
  class space    used 2356K, committed 2496K, reserved 1048576K

Heap Regions: E=young(eden), S=young(survivor), O=old, HS=humongous(starts), HC=humongous(continues), CS=collection set, F=free, OA=open archive, CA=closed archive, TAMS=top-at-mark-start (previous, next)
|   0|0x0000000082400000, 0x0000000082500000, 0x0000000082500000|100%|HS|  |TAMS 0x0000000082400000, 0x0000000082400000| Complete 
|   1|0x0000000082500000, 0x0000000082600000, 0x0000000082600000|100%| O|  |TAMS 0x0000000082500000, 0x0000000082500000| Untracked 
|   2|0x0000000082600000, 0x0000000082700000, 0x0000000082700000|100%|HS|  |TAMS 0x0000000082600000, 0x0000000082600000| Complete 
|   3|0x0000000082700000, 0x0000000082800000, 0x0000000082800000|100%| O|  |TAMS 0x0000000082700000, 0x0000000082700000| Untracked 
|   4|0x0000000082800000, 0x0000000082900000, 0x0000000082900000|100%| O|  |TAMS 0x0000000082800000, 0x0000000082800000| Untracked 
|   5|0x0000000082900000, 0x0000000082a00000, 0x0000000082a00000|100%| O|  |TAMS 0x0000000082900000, 0x0000000082900000| Untracked 
|   6|0x0000000082a00000, 0x0000000082aba800, 0x0000000082b00000| 72%| O|  |TAMS 0x0000000082a00000, 0x0000000082a00000| Untracked 
|   7|0x0000000082b00000, 0x0000000082c00000, 0x0000000082c00000|100%|HS|  |TAMS 0x0000000082b00000, 0x0000000082b00000| Complete 
|   8|0x0000000082c00000, 0x0000000082d00000, 0x0000000082d00000|100%|HC|  |TAMS 0x0000000082c00000, 0x0000000082c00000| Complete 
|   9|0x0000000082d00000, 0x0000000082d00000, 0x0000000082e00000|  0%| F|  |TAMS 0x0000000082d00000, 0x0000000082d00000| Untracked 
|  10|0x0000000082e00000, 0x0000000082e00000, 0x0000000082f00000|  0%| F|  |TAMS 0x0000000082e00000, 0x0000000082e00000| Untracked 
|  11|0x0000000082f00000, 0x0000000082f00000, 0x0000000083000000|  0%| F|  |TAMS 0x0000000082f00000, 0x0000000082f00000| Untracked 
|  12|0x0000000083000000, 0x0000000083000000, 0x0000000083100000|  0%| F|  |TAMS 0x0000000083000000, 0x0000000083000000| Untracked 
|  13|0x0000000083100000, 0x0000000083100000, 0x0000000083200000|  0%| F|  |TAMS 0x0000000083100000, 0x0000000083100000| Untracked 
|  14|0x0000000083200000, 0x0000000083200000, 0x0000000083300000|  0%| F|  |TAMS 0x0000000083200000, 0x0000000083200000| Untracked 
|  15|0x0000000083300000, 0x0000000083300000, 0x0000000083400000|  0%| F|  |TAMS 0x0000000083300000, 0x0000000083300000| Untracked 
|  16|0x0000000083400000, 0x0000000083400000, 0x0000000083500000|  0%| F|  |TAMS 0x0000000083400000, 0x0000000083400000| Untracked 
|  17|0x0000000083500000, 0x0000000083500000, 0x0000000083600000|  0%| F|  |TAMS 0x0000000083500000, 0x0000000083500000| Untracked 
|  18|0x0000000083600000, 0x0000000083600000, 0x0000000083700000|  0%| F|  |TAMS 0x0000000083600000, 0x0000000083600000| Untracked 
|  19|0x0000000083700000, 0x0000000083700000, 0x0000000083800000|  0%| F|  |TAMS 0x0000000083700000, 0x0000000083700000| Untracked 
|  20|0x0000000083800000, 0x0000000083800000, 0x0000000083900000|  0%| F|  |TAMS 0x0000000083800000, 0x0000000083800000| Untracked 
|  21|0x0000000083900000, 0x0000000083900000, 0x0000000083a00000|  0%| F|  |TAMS 0x0000000083900000, 0x0000000083900000| Untracked 
|  22|0x0000000083a00000, 0x0000000083a00000, 0x0000000083b00000|  0%| F|  |TAMS 0x0000000083a00000, 0x0000000083a00000| Untracked 
|  23|0x0000000083b00000, 0x0000000083b00000, 0x0000000083c00000|  0%| F|  |TAMS 0x0000000083b00000, 0x0000000083b00000| Untracked 
|  24|0x0000000083c00000, 0x0000000083c00000, 0x0000000083d00000|  0%| F|  |TAMS 0x0000000083c00000, 0x0000000083c00000| Untracked 
|  25|0x0000000083d00000, 0x0000000083d00000, 0x0000000083e00000|  0%| F|  |TAMS 0x0000000083d00000, 0x0000000083d00000| Untracked 
|  26|0x0000000083e00000, 0x0000000083e00000, 0x0000000083f00000|  0%| F|  |TAMS 0x0000000083e00000, 0x0000000083e00000| Untracked 
|  27|0x0000000083f00000, 0x0000000083f00000, 0x0000000084000000|  0%| F|  |TAMS 0x0000000083f00000, 0x0000000083f00000| Untracked 
|  28|0x0000000084000000, 0x0000000084000000, 0x0000000084100000|  0%| F|  |TAMS 0x0000000084000000, 0x0000000084000000| Untracked 
|  29|0x0000000084100000, 0x0000000084100000, 0x0000000084200000|  0%| F|  |TAMS 0x0000000084100000, 0x0000000084100000| Untracked 
|  30|0x0000000084200000, 0x0000000084200000, 0x0000000084300000|  0%| F|  |TAMS 0x0000000084200000, 0x0000000084200000| Untracked 
|  31|0x0000000084300000, 0x0000000084300000, 0x0000000084400000|  0%| F|  |TAMS 0x0000000084300000, 0x0000000084300000| Untracked 
|  32|0x0000000084400000, 0x0000000084400000, 0x0000000084500000|  0%| F|  |TAMS 0x0000000084400000, 0x0000000084400000| Untracked 
|  33|0x0000000084500000, 0x0000000084500000, 0x0000000084600000|  0%| F|  |TAMS 0x0000000084500000, 0x0000000084500000| Untracked 
|  34|0x0000000084600000, 0x0000000084600000, 0x0000000084700000|  0%| F|  |TAMS 0x0000000084600000, 0x0000000084600000| Untracked 
|  35|0x0000000084700000, 0x0000000084700000, 0x0000000084800000|  0%| F|  |TAMS 0x0000000084700000, 0x0000000084700000| Untracked 
|  36|0x0000000084800000, 0x0000000084800000, 0x0000000084900000|  0%| F|  |TAMS 0x0000000084800000, 0x0000000084800000| Untracked 
|  37|0x0000000084900000, 0x0000000084900000, 0x0000000084a00000|  0%| F|  |TAMS 0x0000000084900000, 0x0000000084900000| Untracked 
|  38|0x0000000084a00000, 0x0000000084a00000, 0x0000000084b00000|  0%| F|  |TAMS 0x0000000084a00000, 0x0000000084a00000| Untracked 
|  39|0x0000000084b00000, 0x0000000084b00000, 0x0000000084c00000|  0%| F|  |TAMS 0x0000000084b00000, 0x0000000084b00000| Untracked 
|  40|0x0000000084c00000, 0x0000000084c00000, 0x0000000084d00000|  0%| F|  |TAMS 0x0000000084c00000, 0x0000000084c00000| Untracked 
|  41|0x0000000084d00000, 0x0000000084d00000, 0x0000000084e00000|  0%| F|  |TAMS 0x0000000084d00000, 0x0000000084d00000| Untracked 
|  42|0x0000000084e00000, 0x0000000084e00000, 0x0000000084f00000|  0%| F|  |TAMS 0x0000000084e00000, 0x0000000084e00000| Untracked 
|  43|0x0000000084f00000, 0x0000000084f00000, 0x0000000085000000|  0%| F|  |TAMS 0x0000000084f00000, 0x0000000084f00000| Untracked 
|  44|0x0000000085000000, 0x0000000085000000, 0x0000000085100000|  0%| F|  |TAMS 0x0000000085000000, 0x0000000085000000| Untracked 
|  45|0x0000000085100000, 0x0000000085100000, 0x0000000085200000|  0%| F|  |TAMS 0x0000000085100000, 0x0000000085100000| Untracked 
|  46|0x0000000085200000, 0x0000000085200000, 0x0000000085300000|  0%| F|  |TAMS 0x0000000085200000, 0x0000000085200000| Untracked 
|  47|0x0000000085300000, 0x0000000085300000, 0x0000000085400000|  0%| F|  |TAMS 0x0000000085300000, 0x0000000085300000| Untracked 
|  48|0x0000000085400000, 0x0000000085400000, 0x0000000085500000|  0%| F|  |TAMS 0x0000000085400000, 0x0000000085400000| Untracked 
|  49|0x0000000085500000, 0x0000000085500000, 0x0000000085600000|  0%| F|  |TAMS 0x0000000085500000, 0x0000000085500000| Untracked 
|  50|0x0000000085600000, 0x0000000085600000, 0x0000000085700000|  0%| F|  |TAMS 0x0000000085600000, 0x0000000085600000| Untracked 
|  51|0x0000000085700000, 0x0000000085700000, 0x0000000085800000|  0%| F|  |TAMS 0x0000000085700000, 0x0000000085700000| Untracked 
|  52|0x0000000085800000, 0x0000000085800000, 0x0000000085900000|  0%| F|  |TAMS 0x0000000085800000, 0x0000000085800000| Untracked 
|  53|0x0000000085900000, 0x0000000085900000, 0x0000000085a00000|  0%| F|  |TAMS 0x0000000085900000, 0x0000000085900000| Untracked 
|  54|0x0000000085a00000, 0x0000000085a00000, 0x0000000085b00000|  0%| F|  |TAMS 0x0000000085a00000, 0x0000000085a00000| Untracked 
|  55|0x0000000085b00000, 0x0000000085b00000, 0x0000000085c00000|  0%| F|  |TAMS 0x0000000085b00000, 0x0000000085b00000| Untracked 
|  56|0x0000000085c00000, 0x0000000085c00000, 0x0000000085d00000|  0%| F|  |TAMS 0x0000000085c00000, 0x0000000085c00000| Untracked 
|  57|0x0000000085d00000, 0x0000000085d00000, 0x0000000085e00000|  0%| F|  |TAMS 0x0000000085d00000, 0x0000000085d00000| Untracked 
|  58|0x0000000085e00000, 0x0000000085e00000, 0x0000000085f00000|  0%| F|  |TAMS 0x0000000085e00000, 0x0000000085e00000| Untracked 
|  59|0x0000000085f00000, 0x0000000085f00000, 0x0000000086000000|  0%| F|  |TAMS 0x0000000085f00000, 0x0000000085f00000| Untracked 
|  60|0x0000000086000000, 0x0000000086000000, 0x0000000086100000|  0%| F|  |TAMS 0x0000000086000000, 0x0000000086000000| Untracked 
|  61|0x0000000086100000, 0x0000000086100000, 0x0000000086200000|  0%| F|  |TAMS 0x0000000086100000, 0x0000000086100000| Untracked 
|  62|0x0000000086200000, 0x0000000086200000, 0x0000000086300000|  0%| F|  |TAMS 0x0000000086200000, 0x0000000086200000| Untracked 
|  63|0x0000000086300000, 0x0000000086300000, 0x0000000086400000|  0%| F|  |TAMS 0x0000000086300000, 0x0000000086300000| Untracked 
|  64|0x0000000086400000, 0x0000000086400000, 0x0000000086500000|  0%| F|  |TAMS 0x0000000086400000, 0x0000000086400000| Untracked 
|  65|0x0000000086500000, 0x0000000086500000, 0x0000000086600000|  0%| F|  |TAMS 0x0000000086500000, 0x0000000086500000| Untracked 
|  66|0x0000000086600000, 0x0000000086600000, 0x0000000086700000|  0%| F|  |TAMS 0x0000000086600000, 0x0000000086600000| Untracked 
|  67|0x0000000086700000, 0x0000000086700000, 0x0000000086800000|  0%| F|  |TAMS 0x0000000086700000, 0x0000000086700000| Untracked 
|  68|0x0000000086800000, 0x0000000086800000, 0x0000000086900000|  0%| F|  |TAMS 0x0000000086800000, 0x0000000086800000| Untracked 
|  69|0x0000000086900000, 0x0000000086900000, 0x0000000086a00000|  0%| F|  |TAMS 0x0000000086900000, 0x0000000086900000| Untracked 
|  70|0x0000000086a00000, 0x0000000086a00000, 0x0000000086b00000|  0%| F|  |TAMS 0x0000000086a00000, 0x0000000086a00000| Untracked 
|  71|0x0000000086b00000, 0x0000000086b00000, 0x0000000086c00000|  0%| F|  |TAMS 0x0000000086b00000, 0x0000000086b00000| Untracked 
|  72|0x0000000086c00000, 0x0000000086c00000, 0x0000000086d00000|  0%| F|  |TAMS 0x0000000086c00000, 0x0000000086c00000| Untracked 
|  73|0x0000000086d00000, 0x0000000086d00000, 0x0000000086e00000|  0%| F|  |TAMS 0x0000000086d00000, 0x0000000086d00000| Untracked 
|  74|0x0000000086e00000, 0x0000000086e00000, 0x0000000086f00000|  0%| F|  |TAMS 0x0000000086e00000, 0x0000000086e00000| Untracked 
|  75|0x0000000086f00000, 0x0000000086f00000, 0x0000000087000000|  0%| F|  |TAMS 0x0000000086f00000, 0x0000000086f00000| Untracked 
|  76|0x0000000087000000, 0x0000000087000000, 0x0000000087100000|  0%| F|  |TAMS 0x0000000087000000, 0x0000000087000000| Untracked 
|  77|0x0000000087100000, 0x0000000087100000, 0x0000000087200000|  0%| F|  |TAMS 0x0000000087100000, 0x0000000087100000| Untracked 
|  78|0x0000000087200000, 0x0000000087200000, 0x0000000087300000|  0%| F|  |TAMS 0x0000000087200000, 0x0000000087200000| Untracked 
|  79|0x0000000087300000, 0x0000000087300000, 0x0000000087400000|  0%| F|  |TAMS 0x0000000087300000, 0x0000000087300000| Untracked 
|  80|0x0000000087400000, 0x0000000087400000, 0x0000000087500000|  0%| F|  |TAMS 0x0000000087400000, 0x0000000087400000| Untracked 
|  81|0x0000000087500000, 0x0000000087500000, 0x0000000087600000|  0%| F|  |TAMS 0x0000000087500000, 0x0000000087500000| Untracked 
|  82|0x0000000087600000, 0x0000000087600000, 0x0000000087700000|  0%| F|  |TAMS 0x0000000087600000, 0x0000000087600000| Untracked 
|  83|0x0000000087700000, 0x0000000087700000, 0x0000000087800000|  0%| F|  |TAMS 0x0000000087700000, 0x0000000087700000| Untracked 
|  84|0x0000000087800000, 0x0000000087900000, 0x0000000087900000|100%| S|CS|TAMS 0x0000000087800000, 0x0000000087800000| Complete 
|  85|0x0000000087900000, 0x0000000087a00000, 0x0000000087a00000|100%| S|CS|TAMS 0x0000000087900000, 0x0000000087900000| Complete 
|  86|0x0000000087a00000, 0x0000000087b00000, 0x0000000087b00000|100%| S|CS|TAMS 0x0000000087a00000, 0x0000000087a00000| Complete 
|  87|0x0000000087b00000, 0x0000000087c00000, 0x0000000087c00000|100%| S|CS|TAMS 0x0000000087b00000, 0x0000000087b00000| Complete 
|  88|0x0000000087c00000, 0x0000000087d00000, 0x0000000087d00000|100%| S|CS|TAMS 0x0000000087c00000, 0x0000000087c00000| Complete 
|  89|0x0000000087d00000, 0x0000000087d00000, 0x0000000087e00000|  0%| F|  |TAMS 0x0000000087d00000, 0x0000000087d00000| Untracked 
|  90|0x0000000087e00000, 0x0000000087e00000, 0x0000000087f00000|  0%| F|  |TAMS 0x0000000087e00000, 0x0000000087e00000| Untracked 
|  91|0x0000000087f00000, 0x0000000087f00000, 0x0000000088000000|  0%| F|  |TAMS 0x0000000087f00000, 0x0000000087f00000| Untracked 
|  92|0x0000000088000000, 0x0000000088000000, 0x0000000088100000|  0%| F|  |TAMS 0x0000000088000000, 0x0000000088000000| Untracked 
|  93|0x0000000088100000, 0x0000000088100000, 0x0000000088200000|  0%| F|  |TAMS 0x0000000088100000, 0x0000000088100000| Untracked 
|  94|0x0000000088200000, 0x0000000088200000, 0x0000000088300000|  0%| F|  |TAMS 0x0000000088200000, 0x0000000088200000| Untracked 
|  95|0x0000000088300000, 0x0000000088300000, 0x0000000088400000|  0%| F|  |TAMS 0x0000000088300000, 0x0000000088300000| Untracked 
|  96|0x0000000088400000, 0x0000000088400000, 0x0000000088500000|  0%| F|  |TAMS 0x0000000088400000, 0x0000000088400000| Untracked 
|  97|0x0000000088500000, 0x0000000088600000, 0x0000000088600000|100%| E|  |TAMS 0x0000000088500000, 0x0000000088500000| Complete 
|  98|0x0000000088600000, 0x0000000088700000, 0x0000000088700000|100%| E|CS|TAMS 0x0000000088600000, 0x0000000088600000| Complete 
|  99|0x0000000088700000, 0x0000000088800000, 0x0000000088800000|100%| E|CS|TAMS 0x0000000088700000, 0x0000000088700000| Complete 
| 100|0x0000000088800000, 0x0000000088900000, 0x0000000088900000|100%| E|CS|TAMS 0x0000000088800000, 0x0000000088800000| Complete 
| 101|0x0000000088900000, 0x0000000088a00000, 0x0000000088a00000|100%| E|CS|TAMS 0x0000000088900000, 0x0000000088900000| Complete 
| 102|0x0000000088a00000, 0x0000000088b00000, 0x0000000088b00000|100%| E|CS|TAMS 0x0000000088a00000, 0x0000000088a00000| Complete 
| 103|0x0000000088b00000, 0x0000000088c00000, 0x0000000088c00000|100%| E|CS|TAMS 0x0000000088b00000, 0x0000000088b00000| Complete 
| 104|0x0000000088c00000, 0x0000000088d00000, 0x0000000088d00000|100%| E|CS|TAMS 0x0000000088c00000, 0x0000000088c00000| Complete 
| 105|0x0000000088d00000, 0x0000000088e00000, 0x0000000088e00000|100%| E|CS|TAMS 0x0000000088d00000, 0x0000000088d00000| Complete 
| 106|0x0000000088e00000, 0x0000000088f00000, 0x0000000088f00000|100%| E|CS|TAMS 0x0000000088e00000, 0x0000000088e00000| Complete 
| 107|0x0000000088f00000, 0x0000000089000000, 0x0000000089000000|100%| E|CS|TAMS 0x0000000088f00000, 0x0000000088f00000| Complete 
| 108|0x0000000089000000, 0x0000000089100000, 0x0000000089100000|100%| E|CS|TAMS 0x0000000089000000, 0x0000000089000000| Complete 
| 109|0x0000000089100000, 0x0000000089200000, 0x0000000089200000|100%| E|CS|TAMS 0x0000000089100000, 0x0000000089100000| Complete 
| 110|0x0000000089200000, 0x0000000089300000, 0x0000000089300000|100%| E|CS|TAMS 0x0000000089200000, 0x0000000089200000| Complete 
| 111|0x0000000089300000, 0x0000000089400000, 0x0000000089400000|100%| E|CS|TAMS 0x0000000089300000, 0x0000000089300000| Complete 
| 112|0x0000000089400000, 0x0000000089500000, 0x0000000089500000|100%| E|CS|TAMS 0x0000000089400000, 0x0000000089400000| Complete 
| 113|0x0000000089500000, 0x0000000089600000, 0x0000000089600000|100%| E|CS|TAMS 0x0000000089500000, 0x0000000089500000| Complete 
| 114|0x0000000089600000, 0x0000000089700000, 0x0000000089700000|100%| E|CS|TAMS 0x0000000089600000, 0x0000000089600000| Complete 
| 115|0x0000000089700000, 0x0000000089800000, 0x0000000089800000|100%| E|CS|TAMS 0x0000000089700000, 0x0000000089700000| Complete 
| 116|0x0000000089800000, 0x0000000089900000, 0x0000000089900000|100%| E|CS|TAMS 0x0000000089800000, 0x0000000089800000| Complete 
| 117|0x0000000089900000, 0x0000000089a00000, 0x0000000089a00000|100%| E|CS|TAMS 0x0000000089900000, 0x0000000089900000| Complete 
| 118|0x0000000089a00000, 0x0000000089b00000, 0x0000000089b00000|100%| E|CS|TAMS 0x0000000089a00000, 0x0000000089a00000| Complete 
| 119|0x0000000089b00000, 0x0000000089c00000, 0x0000000089c00000|100%| E|CS|TAMS 0x0000000089b00000, 0x0000000089b00000| Complete 
| 120|0x0000000089c00000, 0x0000000089d00000, 0x0000000089d00000|100%| E|CS|TAMS 0x0000000089c00000, 0x0000000089c00000| Complete 
| 121|0x0000000089d00000, 0x0000000089e00000, 0x0000000089e00000|100%| E|CS|TAMS 0x0000000089d00000, 0x0000000089d00000| Complete 
| 122|0x0000000089e00000, 0x0000000089f00000, 0x0000000089f00000|100%| E|CS|TAMS 0x0000000089e00000, 0x0000000089e00000| Complete 
| 123|0x0000000089f00000, 0x000000008a000000, 0x000000008a000000|100%| E|CS|TAMS 0x0000000089f00000, 0x0000000089f00000| Complete 
| 124|0x000000008a000000, 0x000000008a100000, 0x000000008a100000|100%| E|CS|TAMS 0x000000008a000000, 0x000000008a000000| Complete 
| 125|0x000000008a100000, 0x000000008a200000, 0x000000008a200000|100%| E|CS|TAMS 0x000000008a100000, 0x000000008a100000| Complete 

Card table byte_map: [0x000002346c610000,0x000002346ca00000] _byte_map_base: 0x000002346c1fe000

Marking Bits (Prev, Next): (CMBitMap*) 0x00000234556e8d10, (CMBitMap*) 0x00000234556e8d50
 Prev Bits: [0x000002346cdf0000, 0x000002346ed60000)
 Next Bits: [0x000002346ed60000, 0x0000023470cd0000)

Polling page: 0x0000023454e80000

Metaspace:

Usage:
  Non-class:     14.00 MB used.
      Class:      2.30 MB used.
       Both:     16.30 MB used.

Virtual space:
  Non-class space:       16.00 MB reserved,      14.12 MB ( 88%) committed,  2 nodes.
      Class space:        1.00 GB reserved,       2.44 MB ( <1%) committed,  1 nodes.
             Both:        1.02 GB reserved,      16.56 MB (  2%) committed. 

Chunk freelists:
   Non-Class:  1.11 MB
       Class:  1.55 MB
        Both:  2.66 MB

MaxMetaspaceSize: unlimited
CompressedClassSpaceSize: 1.00 GB
Initial GC threshold: 21.00 MB
Current GC threshold: 21.00 MB
CDS: on
MetaspaceReclaimPolicy: balanced
 - commit_granule_bytes: 65536.
 - commit_granule_words: 8192.
 - virtual_space_node_default_size: 1048576.
 - enlarge_chunks_in_place: 1.
 - new_chunks_are_fully_committed: 0.
 - uncommit_free_chunks: 1.
 - use_allocation_guard: 0.
 - handle_deallocations: 1.


Internal statistics:

num_allocs_failed_limit: 0.
num_arena_births: 214.
num_arena_deaths: 0.
num_vsnodes_births: 3.
num_vsnodes_deaths: 0.
num_space_committed: 265.
num_space_uncommitted: 0.
num_chunks_returned_to_freelist: 0.
num_chunks_taken_from_freelist: 743.
num_chunk_merges: 0.
num_chunk_splits: 524.
num_chunks_enlarged: 404.
num_purges: 0.
num_inconsistent_stats: 0.

CodeHeap 'non-profiled nmethods': size=120000Kb used=1495Kb max_used=1495Kb free=118504Kb
 bounds [0x00000234649c0000, 0x0000023464c30000, 0x000002346bef0000]
CodeHeap 'profiled nmethods': size=120000Kb used=5219Kb max_used=5219Kb free=114780Kb
 bounds [0x000002345d490000, 0x000002345d9b0000, 0x00000234649c0000]
CodeHeap 'non-nmethods': size=5760Kb used=1426Kb max_used=1560Kb free=4334Kb
 bounds [0x000002345cef0000, 0x000002345d160000, 0x000002345d490000]
 total_blobs=3640 nmethods=2849 adapters=702
 compilation: enabled
              stopped_count=0, restarted_count=0
 full_count=0

Compilation events (20 events):
Event: 12.174 Thread 0x00000234736e5480 2853       4       java.security.DigestInputStream::read (31 bytes)
Event: 12.175 Thread 0x00000234736ee650 2855 % !   3       org.sqlite.SQLiteJDBCLoader::md5sum @ 25 (104 bytes)
Event: 12.176 Thread 0x00000234736ee650 nmethod 2855% 0x000002345d9a1990 code [0x000002345d9a1d00, 0x000002345d9a3668]
Event: 12.176 Thread 0x00000234736ee650 2856   !   3       org.sqlite.SQLiteJDBCLoader::md5sum (104 bytes)
Event: 12.176 Thread 0x00000234736ee650 nmethod 2856 0x000002345d9a4290 code [0x000002345d9a4600, 0x000002345d9a5c08]
Event: 12.179 Thread 0x00000234736e5480 nmethod 2853 0x0000023464b30010 code [0x0000023464b301c0, 0x0000023464b30b88]
Event: 12.179 Thread 0x00000234736e5480 2857 % !   4       org.sqlite.SQLiteJDBCLoader::md5sum @ 25 (104 bytes)
Event: 12.189 Thread 0x00000234736e5480 nmethod 2857% 0x0000023464b31190 code [0x0000023464b31360, 0x0000023464b32078]
Event: 12.189 Thread 0x00000234736e5480 2854       4       sun.security.provider.DigestBase::engineUpdate (32 bytes)
Event: 12.192 Thread 0x00000234736e5480 nmethod 2854 0x0000023464b32890 code [0x0000023464b32a20, 0x0000023464b32e98]
Event: 12.194 Thread 0x00000234736ee650 2858       3       sun.security.provider.DigestBase::engineUpdate (32 bytes)
Event: 12.194 Thread 0x00000234736ee650 nmethod 2858 0x000002345d9a6790 code [0x000002345d9a6940, 0x000002345d9a6c08]
Event: 12.194 Thread 0x00000234736e5480 2859       4       sun.security.provider.DigestBase::engineUpdate (32 bytes)
Event: 12.198 Thread 0x00000234736e5480 nmethod 2859 0x0000023464b33290 code [0x0000023464b33420, 0x0000023464b33a78]
Event: 12.198 Thread 0x00000234736e5480 2860 % !   4       org.sqlite.SQLiteJDBCLoader::md5sum @ 25 (104 bytes)
Event: 12.213 Thread 0x00000234736ee650 2861       3       java.io.File::exists (34 bytes)
Event: 12.214 Thread 0x00000234736ee650 nmethod 2861 0x000002345d9a6d10 code [0x000002345d9a6f00, 0x000002345d9a7448]
Event: 12.215 Thread 0x00000234736e5480 nmethod 2860% 0x0000023464b33e90 code [0x0000023464b340c0, 0x0000023464b35290]
Event: 12.220 Thread 0x00000234736ee650 2862       3       java.lang.invoke.ClassSpecializer$SpeciesData::transformHelper (56 bytes)
Event: 12.220 Thread 0x00000234736ee650 nmethod 2862 0x000002345d9a7610 code [0x000002345d9a78a0, 0x000002345d9a88e8]

GC Heap History (4 events):
Event: 0.340 GC heap before
{Heap before GC invocations=0 (full 0):
 garbage-first heap   total 129024K, used 23552K [0x0000000082400000, 0x0000000100000000)
  region size 1024K, 23 young (23552K), 0 survivors (0K)
 Metaspace       used 923K, committed 1152K, reserved 1056768K
  class space    used 72K, committed 192K, reserved 1048576K
}
Event: 0.342 GC heap after
{Heap after GC invocations=1 (full 0):
 garbage-first heap   total 129024K, used 3268K [0x0000000082400000, 0x0000000100000000)
  region size 1024K, 3 young (3072K), 3 survivors (3072K)
 Metaspace       used 923K, committed 1152K, reserved 1056768K
  class space    used 72K, committed 192K, reserved 1048576K
}
Event: 1.104 GC heap before
{Heap before GC invocations=1 (full 0):
 garbage-first heap   total 129024K, used 39108K [0x0000000082400000, 0x0000000100000000)
  region size 1024K, 37 young (37888K), 3 survivors (3072K)
 Metaspace       used 10252K, committed 10432K, reserved 1064960K
  class space    used 1310K, committed 1408K, reserved 1048576K
}
Event: 1.110 GC heap after
{Heap after GC invocations=2 (full 0):
 garbage-first heap   total 129024K, used 12010K [0x0000000082400000, 0x0000000100000000)
  region size 1024K, 5 young (5120K), 5 survivors (5120K)
 Metaspace       used 10252K, committed 10432K, reserved 1064960K
  class space    used 1310K, committed 1408K, reserved 1048576K
}

Deoptimization events (20 events):
Event: 2.826 Thread 0x000002347584dca0 DEOPT PACKING pc=0x000002345d915ec2 sp=0x00000092870fe350
Event: 2.826 Thread 0x000002347584dca0 DEOPT UNPACKING pc=0x000002345cf42b43 sp=0x00000092870fd7e0 mode 0
Event: 12.159 Thread 0x00000234741bc0b0 Uncommon trap: trap_request=0xffffff45 fr.pc=0x0000023464a327b4 relative=0x00000000000007b4
Event: 12.159 Thread 0x00000234741bc0b0 Uncommon trap: reason=unstable_if action=reinterpret pc=0x0000023464a327b4 method=java.util.zip.ZipFile.getZipEntry(Ljava/lang/String;I)Ljava/util/zip/ZipEntry; @ 74 c2
Event: 12.159 Thread 0x00000234741bc0b0 DEOPT PACKING pc=0x0000023464a327b4 sp=0x00000092869fecd0
Event: 12.159 Thread 0x00000234741bc0b0 DEOPT UNPACKING pc=0x000002345cf423a3 sp=0x00000092869fecb0 mode 2
Event: 12.189 Thread 0x0000023475535560 DEOPT PACKING pc=0x000002345d9a309a sp=0x00000092872fb020
Event: 12.189 Thread 0x0000023475535560 DEOPT UNPACKING pc=0x000002345cf42b43 sp=0x00000092872fa568 mode 0
Event: 12.193 Thread 0x0000023475535560 Uncommon trap: trap_request=0xffffff45 fr.pc=0x0000023464b31ad0 relative=0x0000000000000770
Event: 12.193 Thread 0x0000023475535560 Uncommon trap: reason=unstable_if action=reinterpret pc=0x0000023464b31ad0 method=java.security.DigestInputStream.read()I @ 17 c2
Event: 12.193 Thread 0x0000023475535560 DEOPT PACKING pc=0x0000023464b31ad0 sp=0x00000092872fb090
Event: 12.193 Thread 0x0000023475535560 DEOPT UNPACKING pc=0x000002345cf423a3 sp=0x00000092872fb000 mode 2
Event: 12.193 Thread 0x0000023475535560 Uncommon trap: trap_request=0xffffff45 fr.pc=0x00000234649cc7dc relative=0x000000000000015c
Event: 12.193 Thread 0x0000023475535560 Uncommon trap: reason=unstable_if action=reinterpret pc=0x00000234649cc7dc method=java.lang.StringCoding.hasNegatives([BII)Z @ 12 c2
Event: 12.193 Thread 0x0000023475535560 DEOPT PACKING pc=0x00000234649cc7dc sp=0x00000092872fae50
Event: 12.193 Thread 0x0000023475535560 DEOPT UNPACKING pc=0x000002345cf423a3 sp=0x00000092872fade0 mode 2
Event: 12.193 Thread 0x0000023475535560 Uncommon trap: trap_request=0xffffff45 fr.pc=0x0000023464b32e1c relative=0x00000000000003fc
Event: 12.193 Thread 0x0000023475535560 Uncommon trap: reason=unstable_if action=reinterpret pc=0x0000023464b32e1c method=sun.security.provider.DigestBase.engineUpdate(B)V @ 4 c2
Event: 12.193 Thread 0x0000023475535560 DEOPT PACKING pc=0x0000023464b32e1c sp=0x00000092872fafc0
Event: 12.193 Thread 0x0000023475535560 DEOPT UNPACKING pc=0x000002345cf423a3 sp=0x00000092872fafa0 mode 2

Classes unloaded (0 events):
No events

Classes redefined (0 events):
No events

Internal exceptions (20 events):
Event: 1.149 Thread 0x0000023475535560 Exception <a 'java/io/FileNotFoundException'{0x0000000089e45f18}> (0x0000000089e45f18) 
thrown [t:\workspace\open\src\hotspot\share\prims\jni.cpp, line 516]
Event: 1.258 Thread 0x0000023475535560 Exception <a 'java/lang/NoSuchMethodError'{0x0000000089ae0320}: 'java.lang.Object java.lang.invoke.DirectMethodHandle$Holder.invokeInterface(java.lang.Object, java.lang.Object, java.lang.Object)'> (0x0000000089ae0320) 
thrown [t:\workspace\open\src\hotspot\share\interpreter\linkResolver.cpp, line 766]
Event: 1.258 Thread 0x0000023475535560 Exception <a 'java/lang/IncompatibleClassChangeError'{0x0000000089ae3ca8}: Found class java.lang.Object, but interface was expected> (0x0000000089ae3ca8) 
thrown [t:\workspace\open\src\hotspot\share\interpreter\linkResolver.cpp, line 833]
Event: 1.324 Thread 0x0000023475535560 Exception <a 'java/lang/ClassNotFoundException'{0x00000000897a8b48}: com/sun/javafx/scene/control/skin/resources/controls> (0x00000000897a8b48) 
thrown [t:\workspace\open\src\hotspot\share\prims\jni.cpp, line 535]
Event: 1.325 Thread 0x0000023475535560 Exception <a 'java/lang/ClassNotFoundException'{0x00000000897b6ae8}: com/sun/javafx/scene/control/skin/resources/controls_en> (0x00000000897b6ae8) 
thrown [t:\workspace\open\src\hotspot\share\prims\jni.cpp, line 535]
Event: 1.325 Thread 0x0000023475535560 Exception <a 'java/lang/ClassNotFoundException'{0x00000000897b7fb8}: com/sun/javafx/scene/control/skin/resources/controls_en_US> (0x00000000897b7fb8) 
thrown [t:\workspace\open\src\hotspot\share\prims\jni.cpp, line 535]
Event: 1.499 Thread 0x0000023475535560 Exception <a 'java/lang/NoSuchMethodError'{0x0000000088c37018}: 'java.lang.Object java.lang.invoke.DirectMethodHandle$Holder.newInvokeSpecial(java.lang.Object, java.lang.Object, int)'> (0x0000000088c37018) 
thrown [t:\workspace\open\src\hotspot\share\interpreter\linkResolver.cpp, line 766]
Event: 1.506 Thread 0x0000023475535560 Implicit null exception at 0x0000023464a84bea to 0x0000023464a85488
Event: 1.506 Thread 0x0000023475535560 Implicit null exception at 0x0000023464a84bea to 0x0000023464a85488
Event: 1.506 Thread 0x0000023475535560 Implicit null exception at 0x0000023464a84bea to 0x0000023464a85488
Event: 1.506 Thread 0x0000023475535560 Implicit null exception at 0x0000023464a84bea to 0x0000023464a85488
Event: 1.547 Thread 0x000002347584dca0 Exception <a 'java/lang/NoSuchMethodError'{0x0000000088bec260}: 'int java.lang.invoke.DirectMethodHandle$Holder.invokeStaticInit(java.lang.Object, java.lang.Object)'> (0x0000000088bec260) 
thrown [t:\workspace\open\src\hotspot\share\interpreter\linkResolver.cpp, line 766]
Event: 4.058 Thread 0x0000023475535560 Exception <a 'java/lang/NoSuchMethodError'{0x0000000088677b78}: 'long java.lang.invoke.DirectMethodHandle$Holder.invokeStatic(java.lang.Object, java.lang.Object, java.lang.Object)'> (0x0000000088677b78) 
thrown [t:\workspace\open\src\hotspot\share\interpreter\linkResolver.cpp, line 766]
Event: 4.059 Thread 0x0000023475535560 Exception <a 'java/lang/NoSuchMethodError'{0x000000008867b320}: 'long java.lang.invoke.DirectMethodHandle$Holder.invokeStaticInit(java.lang.Object, java.lang.Object, java.lang.Object)'> (0x000000008867b320) 
thrown [t:\workspace\open\src\hotspot\share\interpreter\linkResolver.cpp, line 766]
Event: 4.060 Thread 0x0000023475535560 Exception <a 'java/lang/NoSuchMethodError'{0x0000000088693178}: 'java.lang.Object java.lang.invoke.DirectMethodHandle$Holder.newInvokeSpecial(java.lang.Object, java.lang.Object, long)'> (0x0000000088693178) 
thrown [t:\workspace\open\src\hotspot\share\interpreter\linkResolver.cpp, line 766]
Event: 4.060 Thread 0x0000023475535560 Exception <a 'java/lang/NoSuchMethodError'{0x0000000088696ce8}: 'java.lang.Object java.lang.invoke.Invokers$Holder.linkToTargetMethod(java.lang.Object, long, java.lang.Object)'> (0x0000000088696ce8) 
thrown [t:\workspace\open\src\hotspot\share\interpreter\linkResolver.cpp, line 766]
Event: 12.155 Thread 0x0000023475535560 Exception <a 'sun/nio/fs/WindowsException'{0x00000000886d11c0}> (0x00000000886d11c0) 
thrown [t:\workspace\open\src\hotspot\share\prims\jni.cpp, line 516]
Event: 12.169 Thread 0x0000023475535560 Exception <a 'sun/nio/fs/WindowsException'{0x000000008854b5d0}> (0x000000008854b5d0) 
thrown [t:\workspace\open\src\hotspot\share\prims\jni.cpp, line 516]
Event: 12.169 Thread 0x0000023475535560 Exception <a 'sun/nio/fs/WindowsException'{0x000000008854ccb0}> (0x000000008854ccb0) 
thrown [t:\workspace\open\src\hotspot\share\prims\jni.cpp, line 516]
Event: 12.193 Thread 0x0000023475535560 Implicit null exception at 0x0000023464b32a53 to 0x0000023464b32e00

VM Operations (20 events):
Event: 0.879 Executing VM operation: HandshakeAllThreads
Event: 0.879 Executing VM operation: HandshakeAllThreads done
Event: 0.932 Executing VM operation: ICBufferFull
Event: 0.932 Executing VM operation: ICBufferFull done
Event: 1.104 Executing VM operation: G1CollectForAllocation
Event: 1.110 Executing VM operation: G1CollectForAllocation done
Event: 1.119 Executing VM operation: HandshakeAllThreads
Event: 1.119 Executing VM operation: HandshakeAllThreads done
Event: 1.345 Executing VM operation: ICBufferFull
Event: 1.345 Executing VM operation: ICBufferFull done
Event: 2.162 Executing VM operation: ICBufferFull
Event: 2.163 Executing VM operation: ICBufferFull done
Event: 3.163 Executing VM operation: Cleanup
Event: 3.164 Executing VM operation: Cleanup done
Event: 5.164 Executing VM operation: Cleanup
Event: 5.164 Executing VM operation: Cleanup done
Event: 12.158 Executing VM operation: HandshakeAllThreads
Event: 12.158 Executing VM operation: HandshakeAllThreads done
Event: 12.158 Executing VM operation: Cleanup
Event: 12.158 Executing VM operation: Cleanup done

Events (20 events):
Event: 1.604 loading class java/nio/DirectFloatBufferU done
Event: 2.079 Thread 0x000002347424c690 Thread exited: 0x000002347424c690
Event: 2.103 Thread 0x000002347424c020 Thread exited: 0x000002347424c020
Event: 2.171 Thread 0x0000023476444d70 Thread added: 0x0000023476444d70
Event: 2.176 loading class jdk/internal/misc/ScopedMemoryAccess$Scope
Event: 2.176 loading class jdk/internal/misc/ScopedMemoryAccess$Scope done
Event: 2.420 Thread 0x0000023476444d70 Thread exited: 0x0000023476444d70
Event: 2.827 Thread 0x000002347424bf70 Thread added: 0x000002347424bf70
Event: 2.944 Thread 0x000002347424bf70 Thread exited: 0x000002347424bf70
Event: 4.037 loading class java/io/UnsupportedEncodingException
Event: 4.037 loading class java/io/UnsupportedEncodingException done
Event: 12.152 Loaded shared library C:\Users\Tech Land\.jdks\openjdk-17.0.2\bin\verify.dll
Event: 12.158 loading class java/util/concurrent/Executors$FinalizableDelegatedExecutorService
Event: 12.158 loading class java/util/concurrent/Executors$DelegatedExecutorService
Event: 12.158 loading class java/util/concurrent/Executors$DelegatedExecutorService done
Event: 12.158 loading class java/util/concurrent/Executors$FinalizableDelegatedExecutorService done
Event: 12.159 Thread 0x00000234741bc0b0 Thread added: 0x00000234741bc0b0
Event: 12.214 Loaded shared library C:\Users\Tech Land\AppData\Local\Temp\sqlite-3.7.2-sqlitejdbc.dll
Event: 12.219 loading class java/io/StringReader
Event: 12.219 loading class java/io/StringReader done


Dynamic libraries:
0x00007ff781a70000 - 0x00007ff781a7e000 	C:\Users\Tech Land\.jdks\openjdk-17.0.2\bin\java.exe
0x00007ffee4710000 - 0x00007ffee4905000 	C:\WINDOWS\SYSTEM32\ntdll.dll
0x00007ffee3650000 - 0x00007ffee370e000 	C:\WINDOWS\System32\KERNEL32.DLL
0x00007ffee2230000 - 0x00007ffee24f8000 	C:\WINDOWS\System32\KERNELBASE.dll
0x00007ffee1f90000 - 0x00007ffee2090000 	C:\WINDOWS\System32\ucrtbase.dll
0x00007ffed8d20000 - 0x00007ffed8d3a000 	C:\Users\Tech Land\.jdks\openjdk-17.0.2\bin\VCRUNTIME140.dll
0x00007ffed9310000 - 0x00007ffed9328000 	C:\Users\Tech Land\.jdks\openjdk-17.0.2\bin\jli.dll
0x00007ffee4230000 - 0x00007ffee43d0000 	C:\WINDOWS\System32\USER32.dll
0x00007ffee26d0000 - 0x00007ffee26f2000 	C:\WINDOWS\System32\win32u.dll
0x00007ffec9260000 - 0x00007ffec94fa000 	C:\WINDOWS\WinSxS\amd64_microsoft.windows.common-controls_6595b64144ccf1df_6.0.19041.1110_none_60b5254171f9507e\COMCTL32.dll
0x00007ffee37b0000 - 0x00007ffee37db000 	C:\WINDOWS\System32\GDI32.dll
0x00007ffee4630000 - 0x00007ffee46ce000 	C:\WINDOWS\System32\msvcrt.dll
0x00007ffee2500000 - 0x00007ffee260b000 	C:\WINDOWS\System32\gdi32full.dll
0x00007ffee2090000 - 0x00007ffee212d000 	C:\WINDOWS\System32\msvcp_win.dll
0x00007ffee35b0000 - 0x00007ffee35e0000 	C:\WINDOWS\System32\IMM32.DLL
0x00007ffed8d50000 - 0x00007ffed8d5c000 	C:\Users\Tech Land\.jdks\openjdk-17.0.2\bin\vcruntime140_1.dll
0x00007ffeb3110000 - 0x00007ffeb319d000 	C:\Users\Tech Land\.jdks\openjdk-17.0.2\bin\msvcp140.dll
0x00007ffe72210000 - 0x00007ffe72dd1000 	C:\Users\Tech Land\.jdks\openjdk-17.0.2\bin\server\jvm.dll
0x00007ffee43d0000 - 0x00007ffee447e000 	C:\WINDOWS\System32\ADVAPI32.dll
0x00007ffee3710000 - 0x00007ffee37ac000 	C:\WINDOWS\System32\sechost.dll
0x00007ffee4100000 - 0x00007ffee4225000 	C:\WINDOWS\System32\RPCRT4.dll
0x00007ffee3fb0000 - 0x00007ffee3fb8000 	C:\WINDOWS\System32\PSAPI.DLL
0x00007ffec09c0000 - 0x00007ffec09e7000 	C:\WINDOWS\SYSTEM32\WINMM.dll
0x00007ffedc1e0000 - 0x00007ffedc1e9000 	C:\WINDOWS\SYSTEM32\WSOCK32.dll
0x00007ffed7f10000 - 0x00007ffed7f1a000 	C:\WINDOWS\SYSTEM32\VERSION.dll
0x00007ffee35e0000 - 0x00007ffee364b000 	C:\WINDOWS\System32\ws2_32.DLL
0x00007ffee0700000 - 0x00007ffee0712000 	C:\WINDOWS\SYSTEM32\kernel.appcore.dll
0x00007ffed8cf0000 - 0x00007ffed8cfa000 	C:\Users\Tech Land\.jdks\openjdk-17.0.2\bin\jimage.dll
0x00007ffedca80000 - 0x00007ffedcc64000 	C:\WINDOWS\SYSTEM32\DBGHELP.DLL
0x00007ffec6450000 - 0x00007ffec647c000 	C:\WINDOWS\SYSTEM32\dbgcore.DLL
0x00007ffee2610000 - 0x00007ffee2692000 	C:\WINDOWS\System32\bcryptPrimitives.dll
0x00007ffed6360000 - 0x00007ffed636e000 	C:\Users\Tech Land\.jdks\openjdk-17.0.2\bin\instrument.dll
0x00007ffed6ca0000 - 0x00007ffed6cc5000 	C:\Users\Tech Land\.jdks\openjdk-17.0.2\bin\java.dll
0x00007ffeafd60000 - 0x00007ffeafe36000 	C:\Users\Tech Land\.jdks\openjdk-17.0.2\bin\jsvml.dll
0x00007ffee2770000 - 0x00007ffee2eb4000 	C:\WINDOWS\System32\SHELL32.dll
0x00007ffedff20000 - 0x00007ffee06b4000 	C:\WINDOWS\SYSTEM32\windows.storage.dll
0x00007ffee2ec0000 - 0x00007ffee3214000 	C:\WINDOWS\System32\combase.dll
0x00007ffee1890000 - 0x00007ffee18bc000 	C:\WINDOWS\SYSTEM32\Wldp.dll
0x00007ffee3d70000 - 0x00007ffee3e1d000 	C:\WINDOWS\System32\SHCORE.dll
0x00007ffee33f0000 - 0x00007ffee3445000 	C:\WINDOWS\System32\shlwapi.dll
0x00007ffee1d70000 - 0x00007ffee1d8f000 	C:\WINDOWS\SYSTEM32\profapi.dll
0x00007ffed6d10000 - 0x00007ffed6d29000 	C:\Users\Tech Land\.jdks\openjdk-17.0.2\bin\net.dll
0x00007ffed3ad0000 - 0x00007ffed3bd9000 	C:\WINDOWS\SYSTEM32\WINHTTP.dll
0x00007ffee15f0000 - 0x00007ffee165a000 	C:\WINDOWS\system32\mswsock.dll
0x00007ffecdc30000 - 0x00007ffecdc46000 	C:\Users\Tech Land\.jdks\openjdk-17.0.2\bin\nio.dll
0x00007ffecd810000 - 0x00007ffecd828000 	C:\Users\Tech Land\.jdks\openjdk-17.0.2\bin\zip.dll
0x00007ffec15f0000 - 0x00007ffec160a000 	C:\Program Files\JetBrains\IntelliJ IDEA 2021.3.2\bin\breakgen64.dll
0x0000023473780000 - 0x0000023473783000 	C:\Users\Tech Land\.openjfx\cache\17.0.1\api-ms-win-core-console-l1-1-0.dll
0x0000023473790000 - 0x0000023473793000 	C:\Users\Tech Land\.openjfx\cache\17.0.1\api-ms-win-core-console-l1-2-0.dll
0x00000234737a0000 - 0x00000234737a3000 	C:\Users\Tech Land\.openjfx\cache\17.0.1\api-ms-win-core-datetime-l1-1-0.dll
0x00000234737b0000 - 0x00000234737b3000 	C:\Users\Tech Land\.openjfx\cache\17.0.1\api-ms-win-core-debug-l1-1-0.dll
0x00000234737c0000 - 0x00000234737c3000 	C:\Users\Tech Land\.openjfx\cache\17.0.1\api-ms-win-core-errorhandling-l1-1-0.dll
0x00000234737d0000 - 0x00000234737d4000 	C:\Users\Tech Land\.openjfx\cache\17.0.1\api-ms-win-core-file-l1-1-0.dll
0x00000234737e0000 - 0x00000234737e3000 	C:\Users\Tech Land\.openjfx\cache\17.0.1\api-ms-win-core-file-l1-2-0.dll
0x00000234737f0000 - 0x00000234737f3000 	C:\Users\Tech Land\.openjfx\cache\17.0.1\api-ms-win-core-file-l2-1-0.dll
0x0000023476ca0000 - 0x0000023476ca3000 	C:\Users\Tech Land\.openjfx\cache\17.0.1\api-ms-win-core-handle-l1-1-0.dll
0x0000023476cb0000 - 0x0000023476cb3000 	C:\Users\Tech Land\.openjfx\cache\17.0.1\api-ms-win-core-heap-l1-1-0.dll
0x0000023476cc0000 - 0x0000023476cc3000 	C:\Users\Tech Land\.openjfx\cache\17.0.1\api-ms-win-core-interlocked-l1-1-0.dll
0x0000023476cd0000 - 0x0000023476cd3000 	C:\Users\Tech Land\.openjfx\cache\17.0.1\api-ms-win-core-libraryloader-l1-1-0.dll
0x0000023476ce0000 - 0x0000023476ce3000 	C:\Users\Tech Land\.openjfx\cache\17.0.1\api-ms-win-core-localization-l1-2-0.dll
0x0000023476cf0000 - 0x0000023476cf3000 	C:\Users\Tech Land\.openjfx\cache\17.0.1\api-ms-win-core-memory-l1-1-0.dll
0x0000023476d00000 - 0x0000023476d03000 	C:\Users\Tech Land\.openjfx\cache\17.0.1\api-ms-win-core-namedpipe-l1-1-0.dll
0x0000023476d10000 - 0x0000023476d13000 	C:\Users\Tech Land\.openjfx\cache\17.0.1\api-ms-win-core-processenvironment-l1-1-0.dll
0x0000023476d20000 - 0x0000023476d23000 	C:\Users\Tech Land\.openjfx\cache\17.0.1\api-ms-win-core-processthreads-l1-1-0.dll
0x0000023476d30000 - 0x0000023476d33000 	C:\Users\Tech Land\.openjfx\cache\17.0.1\api-ms-win-core-processthreads-l1-1-1.dll
0x0000023476d40000 - 0x0000023476d43000 	C:\Users\Tech Land\.openjfx\cache\17.0.1\api-ms-win-core-profile-l1-1-0.dll
0x0000023476d50000 - 0x0000023476d53000 	C:\Users\Tech Land\.openjfx\cache\17.0.1\api-ms-win-core-rtlsupport-l1-1-0.dll
0x0000023476d60000 - 0x0000023476d63000 	C:\Users\Tech Land\.openjfx\cache\17.0.1\api-ms-win-core-string-l1-1-0.dll
0x0000023476d70000 - 0x0000023476d73000 	C:\Users\Tech Land\.openjfx\cache\17.0.1\api-ms-win-core-synch-l1-1-0.dll
0x0000023476d80000 - 0x0000023476d83000 	C:\Users\Tech Land\.openjfx\cache\17.0.1\api-ms-win-core-synch-l1-2-0.dll
0x0000023476d90000 - 0x0000023476d93000 	C:\Users\Tech Land\.openjfx\cache\17.0.1\api-ms-win-core-sysinfo-l1-1-0.dll
0x0000023476da0000 - 0x0000023476da3000 	C:\Users\Tech Land\.openjfx\cache\17.0.1\api-ms-win-core-timezone-l1-1-0.dll
0x0000023476db0000 - 0x0000023476db3000 	C:\Users\Tech Land\.openjfx\cache\17.0.1\api-ms-win-core-util-l1-1-0.dll
0x0000023476dc0000 - 0x0000023476dc3000 	C:\Users\Tech Land\.openjfx\cache\17.0.1\api-ms-win-crt-conio-l1-1-0.dll
0x0000023476dd0000 - 0x0000023476dd4000 	C:\Users\Tech Land\.openjfx\cache\17.0.1\api-ms-win-crt-convert-l1-1-0.dll
0x0000023476de0000 - 0x0000023476de3000 	C:\Users\Tech Land\.openjfx\cache\17.0.1\api-ms-win-crt-environment-l1-1-0.dll
0x0000023476df0000 - 0x0000023476df3000 	C:\Users\Tech Land\.openjfx\cache\17.0.1\api-ms-win-crt-filesystem-l1-1-0.dll
0x0000023476e00000 - 0x0000023476e03000 	C:\Users\Tech Land\.openjfx\cache\17.0.1\api-ms-win-crt-heap-l1-1-0.dll
0x0000023476e10000 - 0x0000023476e13000 	C:\Users\Tech Land\.openjfx\cache\17.0.1\api-ms-win-crt-locale-l1-1-0.dll
0x0000023476e20000 - 0x0000023476e25000 	C:\Users\Tech Land\.openjfx\cache\17.0.1\api-ms-win-crt-math-l1-1-0.dll
0x0000023476e30000 - 0x0000023476e35000 	C:\Users\Tech Land\.openjfx\cache\17.0.1\api-ms-win-crt-multibyte-l1-1-0.dll
0x0000023476e40000 - 0x0000023476e50000 	C:\Users\Tech Land\.openjfx\cache\17.0.1\api-ms-win-crt-private-l1-1-0.dll
0x0000023476e50000 - 0x0000023476e53000 	C:\Users\Tech Land\.openjfx\cache\17.0.1\api-ms-win-crt-process-l1-1-0.dll
0x0000023476e60000 - 0x0000023476e64000 	C:\Users\Tech Land\.openjfx\cache\17.0.1\api-ms-win-crt-runtime-l1-1-0.dll
0x0000023476e70000 - 0x0000023476e74000 	C:\Users\Tech Land\.openjfx\cache\17.0.1\api-ms-win-crt-stdio-l1-1-0.dll
0x0000023476e80000 - 0x0000023476e84000 	C:\Users\Tech Land\.openjfx\cache\17.0.1\api-ms-win-crt-string-l1-1-0.dll
0x0000023476e90000 - 0x0000023476e93000 	C:\Users\Tech Land\.openjfx\cache\17.0.1\api-ms-win-crt-time-l1-1-0.dll
0x0000023476ea0000 - 0x0000023476ea3000 	C:\Users\Tech Land\.openjfx\cache\17.0.1\api-ms-win-crt-utility-l1-1-0.dll
0x00007ffe96ac0000 - 0x00007ffe96bbc000 	C:\Users\Tech Land\.openjfx\cache\17.0.1\ucrtbase.dll
0x00007ffec0e40000 - 0x00007ffec0e5a000 	C:\Users\Tech Land\.openjfx\cache\17.0.1\vcruntime140.dll
0x00007ffec6340000 - 0x00007ffec634c000 	C:\Users\Tech Land\.openjfx\cache\17.0.1\vcruntime140_1.dll
0x00007ffea2b10000 - 0x00007ffea2b9d000 	C:\Users\Tech Land\.openjfx\cache\17.0.1\msvcp140.dll
0x00007ffec0750000 - 0x00007ffec077a000 	C:\Users\Tech Land\.openjfx\cache\17.0.1\prism_d3d.dll
0x00007ffecdf00000 - 0x00007ffece0cf000 	C:\WINDOWS\system32\d3d9.dll
0x00007ffedc660000 - 0x00007ffedc68f000 	C:\WINDOWS\SYSTEM32\dwmapi.dll
0x00007ffedc470000 - 0x00007ffedc50e000 	C:\WINDOWS\system32\uxtheme.dll
0x00007ffe94930000 - 0x00007ffe94a93000 	C:\WINDOWS\System32\DriverStore\FileRepository\iigd_dch.inf_amd64_e9b40d45ab4dc6b8\igdumdim64.dll
0x00007ffe6add0000 - 0x00007ffe6e7d4000 	C:\WINDOWS\System32\DriverStore\FileRepository\iigd_dch.inf_amd64_e9b40d45ab4dc6b8\igd9dxva64.dll
0x00007ffee3e80000 - 0x00007ffee3faa000 	C:\WINDOWS\System32\ole32.dll
0x00007ffee3fc0000 - 0x00007ffee408d000 	C:\WINDOWS\System32\OLEAUT32.dll
0x00007ffee3840000 - 0x00007ffee3cb0000 	C:\WINDOWS\System32\SETUPAPI.dll
0x00007ffee2130000 - 0x00007ffee217e000 	C:\WINDOWS\System32\cfgmgr32.dll
0x00007ffee26a0000 - 0x00007ffee26c7000 	C:\WINDOWS\System32\bcrypt.dll
0x00007ffed1b70000 - 0x00007ffed1daf000 	C:\WINDOWS\System32\DriverStore\FileRepository\iigd_dch.inf_amd64_e9b40d45ab4dc6b8\igdgmm64.dll
0x00007ffeb7f10000 - 0x00007ffeb7f52000 	C:\Users\Tech Land\.openjfx\cache\17.0.1\glass.dll
0x00007ffee3450000 - 0x00007ffee352b000 	C:\WINDOWS\System32\COMDLG32.dll
0x00007ffee32b0000 - 0x00007ffee33c6000 	C:\WINDOWS\System32\MSCTF.dll
0x00007ffed75e0000 - 0x00007ffed7607000 	C:\WINDOWS\System32\DriverStore\FileRepository\iigd_dch.inf_amd64_e9b40d45ab4dc6b8\igdinfo64.dll
0x00007ffecee20000 - 0x00007ffed1a82000 	C:\WINDOWS\System32\DriverStore\FileRepository\iigd_dch.inf_amd64_e9b40d45ab4dc6b8\igc64.dll
0x00007ffed5570000 - 0x00007ffed55ab000 	C:\WINDOWS\SYSTEM32\dxcore.dll
0x00007ffebc0a0000 - 0x00007ffebc0b4000 	C:\Users\Tech Land\.openjfx\cache\17.0.1\javafx_font.dll
0x00007ffeb2250000 - 0x00007ffeb24cf000 	C:\WINDOWS\SYSTEM32\dwrite.dll
0x00007ffee3cc0000 - 0x00007ffee3d69000 	C:\WINDOWS\System32\clbcatq.dll
0x00007ffed73b0000 - 0x00007ffed7564000 	C:\WINDOWS\SYSTEM32\WindowsCodecs.dll
0x00007ffec89b0000 - 0x00007ffec89ee000 	C:\WINDOWS\system32\dataexchange.dll
0x00007ffedb5f0000 - 0x00007ffedb7d5000 	C:\WINDOWS\system32\dcomp.dll
0x00007ffeda680000 - 0x00007ffeda8e4000 	C:\WINDOWS\system32\d3d11.dll
0x00007ffee0740000 - 0x00007ffee0833000 	C:\WINDOWS\system32\dxgi.dll
0x00007ffed7b70000 - 0x00007ffed7d71000 	C:\WINDOWS\system32\twinapi.appcore.dll
0x00007ffebbea0000 - 0x00007ffebbed4000 	C:\Program Files\Common Files\Microsoft Shared\Ink\rtscom.dll
0x00007ffebd950000 - 0x00007ffebda49000 	C:\WINDOWS\SYSTEM32\textinputframework.dll
0x00007ffedbb60000 - 0x00007ffedbebe000 	C:\WINDOWS\System32\CoreUIComponents.dll
0x00007ffedbec0000 - 0x00007ffedbfb2000 	C:\WINDOWS\System32\CoreMessaging.dll
0x00007ffedb490000 - 0x00007ffedb5e4000 	C:\WINDOWS\SYSTEM32\wintypes.dll
0x00007ffee0b30000 - 0x00007ffee0b63000 	C:\WINDOWS\SYSTEM32\ntmarta.dll
0x00007ffeda500000 - 0x00007ffeda5f6000 	C:\WINDOWS\SYSTEM32\PROPSYS.dll
0x00007ffea9d70000 - 0x00007ffea9f1e000 	C:\WINDOWS\SYSTEM32\DUI70.dll
0x00007ffed9010000 - 0x00007ffed90a5000 	C:\WINDOWS\SYSTEM32\DUser.dll

dbghelp: loaded successfully - version: 4.0.5 - missing functions: none
symbol engine: initialized successfully - sym options: 0x614 - pdb path: .;C:\Users\Tech Land\.jdks\openjdk-17.0.2\bin;C:\WINDOWS\SYSTEM32;C:\WINDOWS\WinSxS\amd64_microsoft.windows.common-controls_6595b64144ccf1df_6.0.19041.1110_none_60b5254171f9507e;C:\Users\Tech Land\.jdks\openjdk-17.0.2\bin\server;C:\Program Files\JetBrains\IntelliJ IDEA 2021.3.2\bin;C:\Users\Tech Land\.openjfx\cache\17.0.1;C:\WINDOWS\System32\DriverStore\FileRepository\iigd_dch.inf_amd64_e9b40d45ab4dc6b8;C:\Program Files\Common Files\Microsoft Shared\Ink;C:\Program Files\Google\Drive File Stream\56.0.11.0;C:\WINDOWS\WinSxS\amd64_microsoft.windows.gdiplus_6595b64144ccf1df_1.1.19041.1566_none_91a49058cc87e409;C:\Program Files (x86)\Dropbox\Client;C:\Users\Tech Land\AppData\Local\Microsoft\OneDrive\22.055.0313.0001;C:\Users\Tech Land\AppData\Local\Temp

VM Arguments:
jvm_args: -javaagent:C:\Program Files\JetBrains\IntelliJ IDEA 2021.3.2\lib\idea_rt.jar=56023:C:\Program Files\JetBrains\IntelliJ IDEA 2021.3.2\bin -Dfile.encoding=UTF-8 --module-path=C:\Users\Tech Land\.m2\repository\org\apache\poi\poi\4.1.2\poi-4.1.2.jar;C:\Users\Tech Land\.m2\repository\org\apache\poi\poi-ooxml-schemas\4.1.2\poi-ooxml-schemas-4.1.2.jar;C:\Users\Tech Land\.m2\repository\com\github\shaohj\sstool-poi-expand\1.0.3\sstool-poi-expand-1.0.3.jar;C:\Users\Tech Land\Desktop\School-Management-Software\lib\jasperreports-6.14.0.jar;C:\Users\Tech Land\.m2\repository\org\openjfx\javafx-graphics\17.0.1\javafx-graphics-17.0.1-win.jar;C:\Users\Tech Land\Desktop\School-Management-Software\lib\commons-collections-3.2.2.jar;C:\Users\Tech Land\.m2\repository\com\kovizone\poi-ooxml-plus\1.2.3\poi-ooxml-plus-1.2.3.jar;C:\Users\Tech Land\.m2\repository\org\openjfx\javafx-fxml\17.0.1\javafx-fxml-17.0.1-win.jar;C:\Users\Tech Land\.m2\repository\org\openjfx\javafx-base\17.0.1\javafx-base-17.0.1-win.jar;C:\Users\Tech Land\.m2\repository\org\openjfx\javafx-controls\17.0.1\javafx-controls-17.0.1-win.jar;C:\Users\Tech Land\Desktop\School-Management-Software\target\classes;C:\Users\Tech Land\.m2\repository\org\apache\xmlbeans\xmlbeans\3.1.0\xmlbeans-3.1.0.jar;C:\Users\Tech Land\.m2\repository\org\apache\poi\poi-ooxml\4.1.2\poi-ooxml-4.1.2.jar -Djdk.module.main=com.example.demo 
java_command: com.example.demo/com.example.school_management.School
java_class_path (initial): C:\Users\Tech Land\Desktop\School-Management-Software\src\main\resources\com\example\font\fontawesomefx-8.2.jar;C:\Users\Tech Land\Desktop\School-Management-Software\src\main\resources\com\example\font\sqlite-jdbc-3.7.2.jar;C:\Users\Tech Land\Desktop\School-Management-Software\src\main\resources\com\example\font\ojdbc14-10.2.0.4.0.jar;C:\Users\Tech Land\Desktop\School-Management-Software\src\main\resources\com\example\font\mysql-connector-java-8.0.28.jar;C:\Users\Tech Land\.m2\repository\org\openjfx\javafx-controls\17.0.1\javafx-controls-17.0.1.jar;C:\Users\Tech Land\.m2\repository\org\openjfx\javafx-graphics\17.0.1\javafx-graphics-17.0.1.jar;C:\Users\Tech Land\.m2\repository\org\openjfx\javafx-base\17.0.1\javafx-base-17.0.1.jar;C:\Users\Tech Land\.m2\repository\org\openjfx\javafx-fxml\17.0.1\javafx-fxml-17.0.1.jar;C:\Users\Tech Land\Desktop\School-Management-Software\lib\commons-beanutils-1.9.4.jar;C:\Users\Tech Land\Desktop\School-Management-Software\lib\commons-digester-2.1.jar;C:\Users\Tech Land\Desktop\School-Management-Software\lib\commons-logging-1.1.1.jar;C:\Users\Tech Land\Desktop\School-Management-Software\lib\commons-collections4-4.2.jar;C:\Users\Tech Land\Desktop\School-Management-Software\lib\itext-2.1.7.js8.jar;C:\Users\Tech Land\Desktop\School-Management-Software\lib\bcprov-jdk15on-1.64.jar;C:\Users\Tech Land\Desktop\School-Management-Software\lib\jcommon-1.0.23.jar;C:\Users\Tech Land\Desktop\School-Management-Software\lib\jfreechart-1.0.19.jar;C:\Users\Tech Land\Desktop\School-Management-Software\lib\ecj-3.21.0.jar;C:\Users\Tech Land\Desktop\School-Management-Software\lib\castor-xml-1.4.1.jar;C:\Users\Tech Land\Desktop\School-Management-Software\lib\castor-core-1.4.1.jar;C:\Users\Tech Land\Desktop\School-Management-Software\lib\commons-lang3-3.4.jar;C:\Users\Tech Land\Desktop\School-Management-Software\lib\javax.inject-1.jar;C:\Users\Tech Land\Desktop\School-Management-Software\lib\jackson-core-2.10.0.jar;C:\Users\Tech La
Launcher Type: SUN_STANDARD

[Global flags]
     intx CICompilerCount                          = 4                                         {product} {ergonomic}
     uint ConcGCThreads                            = 2                                         {product} {ergonomic}
     uint G1ConcRefinementThreads                  = 8                                         {product} {ergonomic}
   size_t G1HeapRegionSize                         = 1048576                                   {product} {ergonomic}
    uintx GCDrainStackTargetSize                   = 64                                        {product} {ergonomic}
   size_t InitialHeapSize                          = 132120576                                 {product} {ergonomic}
   size_t MarkStackSize                            = 4194304                                   {product} {ergonomic}
   size_t MaxHeapSize                              = 2109734912                                {product} {ergonomic}
   size_t MaxNewSize                               = 1265631232                                {product} {ergonomic}
   size_t MinHeapDeltaBytes                        = 1048576                                   {product} {ergonomic}
   size_t MinHeapSize                              = 8388608                                   {product} {ergonomic}
    uintx NonNMethodCodeHeapSize                   = 5839372                                {pd product} {ergonomic}
    uintx NonProfiledCodeHeapSize                  = 122909434                              {pd product} {ergonomic}
    uintx ProfiledCodeHeapSize                     = 122909434                              {pd product} {ergonomic}
    uintx ReservedCodeCacheSize                    = 251658240                              {pd product} {ergonomic}
     bool SegmentedCodeCache                       = true                                      {product} {ergonomic}
   size_t SoftMaxHeapSize                          = 2109734912                             {manageable} {ergonomic}
     bool UseCompressedClassPointers               = true                           {product lp64_product} {ergonomic}
     bool UseCompressedOops                        = true                           {product lp64_product} {ergonomic}
     bool UseG1GC                                  = true                                      {product} {ergonomic}
     bool UseLargePagesIndividualAllocation        = false                                  {pd product} {ergonomic}

Logging:
Log output configuration:
 #0: stdout all=warning uptime,level,tags
 #1: stderr all=off uptime,level,tags

Environment Variables:
PATH=C:\Program Files\Common Files\Oracle\Java\javapath;C:\Program Files (x86)\Common Files\Oracle\Java\javapath;C:\Program Files (x86)\VMware\VMware Workstation\bin\;C:\WINDOWS\system32;C:\WINDOWS;C:\WINDOWS\System32\Wbem;C:\WINDOWS\System32\WindowsPowerShell\v1.0\;C:\WINDOWS\System32\OpenSSH\;C:\Program Files\Intel\WiFi\bin\;C:\Program Files\Common Files\Intel\WirelessCommon\;C:\Program Files\NVIDIA Corporation\NVIDIA NvDLISR;C:\Program Files\Git\cmd;C:\Users\Tech Land\AppData\Local\Microsoft\WindowsApps;C:\Users\Tech Land\AppData\Local\Programs\Microsoft VS Code\bin;C:\Users\Tech Land\AppData\Local\GitHubDesktop\bin
USERNAME=Tech Land
OS=Windows_NT
PROCESSOR_IDENTIFIER=Intel64 Family 6 Model 142 Stepping 11, GenuineIntel



---------------  S Y S T E M  ---------------

OS:
 Windows 10 , 64 bit Build 19041 (10.0.19041.1566)
OS uptime: 8 days 20:51 hours

CPU: total 8 (initial active 8) (4 cores per cpu, 2 threads per core) family 6 model 142 stepping 11 microcode 0xae, cx8, cmov, fxsr, ht, mmx, 3dnowpref, sse, sse2, sse3, ssse3, sse4.1, sse4.2, popcnt, lzcnt, tsc, tscinvbit, avx, avx2, aes, erms, clmul, bmi1, bmi2, adx, fma, vzeroupper, clflush, clflushopt

Memory: 4k page, system-wide physical 8043M (1216M free)
TotalPageFile size 14021M (AvailPageFile size 4302M)
current process WorkingSet (physical memory assigned to process): 201M, peak: 241M
current process commit charge ("private bytes"): 301M, peak: 348M

vm_info: OpenJDK 64-Bit Server VM (17.0.2+8-86) for windows-amd64 JRE (17.0.2+8-86), built on Dec  7 2021 21:49:10 by "mach5one" with MS VC++ 16.8 / 16.9 (VS2019)

END.
