#
# A fatal error has been detected by the Java Runtime Environment:
#
#  EXCEPTION_ACCESS_VIOLATION (0xc0000005) at pc=0x00007ffe71e4bf00, pid=11648, tid=13132
#
# JRE version: OpenJDK Runtime Environment (17.0.2+8) (build 17.0.2+8-86)
# Java VM: OpenJDK 64-Bit Server VM (17.0.2+8-86, mixed mode, sharing, tiered, compressed oops, compressed class ptrs, g1 gc, windows-amd64)
# Problematic frame:
# V  [jvm.dll+0xbf00]
#
# No core dump will be written. Minidumps are not enabled by default on client versions of Windows
#
# If you would like to submit a bug report, please visit:
#   https://bugreport.java.com/bugreport/crash.jsp
#

---------------  S U M M A R Y ------------

Command Line: -javaagent:C:\Program Files\JetBrains\IntelliJ IDEA 2021.3.2\lib\idea_rt.jar=55589:C:\Program Files\JetBrains\IntelliJ IDEA 2021.3.2\bin -Dfile.encoding=UTF-8 --module-path=C:\Users\Tech Land\.m2\repository\org\apache\poi\poi\4.1.2\poi-4.1.2.jar;C:\Users\Tech Land\.m2\repository\org\apache\poi\poi-ooxml-schemas\4.1.2\poi-ooxml-schemas-4.1.2.jar;C:\Users\Tech Land\.m2\repository\com\github\shaohj\sstool-poi-expand\1.0.3\sstool-poi-expand-1.0.3.jar;C:\Users\Tech Land\Desktop\School-Management-Software\lib\jasperreports-6.14.0.jar;C:\Users\Tech Land\.m2\repository\org\openjfx\javafx-graphics\17.0.1\javafx-graphics-17.0.1-win.jar;C:\Users\Tech Land\Desktop\School-Management-Software\lib\commons-collections-3.2.2.jar;C:\Users\Tech Land\.m2\repository\com\kovizone\poi-ooxml-plus\1.2.3\poi-ooxml-plus-1.2.3.jar;C:\Users\Tech Land\.m2\repository\org\openjfx\javafx-fxml\17.0.1\javafx-fxml-17.0.1-win.jar;C:\Users\Tech Land\.m2\repository\org\openjfx\javafx-base\17.0.1\javafx-base-17.0.1-win.jar;C:\Users\Tech Land\.m2\repository\org\openjfx\javafx-controls\17.0.1\javafx-controls-17.0.1-win.jar;C:\Users\Tech Land\Desktop\School-Management-Software\target\classes;C:\Users\Tech Land\.m2\repository\org\apache\xmlbeans\xmlbeans\3.1.0\xmlbeans-3.1.0.jar;C:\Users\Tech Land\.m2\repository\org\apache\poi\poi-ooxml\4.1.2\poi-ooxml-4.1.2.jar -Djdk.module.main=com.example.demo com.example.demo/com.example.school_management.School

Host: Intel(R) Core(TM) i5-8265U CPU @ 1.60GHz, 8 cores, 7G,  Windows 10 , 64 bit Build 19041 (10.0.19041.1566)
Time: Sun Apr 10 20:29:30 2022 Bangladesh Standard Time elapsed time: 8.154085 seconds (0d 0h 0m 8s)

---------------  T H R E A D  ---------------

Current thread (0x0000022f73e74870):  JavaThread "JavaFX Application Thread" [_thread_in_vm, id=13132, stack(0x000000d353f00000,0x000000d354000000)]

Stack: [0x000000d353f00000,0x000000d354000000],  sp=0x000000d353ffbf28,  free space=1007k
Native frames: (J=compiled Java code, j=interpreted, Vv=VM code, C=native code)
V  [jvm.dll+0xbf00]

Java frames: (J=compiled Java code, j=interpreted, Vv=VM code)
j  org.sqlite.NativeDB.prepare(Ljava/lang/String;)J+0
j  org.sqlite.DB.prepare(Lorg/sqlite/Stmt;)V+21
j  org.sqlite.PrepStmt.<init>(Lorg/sqlite/Conn;Ljava/lang/String;)V+15
j  org.sqlite.Conn.prepareStatement(Ljava/lang/String;III)Ljava/sql/PreparedStatement;+14
j  org.sqlite.Conn.prepareStatement(Ljava/lang/String;II)Ljava/sql/PreparedStatement;+5
j  org.sqlite.Conn.prepareStatement(Ljava/lang/String;)Ljava/sql/PreparedStatement;+8
j  com.example.school_management.resultController.getexcel(Ljava/lang/String;)V+133 com.example.demo
j  com.example.school_management.resultController.b10()V+9 com.example.demo
v  ~StubRoutines::call_stub
j  jdk.internal.reflect.NativeMethodAccessorImpl.invoke0(Ljava/lang/reflect/Method;Ljava/lang/Object;[Ljava/lang/Object;)Ljava/lang/Object;+0 java.base@17.0.2
j  jdk.internal.reflect.NativeMethodAccessorImpl.invoke(Ljava/lang/Object;[Ljava/lang/Object;)Ljava/lang/Object;+133 java.base@17.0.2
J 1364 c1 jdk.internal.reflect.DelegatingMethodAccessorImpl.invoke(Ljava/lang/Object;[Ljava/lang/Object;)Ljava/lang/Object; java.base@17.0.2 (10 bytes) @ 0x0000022f5b58df44 [0x0000022f5b58de40+0x0000000000000104]
J 1510 c1 jdk.internal.reflect.GeneratedMethodAccessor2.invoke(Ljava/lang/Object;[Ljava/lang/Object;)Ljava/lang/Object; (65 bytes) @ 0x0000022f5b5dd45c [0x0000022f5b5dce00+0x000000000000065c]
J 1364 c1 jdk.internal.reflect.DelegatingMethodAccessorImpl.invoke(Ljava/lang/Object;[Ljava/lang/Object;)Ljava/lang/Object; java.base@17.0.2 (10 bytes) @ 0x0000022f5b58df44 [0x0000022f5b58de40+0x0000000000000104]
J 1363 c1 java.lang.reflect.Method.invoke(Ljava/lang/Object;[Ljava/lang/Object;)Ljava/lang/Object; java.base@17.0.2 (65 bytes) @ 0x0000022f5b58d9c4 [0x0000022f5b58d680+0x0000000000000344]
j  com.sun.javafx.reflect.MethodUtil.invoke(Ljava/lang/reflect/Method;Ljava/lang/Object;[Ljava/lang/Object;)Ljava/lang/Object;+20 javafx.base
J 1540 c1 com.sun.javafx.fxml.MethodHelper.invoke(Ljava/lang/reflect/Method;Ljava/lang/Object;[Ljava/lang/Object;)Ljava/lang/Object; javafx.fxml (146 bytes) @ 0x0000022f5b5f6e0c [0x0000022f5b5f65a0+0x000000000000086c]
j  javafx.fxml.FXMLLoader$MethodHandler.invoke([Ljava/lang/Object;)V+38 javafx.fxml
j  javafx.fxml.FXMLLoader$ControllerMethodEventHandler.handle(Ljavafx/event/Event;)V+12 javafx.fxml
j  com.sun.javafx.event.CompositeEventHandler.dispatchBubblingEvent(Ljavafx/event/Event;)V+51 javafx.base
J 2621 c1 com.sun.javafx.event.EventHandlerManager.dispatchBubblingEvent(Ljavafx/event/EventType;Ljavafx/event/Event;)Ljavafx/event/Event; javafx.base (41 bytes) @ 0x0000022f5b83371c [0x0000022f5b833100+0x000000000000061c]
j  com.sun.javafx.event.EventHandlerManager.dispatchBubblingEvent(Ljavafx/event/Event;)Ljavafx/event/Event;+8 javafx.base
j  com.sun.javafx.event.CompositeEventDispatcher.dispatchBubblingEvent(Ljavafx/event/Event;)Ljavafx/event/Event;+11 javafx.base
J 2811 c1 com.sun.javafx.event.BasicEventDispatcher.dispatchEvent(Ljavafx/event/Event;Ljavafx/event/EventDispatchChain;)Ljavafx/event/Event; javafx.base (44 bytes) @ 0x0000022f5b86fb4c [0x0000022f5b86f800+0x000000000000034c]
J 2800 c1 com.sun.javafx.event.EventDispatchChainImpl.dispatchEvent(Ljavafx/event/Event;)Ljavafx/event/Event; javafx.base (101 bytes) @ 0x0000022f5b869f7c [0x0000022f5b869dc0+0x00000000000001bc]
J 2811 c1 com.sun.javafx.event.BasicEventDispatcher.dispatchEvent(Ljavafx/event/Event;Ljavafx/event/EventDispatchChain;)Ljavafx/event/Event; javafx.base (44 bytes) @ 0x0000022f5b86fa5c [0x0000022f5b86f800+0x000000000000025c]
J 2800 c1 com.sun.javafx.event.EventDispatchChainImpl.dispatchEvent(Ljavafx/event/Event;)Ljavafx/event/Event; javafx.base (101 bytes) @ 0x0000022f5b869f7c [0x0000022f5b869dc0+0x00000000000001bc]
J 2811 c1 com.sun.javafx.event.BasicEventDispatcher.dispatchEvent(Ljavafx/event/Event;Ljavafx/event/EventDispatchChain;)Ljavafx/event/Event; javafx.base (44 bytes) @ 0x0000022f5b86fa5c [0x0000022f5b86f800+0x000000000000025c]
J 2800 c1 com.sun.javafx.event.EventDispatchChainImpl.dispatchEvent(Ljavafx/event/Event;)Ljavafx/event/Event; javafx.base (101 bytes) @ 0x0000022f5b869f7c [0x0000022f5b869dc0+0x00000000000001bc]
J 2811 c1 com.sun.javafx.event.BasicEventDispatcher.dispatchEvent(Ljavafx/event/Event;Ljavafx/event/EventDispatchChain;)Ljavafx/event/Event; javafx.base (44 bytes) @ 0x0000022f5b86fa5c [0x0000022f5b86f800+0x000000000000025c]
J 2800 c1 com.sun.javafx.event.EventDispatchChainImpl.dispatchEvent(Ljavafx/event/Event;)Ljavafx/event/Event; javafx.base (101 bytes) @ 0x0000022f5b869f7c [0x0000022f5b869dc0+0x00000000000001bc]
j  com.sun.javafx.event.EventUtil.fireEventImpl(Ljavafx/event/EventDispatchChain;Ljavafx/event/EventTarget;Ljavafx/event/Event;)Ljavafx/event/Event;+10 javafx.base
j  com.sun.javafx.event.EventUtil.fireEvent(Ljavafx/event/EventTarget;Ljavafx/event/Event;)Ljavafx/event/Event;+37 javafx.base
j  javafx.event.Event.fireEvent(Ljavafx/event/EventTarget;Ljavafx/event/Event;)V+30 javafx.base
j  javafx.scene.Node.fireEvent(Ljavafx/event/Event;)V+86 javafx.graphics
j  javafx.scene.control.Button.fire()V+15 javafx.controls
j  com.sun.javafx.scene.control.behavior.ButtonBehavior.mouseReleased(Ljavafx/scene/input/MouseEvent;)V+27 javafx.controls
j  com.sun.javafx.scene.control.behavior.ButtonBehavior$$Lambda$318+0x0000000800dd7270.handle(Ljavafx/event/Event;)V+8 javafx.controls
j  com.sun.javafx.scene.control.inputmap.InputMap.handle(Ljavafx/event/Event;)V+61 javafx.controls
j  com.sun.javafx.scene.control.inputmap.InputMap$$Lambda$313+0x0000000800dd65a0.handle(Ljavafx/event/Event;)V+5 javafx.controls
j  com.sun.javafx.event.CompositeEventHandler$NormalEventHandlerRecord.handleBubblingEvent(Ljavafx/event/Event;)V+5 javafx.base
j  com.sun.javafx.event.CompositeEventHandler.dispatchBubblingEvent(Ljavafx/event/Event;)V+28 javafx.base
J 2621 c1 com.sun.javafx.event.EventHandlerManager.dispatchBubblingEvent(Ljavafx/event/EventType;Ljavafx/event/Event;)Ljavafx/event/Event; javafx.base (41 bytes) @ 0x0000022f5b83371c [0x0000022f5b833100+0x000000000000061c]
j  com.sun.javafx.event.EventHandlerManager.dispatchBubblingEvent(Ljavafx/event/Event;)Ljavafx/event/Event;+8 javafx.base
j  com.sun.javafx.event.CompositeEventDispatcher.dispatchBubblingEvent(Ljavafx/event/Event;)Ljavafx/event/Event;+11 javafx.base
J 2811 c1 com.sun.javafx.event.BasicEventDispatcher.dispatchEvent(Ljavafx/event/Event;Ljavafx/event/EventDispatchChain;)Ljavafx/event/Event; javafx.base (44 bytes) @ 0x0000022f5b86fb4c [0x0000022f5b86f800+0x000000000000034c]
J 2800 c1 com.sun.javafx.event.EventDispatchChainImpl.dispatchEvent(Ljavafx/event/Event;)Ljavafx/event/Event; javafx.base (101 bytes) @ 0x0000022f5b869f7c [0x0000022f5b869dc0+0x00000000000001bc]
J 2811 c1 com.sun.javafx.event.BasicEventDispatcher.dispatchEvent(Ljavafx/event/Event;Ljavafx/event/EventDispatchChain;)Ljavafx/event/Event; javafx.base (44 bytes) @ 0x0000022f5b86fa5c [0x0000022f5b86f800+0x000000000000025c]
J 2800 c1 com.sun.javafx.event.EventDispatchChainImpl.dispatchEvent(Ljavafx/event/Event;)Ljavafx/event/Event; javafx.base (101 bytes) @ 0x0000022f5b869f7c [0x0000022f5b869dc0+0x00000000000001bc]
J 2811 c1 com.sun.javafx.event.BasicEventDispatcher.dispatchEvent(Ljavafx/event/Event;Ljavafx/event/EventDispatchChain;)Ljavafx/event/Event; javafx.base (44 bytes) @ 0x0000022f5b86fa5c [0x0000022f5b86f800+0x000000000000025c]
J 2800 c1 com.sun.javafx.event.EventDispatchChainImpl.dispatchEvent(Ljavafx/event/Event;)Ljavafx/event/Event; javafx.base (101 bytes) @ 0x0000022f5b869f7c [0x0000022f5b869dc0+0x00000000000001bc]
J 2811 c1 com.sun.javafx.event.BasicEventDispatcher.dispatchEvent(Ljavafx/event/Event;Ljavafx/event/EventDispatchChain;)Ljavafx/event/Event; javafx.base (44 bytes) @ 0x0000022f5b86fa5c [0x0000022f5b86f800+0x000000000000025c]
J 2800 c1 com.sun.javafx.event.EventDispatchChainImpl.dispatchEvent(Ljavafx/event/Event;)Ljavafx/event/Event; javafx.base (101 bytes) @ 0x0000022f5b869f7c [0x0000022f5b869dc0+0x00000000000001bc]
j  com.sun.javafx.event.EventUtil.fireEventImpl(Ljavafx/event/EventDispatchChain;Ljavafx/event/EventTarget;Ljavafx/event/Event;)Ljavafx/event/Event;+10 javafx.base
j  com.sun.javafx.event.EventUtil.fireEvent(Ljavafx/event/EventTarget;Ljavafx/event/Event;)Ljavafx/event/Event;+46 javafx.base
j  javafx.event.Event.fireEvent(Ljavafx/event/EventTarget;Ljavafx/event/Event;)V+30 javafx.base
j  javafx.scene.Scene$MouseHandler.process(Ljavafx/scene/input/MouseEvent;Z)V+536 javafx.graphics
j  javafx.scene.Scene.processMouseEvent(Ljavafx/scene/input/MouseEvent;)V+6 javafx.graphics
j  javafx.scene.Scene$ScenePeerListener.mouseEvent(Ljavafx/event/EventType;DDDDLjavafx/scene/input/MouseButton;ZZZZZZZZZZZ)V+50 javafx.graphics
j  com.sun.javafx.tk.quantum.GlassViewEventHandler$MouseEventNotification.run()Ljava/lang/Void;+650 javafx.graphics
j  com.sun.javafx.tk.quantum.GlassViewEventHandler$MouseEventNotification.run()Ljava/lang/Object;+1 javafx.graphics
J 1022 c1 java.security.AccessController.executePrivileged(Ljava/security/PrivilegedAction;Ljava/security/AccessControlContext;Ljava/lang/Class;)Ljava/lang/Object; java.base@17.0.2 (65 bytes) @ 0x0000022f5b4d68bc [0x0000022f5b4d6760+0x000000000000015c]
j  java.security.AccessController.doPrivileged(Ljava/security/PrivilegedAction;Ljava/security/AccessControlContext;)Ljava/lang/Object;+13 java.base@17.0.2
j  com.sun.javafx.tk.quantum.GlassViewEventHandler.lambda$handleMouseEvent$2()Ljava/lang/Void;+11 javafx.graphics
j  com.sun.javafx.tk.quantum.GlassViewEventHandler$$Lambda$510+0x0000000800e47740.get()Ljava/lang/Object;+4 javafx.graphics
j  com.sun.javafx.tk.quantum.QuantumToolkit.runWithoutRenderLock(Ljava/util/function/Supplier;)Ljava/lang/Object;+18 javafx.graphics
j  com.sun.javafx.tk.quantum.GlassViewEventHandler.handleMouseEvent(Lcom/sun/glass/ui/View;JIIIIIIIZZ)V+103 javafx.graphics
j  com.sun.glass.ui.View.handleMouseEvent(JIIIIIIIZZ)V+30 javafx.graphics
j  com.sun.glass.ui.View.notifyMouse(IIIIIIIZZ)V+181 javafx.graphics
v  ~StubRoutines::call_stub
j  com.sun.glass.ui.win.WinApplication._runLoop(Ljava/lang/Runnable;)V+0 javafx.graphics
j  com.sun.glass.ui.win.WinApplication.lambda$runLoop$3(ILjava/lang/Runnable;)V+8 javafx.graphics
j  com.sun.glass.ui.win.WinApplication$$Lambda$100+0x0000000800c2d650.run()V+12 javafx.graphics
j  java.lang.Thread.run()V+11 java.base@17.0.2
v  ~StubRoutines::call_stub

siginfo: EXCEPTION_ACCESS_VIOLATION (0xc0000005), reading address 0x0000000000000000


Register to memory mapping:

RIP=0x00007ffe71e4bf00 jvm.dll
RAX=0x0 is NULL
RBX=0x0000022f73e74870 is a thread
RCX=0x0 is NULL
RDX=0x0 is NULL
RSP=0x000000d353ffbf28 is pointing into the stack for thread: 0x0000022f73e74870
RBP=0x0000022f79e68198 points into unknown readable memory: 0x00000000693b28e0 | e0 28 3b 69 00 00 00 00
RSI=0x0 is NULL
RDI=0x0 is NULL
R8 =0x0 is NULL
R9 =0x00000000885e8e90 is an oop: org.sqlite.NativeDB 
{0x00000000885e8e90} - klass: 'org/sqlite/NativeDB'
 - ---- fields (total size 7 words):
 - 'conn' 'Lorg/sqlite/Conn;' @12  a 'org/sqlite/Conn'{0x000000008859dd08} (8859dd08)
 - 'begin' 'J' @16  2402932012856 (79e8b738 22f)
 - 'commit' 'J' @24  2402932014232 (79e8bc98 22f)
 - private final 'stmts' 'Ljava/util/Map;' @32  a 'java/util/HashMap'{0x00000000885e8ec8} (885e8ec8)
 - 'pointer' 'J' @40  2402931868056 (79e68198 22f)
 - private final 'udfdatalist' 'J' @48  0 (0 0)
R10=0x00007ffe72944a00 jvm.dll
R11=0x0000000000000012 is an unknown value
R12=0x000000d353ffc0d0 is pointing into the stack for thread: 0x0000022f73e74870
R13=0x0000022f7a6d1f20 is pointing into metadata
R14=0x0 is NULL
R15=0x0000022f73e74870 is a thread


Registers:
RAX=0x0000000000000000, RBX=0x0000022f73e74870, RCX=0x0000000000000000, RDX=0x0000000000000000
RSP=0x000000d353ffbf28, RBP=0x0000022f79e68198, RSI=0x0000000000000000, RDI=0x0000000000000000
R8 =0x0000000000000000, R9 =0x00000000885e8e90, R10=0x00007ffe72944a00, R11=0x0000000000000012
R12=0x000000d353ffc0d0, R13=0x0000022f7a6d1f20, R14=0x0000000000000000, R15=0x0000022f73e74870
RIP=0x00007ffe71e4bf00, EFLAGS=0x0000000000010246

Top of Stack: (sp=0x000000d353ffbf28)
0x000000d353ffbf28:   00007ffe722225aa 000000d353ffbf19
0x000000d353ffbf38:   0000000800000001 0000000000000000
0x000000d353ffbf48:   0000000000000000 0000022f73e74870
0x000000d353ffbf58:   0000000000000000 000000d353ffc070
0x000000d353ffbf68:   0000000069341599 0000022f73e74870
0x000000d353ffbf78:   00007ffe7250d209 0000000000000000
0x000000d353ffbf88:   00007ffe721bf4d5 0000000000000000
0x000000d353ffbf98:   0000000000000000 0000022f73e74b18
0x000000d353ffbfa8:   0000000069342090 0000022f79e68198
0x000000d353ffbfb8:   000000d353ffc0d0 0000000800428900
0x000000d353ffbfc8:   0000000000000000 000000008840fbc8
0x000000d353ffbfd8:   0000022f629c60d4 000000d353ffc0e8
0x000000d353ffbfe8:   000000008852e908 0000022f7a6d1f28
0x000000d353ffbff8:   0000000000000000 000000008852e908
0x000000d353ffc008:   000000d353ffc0a8 0000000000000000
0x000000d353ffc018:   0000022f5adbe0c5 0000022f7a6e1db9 

Instructions: (pc=0x00007ffe71e4bf00)
0x00007ffe71e4be00:   1c f2 a6 00 48 83 c4 20 5b 48 ff e0 48 8d 05 ed
0x00007ffe71e4be10:   00 00 00 48 8b cb 48 89 05 03 f2 a6 00 48 83 c4
0x00007ffe71e4be20:   20 5b 48 ff e0 48 8d 05 d4 00 00 00 48 8b cb 48
0x00007ffe71e4be30:   89 05 ea f1 a6 00 48 83 c4 20 5b 48 ff e0 48 8b
0x00007ffe71e4be40:   0d cb e3 ac 00 8b 51 10 83 ea 01 0f 84 91 00 00
0x00007ffe71e4be50:   00 83 ea 01 74 73 83 ea 01 74 55 83 fa 01 74 37
0x00007ffe71e4be60:   4c 8d 0d d1 3c 82 00 41 b8 e9 00 00 00 48 8d 15
0x00007ffe71e4be70:   fc 3c 82 00 b9 00 00 00 e0 e8 02 6a 23 00 e8 9d
0x00007ffe71e4be80:   48 66 00 33 c0 48 8b cb 48 89 05 91 f1 a6 00 48
0x00007ffe71e4be90:   83 c4 20 5b 48 ff e0 48 8d 05 72 00 00 00 48 8b
0x00007ffe71e4bea0:   cb 48 89 05 78 f1 a6 00 48 83 c4 20 5b 48 ff e0
0x00007ffe71e4beb0:   48 8d 05 49 00 00 00 48 8b cb 48 89 05 5f f1 a6
0x00007ffe71e4bec0:   00 48 83 c4 20 5b 48 ff e0 48 8d 05 30 00 00 00
0x00007ffe71e4bed0:   48 8b cb 48 89 05 46 f1 a6 00 48 83 c4 20 5b 48
0x00007ffe71e4bee0:   ff e0 48 8d 05 17 00 00 00 48 8b cb 48 89 05 2d
0x00007ffe71e4bef0:   f1 a6 00 48 83 c4 20 5b 48 ff e0 cc cc cc cc cc
0x00007ffe71e4bf00:   48 8b 01 c3 cc cc cc cc cc cc cc cc cc cc cc cc
0x00007ffe71e4bf10:   48 89 5c 24 08 57 48 83 ec 20 48 8b 39 48 8b d9
0x00007ffe71e4bf20:   48 85 3d e1 bf b1 00 75 0e 48 8b c7 48 8b 5c 24
0x00007ffe71e4bf30:   30 48 83 c4 20 5f c3 48 8b cf e8 11 53 7f 00 48
0x00007ffe71e4bf40:   8b d0 48 85 c0 74 20 48 8b c7 f0 48 0f b1 13 74
0x00007ffe71e4bf50:   16 48 85 05 b0 bf b1 00 74 0d 48 8b c8 f0 48 0f
0x00007ffe71e4bf60:   b1 13 48 3b c1 75 ea 48 8b 5c 24 30 48 8b c2 48
0x00007ffe71e4bf70:   83 c4 20 5f c3 cc cc cc cc cc cc cc cc cc cc cc
0x00007ffe71e4bf80:   8b 44 24 30 45 03 c9 44 2b 4c 24 28 83 c0 0b 44
0x00007ffe71e4bf90:   03 ca 45 03 c8 41 03 c1 c3 cc cc cc cc cc cc cc
0x00007ffe71e4bfa0:   48 8b 41 08 0f b7 48 2a 0f b7 40 28 83 c0 48 03
0x00007ffe71e4bfb0:   c1 c3 cc cc cc cc cc cc cc cc cc cc cc cc cc cc
0x00007ffe71e4bfc0:   48 89 5c 24 08 57 48 83 ec 20 0f b6 05 1f c7 b1
0x00007ffe71e4bfd0:   00 48 8b fa 48 8b d9 84 c0 74 4f 48 85 15 26 bf
0x00007ffe71e4bfe0:   b1 00 74 38 48 8b ca e8 74 55 7f 00 48 8b d0 48
0x00007ffe71e4bff0:   85 db 74 25 48 85 c0 74 20 48 8b c7 f0 48 0f b1 


Stack slot to memory mapping:
stack at sp + 0 slots: 0x00007ffe722225aa jvm.dll
stack at sp + 1 slots: 0x000000d353ffbf19 is pointing into the stack for thread: 0x0000022f73e74870
stack at sp + 2 slots: 0x0000000800000001 is pointing into metadata
stack at sp + 3 slots: 0x0 is NULL
stack at sp + 4 slots: 0x0 is NULL
stack at sp + 5 slots: 0x0000022f73e74870 is a thread
stack at sp + 6 slots: 0x0 is NULL
stack at sp + 7 slots: 0x000000d353ffc070 is pointing into the stack for thread: 0x0000022f73e74870


---------------  P R O C E S S  ---------------

Threads class SMR info:
_java_thread_list=0x0000022f74e88fb0, length=21, elements={
0x0000022f51d98780, 0x0000022f71d51f70, 0x0000022f71d52de0, 0x0000022f71d68e50,
0x0000022f71d6cb30, 0x0000022f71d6d4e0, 0x0000022f71d6de90, 0x0000022f71d6ec20,
0x0000022f71d6f6c0, 0x0000022f71d700b0, 0x0000022f71d3d4d0, 0x0000022f730291d0,
0x0000022f73f724f0, 0x0000022f745f1e00, 0x0000022f73c3ffb0, 0x0000022f73e74870,
0x0000022f51d84480, 0x0000022f51d83610, 0x0000022f51d81460, 0x0000022f51d81e00,
0x0000022f7d3c8c00
}

Java Threads: ( => current thread )
  0x0000022f51d98780 JavaThread "main" [_thread_blocked, id=3552, stack(0x000000d352500000,0x000000d352600000)]
  0x0000022f71d51f70 JavaThread "Reference Handler" daemon [_thread_blocked, id=6880, stack(0x000000d352c00000,0x000000d352d00000)]
  0x0000022f71d52de0 JavaThread "Finalizer" daemon [_thread_blocked, id=16996, stack(0x000000d352d00000,0x000000d352e00000)]
  0x0000022f71d68e50 JavaThread "Signal Dispatcher" daemon [_thread_blocked, id=2176, stack(0x000000d352e00000,0x000000d352f00000)]
  0x0000022f71d6cb30 JavaThread "Attach Listener" daemon [_thread_blocked, id=6628, stack(0x000000d352f00000,0x000000d353000000)]
  0x0000022f71d6d4e0 JavaThread "Service Thread" daemon [_thread_blocked, id=6664, stack(0x000000d353000000,0x000000d353100000)]
  0x0000022f71d6de90 JavaThread "Monitor Deflation Thread" daemon [_thread_blocked, id=16988, stack(0x000000d353100000,0x000000d353200000)]
  0x0000022f71d6ec20 JavaThread "C2 CompilerThread0" daemon [_thread_blocked, id=4016, stack(0x000000d353200000,0x000000d353300000)]
  0x0000022f71d6f6c0 JavaThread "C1 CompilerThread0" daemon [_thread_blocked, id=14848, stack(0x000000d353300000,0x000000d353400000)]
  0x0000022f71d700b0 JavaThread "Sweeper thread" daemon [_thread_blocked, id=17496, stack(0x000000d353400000,0x000000d353500000)]
  0x0000022f71d3d4d0 JavaThread "Common-Cleaner" daemon [_thread_blocked, id=7432, stack(0x000000d353500000,0x000000d353600000)]
  0x0000022f730291d0 JavaThread "Monitor Ctrl-Break" daemon [_thread_in_native, id=8736, stack(0x000000d353a00000,0x000000d353b00000)]
  0x0000022f73f724f0 JavaThread "Notification Thread" daemon [_thread_blocked, id=9244, stack(0x000000d353b00000,0x000000d353c00000)]
  0x0000022f745f1e00 JavaThread "QuantumRenderer-0" daemon [_thread_blocked, id=17196, stack(0x000000d353d00000,0x000000d353e00000)]
  0x0000022f73c3ffb0 JavaThread "InvokeLaterDispatcher" daemon [_thread_blocked, id=9348, stack(0x000000d353e00000,0x000000d353f00000)]
=>0x0000022f73e74870 JavaThread "JavaFX Application Thread" [_thread_in_vm, id=13132, stack(0x000000d353f00000,0x000000d354000000)]
  0x0000022f51d84480 JavaThread "JavaFX-Launcher" [_thread_blocked, id=14972, stack(0x000000d354400000,0x000000d354500000)]
  0x0000022f51d83610 JavaThread "Thread-2" daemon [_thread_in_native, id=14012, stack(0x000000d354300000,0x000000d354400000)]
  0x0000022f51d81460 JavaThread "Prism Font Disposer" daemon [_thread_blocked, id=1064, stack(0x000000d354f00000,0x000000d355000000)]
  0x0000022f51d81e00 JavaThread "Cleaner-0" daemon [_thread_blocked, id=2756, stack(0x000000d355100000,0x000000d355200000)]
  0x0000022f7d3c8c00 JavaThread "mysql-cj-abandoned-connection-cleanup" daemon [_thread_blocked, id=13504, stack(0x000000d353600000,0x000000d353700000)]

Other Threads:
  0x0000022f71d4e350 VMThread "VM Thread" [stack: 0x000000d352b00000,0x000000d352c00000] [id=13596]
  0x0000022f73de9450 WatcherThread [stack: 0x000000d353c00000,0x000000d353d00000] [id=2492]
  0x0000022f51dd8550 GCTaskThread "GC Thread#0" [stack: 0x000000d352600000,0x000000d352700000] [id=6316]
  0x0000022f73c4c980 GCTaskThread "GC Thread#1" [stack: 0x000000d353800000,0x000000d353900000] [id=2560]
  0x0000022f73215120 GCTaskThread "GC Thread#2" [stack: 0x000000d353900000,0x000000d353a00000] [id=16300]
  0x0000022f7445b3d0 GCTaskThread "GC Thread#3" [stack: 0x000000d354500000,0x000000d354600000] [id=9616]
  0x0000022f73bf0bb0 GCTaskThread "GC Thread#4" [stack: 0x000000d354600000,0x000000d354700000] [id=6196]
  0x0000022f73bf0e60 GCTaskThread "GC Thread#5" [stack: 0x000000d354700000,0x000000d354800000] [id=4532]
  0x0000022f74226a60 GCTaskThread "GC Thread#6" [stack: 0x000000d354800000,0x000000d354900000] [id=9316]
  0x0000022f73c85120 GCTaskThread "GC Thread#7" [stack: 0x000000d354900000,0x000000d354a00000] [id=12604]
  0x0000022f51de9010 ConcurrentGCThread "G1 Main Marker" [stack: 0x000000d352700000,0x000000d352800000] [id=14528]
  0x0000022f51dea1c0 ConcurrentGCThread "G1 Conc#0" [stack: 0x000000d352800000,0x000000d352900000] [id=16724]
  0x0000022f71c10090 ConcurrentGCThread "G1 Refine#0" [stack: 0x000000d352900000,0x000000d352a00000] [id=1640]
  0x0000022f744c71c0 ConcurrentGCThread "G1 Refine#1" [stack: 0x000000d354a00000,0x000000d354b00000] [id=17416]
  0x0000022f744c74a0 ConcurrentGCThread "G1 Refine#2" [stack: 0x000000d354b00000,0x000000d354c00000] [id=3556]
  0x0000022f71c10ab0 ConcurrentGCThread "G1 Service" [stack: 0x000000d352a00000,0x000000d352b00000] [id=1564]

Threads with active compile tasks:

VM state: not at safepoint (normal execution)

VM Mutex/Monitor currently owned by a thread: None

Heap address: 0x0000000082400000, size: 2012 MB, Compressed Oops mode: 32-bit

CDS archive(s) mapped at: [0x0000000800000000-0x0000000800bc0000-0x0000000800bc0000), size 12320768, SharedBaseAddress: 0x0000000800000000, ArchiveRelocationMode: 0.
Compressed class space mapped at: 0x0000000800c00000-0x0000000840c00000, reserved size: 1073741824
Narrow klass base: 0x0000000800000000, Narrow klass shift: 0, Narrow klass range: 0x100000000

GC Precious Log:
 CPUs: 8 total, 8 available
 Memory: 8043M
 Large Page Support: Disabled
 NUMA Support: Disabled
 Compressed Oops: Enabled (32-bit)
 Heap Region Size: 1M
 Heap Min Capacity: 8M
 Heap Initial Capacity: 126M
 Heap Max Capacity: 2012M
 Pre-touch: Disabled
 Parallel Workers: 8
 Concurrent Workers: 2
 Concurrent Refinement Workers: 8
 Periodic GC: Disabled

Heap:
 garbage-first heap   total 129024K, used 43594K [0x0000000082400000, 0x0000000100000000)
  region size 1024K, 35 young (35840K), 5 survivors (5120K)
 Metaspace       used 16805K, committed 17088K, reserved 1064960K
  class space    used 2359K, committed 2496K, reserved 1048576K

Heap Regions: E=young(eden), S=young(survivor), O=old, HS=humongous(starts), HC=humongous(continues), CS=collection set, F=free, OA=open archive, CA=closed archive, TAMS=top-at-mark-start (previous, next)
|   0|0x0000000082400000, 0x0000000082500000, 0x0000000082500000|100%|HS|  |TAMS 0x0000000082400000, 0x0000000082400000| Complete 
|   1|0x0000000082500000, 0x0000000082600000, 0x0000000082600000|100%| O|  |TAMS 0x0000000082500000, 0x0000000082500000| Untracked 
|   2|0x0000000082600000, 0x0000000082700000, 0x0000000082700000|100%|HS|  |TAMS 0x0000000082600000, 0x0000000082600000| Complete 
|   3|0x0000000082700000, 0x0000000082800000, 0x0000000082800000|100%| O|  |TAMS 0x0000000082700000, 0x0000000082700000| Untracked 
|   4|0x0000000082800000, 0x0000000082900000, 0x0000000082900000|100%| O|  |TAMS 0x0000000082800000, 0x0000000082800000| Untracked 
|   5|0x0000000082900000, 0x0000000082a00000, 0x0000000082a00000|100%| O|  |TAMS 0x0000000082900000, 0x0000000082900000| Untracked 
|   6|0x0000000082a00000, 0x0000000082a92800, 0x0000000082b00000| 57%| O|  |TAMS 0x0000000082a00000, 0x0000000082a00000| Untracked 
|   7|0x0000000082b00000, 0x0000000082c00000, 0x0000000082c00000|100%|HS|  |TAMS 0x0000000082b00000, 0x0000000082b00000| Complete 
|   8|0x0000000082c00000, 0x0000000082d00000, 0x0000000082d00000|100%|HC|  |TAMS 0x0000000082c00000, 0x0000000082c00000| Complete 
|   9|0x0000000082d00000, 0x0000000082d00000, 0x0000000082e00000|  0%| F|  |TAMS 0x0000000082d00000, 0x0000000082d00000| Untracked 
|  10|0x0000000082e00000, 0x0000000082e00000, 0x0000000082f00000|  0%| F|  |TAMS 0x0000000082e00000, 0x0000000082e00000| Untracked 
|  11|0x0000000082f00000, 0x0000000082f00000, 0x0000000083000000|  0%| F|  |TAMS 0x0000000082f00000, 0x0000000082f00000| Untracked 
|  12|0x0000000083000000, 0x0000000083000000, 0x0000000083100000|  0%| F|  |TAMS 0x0000000083000000, 0x0000000083000000| Untracked 
|  13|0x0000000083100000, 0x0000000083100000, 0x0000000083200000|  0%| F|  |TAMS 0x0000000083100000, 0x0000000083100000| Untracked 
|  14|0x0000000083200000, 0x0000000083200000, 0x0000000083300000|  0%| F|  |TAMS 0x0000000083200000, 0x0000000083200000| Untracked 
|  15|0x0000000083300000, 0x0000000083300000, 0x0000000083400000|  0%| F|  |TAMS 0x0000000083300000, 0x0000000083300000| Untracked 
|  16|0x0000000083400000, 0x0000000083400000, 0x0000000083500000|  0%| F|  |TAMS 0x0000000083400000, 0x0000000083400000| Untracked 
|  17|0x0000000083500000, 0x0000000083500000, 0x0000000083600000|  0%| F|  |TAMS 0x0000000083500000, 0x0000000083500000| Untracked 
|  18|0x0000000083600000, 0x0000000083600000, 0x0000000083700000|  0%| F|  |TAMS 0x0000000083600000, 0x0000000083600000| Untracked 
|  19|0x0000000083700000, 0x0000000083700000, 0x0000000083800000|  0%| F|  |TAMS 0x0000000083700000, 0x0000000083700000| Untracked 
|  20|0x0000000083800000, 0x0000000083800000, 0x0000000083900000|  0%| F|  |TAMS 0x0000000083800000, 0x0000000083800000| Untracked 
|  21|0x0000000083900000, 0x0000000083900000, 0x0000000083a00000|  0%| F|  |TAMS 0x0000000083900000, 0x0000000083900000| Untracked 
|  22|0x0000000083a00000, 0x0000000083a00000, 0x0000000083b00000|  0%| F|  |TAMS 0x0000000083a00000, 0x0000000083a00000| Untracked 
|  23|0x0000000083b00000, 0x0000000083b00000, 0x0000000083c00000|  0%| F|  |TAMS 0x0000000083b00000, 0x0000000083b00000| Untracked 
|  24|0x0000000083c00000, 0x0000000083c00000, 0x0000000083d00000|  0%| F|  |TAMS 0x0000000083c00000, 0x0000000083c00000| Untracked 
|  25|0x0000000083d00000, 0x0000000083d00000, 0x0000000083e00000|  0%| F|  |TAMS 0x0000000083d00000, 0x0000000083d00000| Untracked 
|  26|0x0000000083e00000, 0x0000000083e00000, 0x0000000083f00000|  0%| F|  |TAMS 0x0000000083e00000, 0x0000000083e00000| Untracked 
|  27|0x0000000083f00000, 0x0000000083f00000, 0x0000000084000000|  0%| F|  |TAMS 0x0000000083f00000, 0x0000000083f00000| Untracked 
|  28|0x0000000084000000, 0x0000000084000000, 0x0000000084100000|  0%| F|  |TAMS 0x0000000084000000, 0x0000000084000000| Untracked 
|  29|0x0000000084100000, 0x0000000084100000, 0x0000000084200000|  0%| F|  |TAMS 0x0000000084100000, 0x0000000084100000| Untracked 
|  30|0x0000000084200000, 0x0000000084200000, 0x0000000084300000|  0%| F|  |TAMS 0x0000000084200000, 0x0000000084200000| Untracked 
|  31|0x0000000084300000, 0x0000000084300000, 0x0000000084400000|  0%| F|  |TAMS 0x0000000084300000, 0x0000000084300000| Untracked 
|  32|0x0000000084400000, 0x0000000084400000, 0x0000000084500000|  0%| F|  |TAMS 0x0000000084400000, 0x0000000084400000| Untracked 
|  33|0x0000000084500000, 0x0000000084500000, 0x0000000084600000|  0%| F|  |TAMS 0x0000000084500000, 0x0000000084500000| Untracked 
|  34|0x0000000084600000, 0x0000000084600000, 0x0000000084700000|  0%| F|  |TAMS 0x0000000084600000, 0x0000000084600000| Untracked 
|  35|0x0000000084700000, 0x0000000084700000, 0x0000000084800000|  0%| F|  |TAMS 0x0000000084700000, 0x0000000084700000| Untracked 
|  36|0x0000000084800000, 0x0000000084800000, 0x0000000084900000|  0%| F|  |TAMS 0x0000000084800000, 0x0000000084800000| Untracked 
|  37|0x0000000084900000, 0x0000000084900000, 0x0000000084a00000|  0%| F|  |TAMS 0x0000000084900000, 0x0000000084900000| Untracked 
|  38|0x0000000084a00000, 0x0000000084a00000, 0x0000000084b00000|  0%| F|  |TAMS 0x0000000084a00000, 0x0000000084a00000| Untracked 
|  39|0x0000000084b00000, 0x0000000084b00000, 0x0000000084c00000|  0%| F|  |TAMS 0x0000000084b00000, 0x0000000084b00000| Untracked 
|  40|0x0000000084c00000, 0x0000000084c00000, 0x0000000084d00000|  0%| F|  |TAMS 0x0000000084c00000, 0x0000000084c00000| Untracked 
|  41|0x0000000084d00000, 0x0000000084d00000, 0x0000000084e00000|  0%| F|  |TAMS 0x0000000084d00000, 0x0000000084d00000| Untracked 
|  42|0x0000000084e00000, 0x0000000084e00000, 0x0000000084f00000|  0%| F|  |TAMS 0x0000000084e00000, 0x0000000084e00000| Untracked 
|  43|0x0000000084f00000, 0x0000000084f00000, 0x0000000085000000|  0%| F|  |TAMS 0x0000000084f00000, 0x0000000084f00000| Untracked 
|  44|0x0000000085000000, 0x0000000085000000, 0x0000000085100000|  0%| F|  |TAMS 0x0000000085000000, 0x0000000085000000| Untracked 
|  45|0x0000000085100000, 0x0000000085100000, 0x0000000085200000|  0%| F|  |TAMS 0x0000000085100000, 0x0000000085100000| Untracked 
|  46|0x0000000085200000, 0x0000000085200000, 0x0000000085300000|  0%| F|  |TAMS 0x0000000085200000, 0x0000000085200000| Untracked 
|  47|0x0000000085300000, 0x0000000085300000, 0x0000000085400000|  0%| F|  |TAMS 0x0000000085300000, 0x0000000085300000| Untracked 
|  48|0x0000000085400000, 0x0000000085400000, 0x0000000085500000|  0%| F|  |TAMS 0x0000000085400000, 0x0000000085400000| Untracked 
|  49|0x0000000085500000, 0x0000000085500000, 0x0000000085600000|  0%| F|  |TAMS 0x0000000085500000, 0x0000000085500000| Untracked 
|  50|0x0000000085600000, 0x0000000085600000, 0x0000000085700000|  0%| F|  |TAMS 0x0000000085600000, 0x0000000085600000| Untracked 
|  51|0x0000000085700000, 0x0000000085700000, 0x0000000085800000|  0%| F|  |TAMS 0x0000000085700000, 0x0000000085700000| Untracked 
|  52|0x0000000085800000, 0x0000000085800000, 0x0000000085900000|  0%| F|  |TAMS 0x0000000085800000, 0x0000000085800000| Untracked 
|  53|0x0000000085900000, 0x0000000085900000, 0x0000000085a00000|  0%| F|  |TAMS 0x0000000085900000, 0x0000000085900000| Untracked 
|  54|0x0000000085a00000, 0x0000000085a00000, 0x0000000085b00000|  0%| F|  |TAMS 0x0000000085a00000, 0x0000000085a00000| Untracked 
|  55|0x0000000085b00000, 0x0000000085b00000, 0x0000000085c00000|  0%| F|  |TAMS 0x0000000085b00000, 0x0000000085b00000| Untracked 
|  56|0x0000000085c00000, 0x0000000085c00000, 0x0000000085d00000|  0%| F|  |TAMS 0x0000000085c00000, 0x0000000085c00000| Untracked 
|  57|0x0000000085d00000, 0x0000000085d00000, 0x0000000085e00000|  0%| F|  |TAMS 0x0000000085d00000, 0x0000000085d00000| Untracked 
|  58|0x0000000085e00000, 0x0000000085e00000, 0x0000000085f00000|  0%| F|  |TAMS 0x0000000085e00000, 0x0000000085e00000| Untracked 
|  59|0x0000000085f00000, 0x0000000085f00000, 0x0000000086000000|  0%| F|  |TAMS 0x0000000085f00000, 0x0000000085f00000| Untracked 
|  60|0x0000000086000000, 0x0000000086000000, 0x0000000086100000|  0%| F|  |TAMS 0x0000000086000000, 0x0000000086000000| Untracked 
|  61|0x0000000086100000, 0x0000000086100000, 0x0000000086200000|  0%| F|  |TAMS 0x0000000086100000, 0x0000000086100000| Untracked 
|  62|0x0000000086200000, 0x0000000086200000, 0x0000000086300000|  0%| F|  |TAMS 0x0000000086200000, 0x0000000086200000| Untracked 
|  63|0x0000000086300000, 0x0000000086300000, 0x0000000086400000|  0%| F|  |TAMS 0x0000000086300000, 0x0000000086300000| Untracked 
|  64|0x0000000086400000, 0x0000000086400000, 0x0000000086500000|  0%| F|  |TAMS 0x0000000086400000, 0x0000000086400000| Untracked 
|  65|0x0000000086500000, 0x0000000086500000, 0x0000000086600000|  0%| F|  |TAMS 0x0000000086500000, 0x0000000086500000| Untracked 
|  66|0x0000000086600000, 0x0000000086600000, 0x0000000086700000|  0%| F|  |TAMS 0x0000000086600000, 0x0000000086600000| Untracked 
|  67|0x0000000086700000, 0x0000000086700000, 0x0000000086800000|  0%| F|  |TAMS 0x0000000086700000, 0x0000000086700000| Untracked 
|  68|0x0000000086800000, 0x0000000086800000, 0x0000000086900000|  0%| F|  |TAMS 0x0000000086800000, 0x0000000086800000| Untracked 
|  69|0x0000000086900000, 0x0000000086900000, 0x0000000086a00000|  0%| F|  |TAMS 0x0000000086900000, 0x0000000086900000| Untracked 
|  70|0x0000000086a00000, 0x0000000086a00000, 0x0000000086b00000|  0%| F|  |TAMS 0x0000000086a00000, 0x0000000086a00000| Untracked 
|  71|0x0000000086b00000, 0x0000000086b00000, 0x0000000086c00000|  0%| F|  |TAMS 0x0000000086b00000, 0x0000000086b00000| Untracked 
|  72|0x0000000086c00000, 0x0000000086c00000, 0x0000000086d00000|  0%| F|  |TAMS 0x0000000086c00000, 0x0000000086c00000| Untracked 
|  73|0x0000000086d00000, 0x0000000086d00000, 0x0000000086e00000|  0%| F|  |TAMS 0x0000000086d00000, 0x0000000086d00000| Untracked 
|  74|0x0000000086e00000, 0x0000000086e00000, 0x0000000086f00000|  0%| F|  |TAMS 0x0000000086e00000, 0x0000000086e00000| Untracked 
|  75|0x0000000086f00000, 0x0000000086f00000, 0x0000000087000000|  0%| F|  |TAMS 0x0000000086f00000, 0x0000000086f00000| Untracked 
|  76|0x0000000087000000, 0x0000000087000000, 0x0000000087100000|  0%| F|  |TAMS 0x0000000087000000, 0x0000000087000000| Untracked 
|  77|0x0000000087100000, 0x0000000087100000, 0x0000000087200000|  0%| F|  |TAMS 0x0000000087100000, 0x0000000087100000| Untracked 
|  78|0x0000000087200000, 0x0000000087200000, 0x0000000087300000|  0%| F|  |TAMS 0x0000000087200000, 0x0000000087200000| Untracked 
|  79|0x0000000087300000, 0x0000000087300000, 0x0000000087400000|  0%| F|  |TAMS 0x0000000087300000, 0x0000000087300000| Untracked 
|  80|0x0000000087400000, 0x0000000087400000, 0x0000000087500000|  0%| F|  |TAMS 0x0000000087400000, 0x0000000087400000| Untracked 
|  81|0x0000000087500000, 0x0000000087500000, 0x0000000087600000|  0%| F|  |TAMS 0x0000000087500000, 0x0000000087500000| Untracked 
|  82|0x0000000087600000, 0x0000000087600000, 0x0000000087700000|  0%| F|  |TAMS 0x0000000087600000, 0x0000000087600000| Untracked 
|  83|0x0000000087700000, 0x0000000087700000, 0x0000000087800000|  0%| F|  |TAMS 0x0000000087700000, 0x0000000087700000| Untracked 
|  84|0x0000000087800000, 0x0000000087900000, 0x0000000087900000|100%| S|CS|TAMS 0x0000000087800000, 0x0000000087800000| Complete 
|  85|0x0000000087900000, 0x0000000087a00000, 0x0000000087a00000|100%| S|CS|TAMS 0x0000000087900000, 0x0000000087900000| Complete 
|  86|0x0000000087a00000, 0x0000000087b00000, 0x0000000087b00000|100%| S|CS|TAMS 0x0000000087a00000, 0x0000000087a00000| Complete 
|  87|0x0000000087b00000, 0x0000000087c00000, 0x0000000087c00000|100%| S|CS|TAMS 0x0000000087b00000, 0x0000000087b00000| Complete 
|  88|0x0000000087c00000, 0x0000000087d00000, 0x0000000087d00000|100%| S|CS|TAMS 0x0000000087c00000, 0x0000000087c00000| Complete 
|  89|0x0000000087d00000, 0x0000000087d00000, 0x0000000087e00000|  0%| F|  |TAMS 0x0000000087d00000, 0x0000000087d00000| Untracked 
|  90|0x0000000087e00000, 0x0000000087e00000, 0x0000000087f00000|  0%| F|  |TAMS 0x0000000087e00000, 0x0000000087e00000| Untracked 
|  91|0x0000000087f00000, 0x0000000087f00000, 0x0000000088000000|  0%| F|  |TAMS 0x0000000087f00000, 0x0000000087f00000| Untracked 
|  92|0x0000000088000000, 0x0000000088000000, 0x0000000088100000|  0%| F|  |TAMS 0x0000000088000000, 0x0000000088000000| Untracked 
|  93|0x0000000088100000, 0x0000000088100000, 0x0000000088200000|  0%| F|  |TAMS 0x0000000088100000, 0x0000000088100000| Untracked 
|  94|0x0000000088200000, 0x0000000088200000, 0x0000000088300000|  0%| F|  |TAMS 0x0000000088200000, 0x0000000088200000| Untracked 
|  95|0x0000000088300000, 0x0000000088300000, 0x0000000088400000|  0%| F|  |TAMS 0x0000000088300000, 0x0000000088300000| Untracked 
|  96|0x0000000088400000, 0x0000000088480800, 0x0000000088500000| 50%| E|  |TAMS 0x0000000088400000, 0x0000000088400000| Complete 
|  97|0x0000000088500000, 0x0000000088600000, 0x0000000088600000|100%| E|CS|TAMS 0x0000000088500000, 0x0000000088500000| Complete 
|  98|0x0000000088600000, 0x0000000088700000, 0x0000000088700000|100%| E|CS|TAMS 0x0000000088600000, 0x0000000088600000| Complete 
|  99|0x0000000088700000, 0x0000000088800000, 0x0000000088800000|100%| E|CS|TAMS 0x0000000088700000, 0x0000000088700000| Complete 
| 100|0x0000000088800000, 0x0000000088900000, 0x0000000088900000|100%| E|CS|TAMS 0x0000000088800000, 0x0000000088800000| Complete 
| 101|0x0000000088900000, 0x0000000088a00000, 0x0000000088a00000|100%| E|CS|TAMS 0x0000000088900000, 0x0000000088900000| Complete 
| 102|0x0000000088a00000, 0x0000000088b00000, 0x0000000088b00000|100%| E|CS|TAMS 0x0000000088a00000, 0x0000000088a00000| Complete 
| 103|0x0000000088b00000, 0x0000000088c00000, 0x0000000088c00000|100%| E|CS|TAMS 0x0000000088b00000, 0x0000000088b00000| Complete 
| 104|0x0000000088c00000, 0x0000000088d00000, 0x0000000088d00000|100%| E|CS|TAMS 0x0000000088c00000, 0x0000000088c00000| Complete 
| 105|0x0000000088d00000, 0x0000000088e00000, 0x0000000088e00000|100%| E|CS|TAMS 0x0000000088d00000, 0x0000000088d00000| Complete 
| 106|0x0000000088e00000, 0x0000000088f00000, 0x0000000088f00000|100%| E|CS|TAMS 0x0000000088e00000, 0x0000000088e00000| Complete 
| 107|0x0000000088f00000, 0x0000000089000000, 0x0000000089000000|100%| E|CS|TAMS 0x0000000088f00000, 0x0000000088f00000| Complete 
| 108|0x0000000089000000, 0x0000000089100000, 0x0000000089100000|100%| E|CS|TAMS 0x0000000089000000, 0x0000000089000000| Complete 
| 109|0x0000000089100000, 0x0000000089200000, 0x0000000089200000|100%| E|CS|TAMS 0x0000000089100000, 0x0000000089100000| Complete 
| 110|0x0000000089200000, 0x0000000089300000, 0x0000000089300000|100%| E|CS|TAMS 0x0000000089200000, 0x0000000089200000| Complete 
| 111|0x0000000089300000, 0x0000000089400000, 0x0000000089400000|100%| E|CS|TAMS 0x0000000089300000, 0x0000000089300000| Complete 
| 112|0x0000000089400000, 0x0000000089500000, 0x0000000089500000|100%| E|CS|TAMS 0x0000000089400000, 0x0000000089400000| Complete 
| 113|0x0000000089500000, 0x0000000089600000, 0x0000000089600000|100%| E|CS|TAMS 0x0000000089500000, 0x0000000089500000| Complete 
| 114|0x0000000089600000, 0x0000000089700000, 0x0000000089700000|100%| E|CS|TAMS 0x0000000089600000, 0x0000000089600000| Complete 
| 115|0x0000000089700000, 0x0000000089800000, 0x0000000089800000|100%| E|CS|TAMS 0x0000000089700000, 0x0000000089700000| Complete 
| 116|0x0000000089800000, 0x0000000089900000, 0x0000000089900000|100%| E|CS|TAMS 0x0000000089800000, 0x0000000089800000| Complete 
| 117|0x0000000089900000, 0x0000000089a00000, 0x0000000089a00000|100%| E|CS|TAMS 0x0000000089900000, 0x0000000089900000| Complete 
| 118|0x0000000089a00000, 0x0000000089b00000, 0x0000000089b00000|100%| E|CS|TAMS 0x0000000089a00000, 0x0000000089a00000| Complete 
| 119|0x0000000089b00000, 0x0000000089c00000, 0x0000000089c00000|100%| E|CS|TAMS 0x0000000089b00000, 0x0000000089b00000| Complete 
| 120|0x0000000089c00000, 0x0000000089d00000, 0x0000000089d00000|100%| E|CS|TAMS 0x0000000089c00000, 0x0000000089c00000| Complete 
| 121|0x0000000089d00000, 0x0000000089e00000, 0x0000000089e00000|100%| E|CS|TAMS 0x0000000089d00000, 0x0000000089d00000| Complete 
| 122|0x0000000089e00000, 0x0000000089f00000, 0x0000000089f00000|100%| E|CS|TAMS 0x0000000089e00000, 0x0000000089e00000| Complete 
| 123|0x0000000089f00000, 0x000000008a000000, 0x000000008a000000|100%| E|CS|TAMS 0x0000000089f00000, 0x0000000089f00000| Complete 
| 124|0x000000008a000000, 0x000000008a100000, 0x000000008a100000|100%| E|CS|TAMS 0x000000008a000000, 0x000000008a000000| Complete 
| 125|0x000000008a100000, 0x000000008a200000, 0x000000008a200000|100%| E|CS|TAMS 0x000000008a100000, 0x000000008a100000| Complete 

Card table byte_map: [0x0000022f6ac30000,0x0000022f6b020000] _byte_map_base: 0x0000022f6a81e000

Marking Bits (Prev, Next): (CMBitMap*) 0x0000022f51dd8b60, (CMBitMap*) 0x0000022f51dd8ba0
 Prev Bits: [0x0000022f6b410000, 0x0000022f6d380000)
 Next Bits: [0x0000022f6d380000, 0x0000022f6f2f0000)

Polling page: 0x0000022f51e70000

Metaspace:

Usage:
  Non-class:     14.11 MB used.
      Class:      2.30 MB used.
       Both:     16.41 MB used.

Virtual space:
  Non-class space:       16.00 MB reserved,      14.25 MB ( 89%) committed,  2 nodes.
      Class space:        1.00 GB reserved,       2.44 MB ( <1%) committed,  1 nodes.
             Both:        1.02 GB reserved,      16.69 MB (  2%) committed. 

Chunk freelists:
   Non-Class:  1.03 MB
       Class:  1.55 MB
        Both:  2.58 MB

MaxMetaspaceSize: unlimited
CompressedClassSpaceSize: 1.00 GB
Initial GC threshold: 21.00 MB
Current GC threshold: 21.00 MB
CDS: on
MetaspaceReclaimPolicy: balanced
 - commit_granule_bytes: 65536.
 - commit_granule_words: 8192.
 - virtual_space_node_default_size: 1048576.
 - enlarge_chunks_in_place: 1.
 - new_chunks_are_fully_committed: 0.
 - uncommit_free_chunks: 1.
 - use_allocation_guard: 0.
 - handle_deallocations: 1.


Internal statistics:

num_allocs_failed_limit: 0.
num_arena_births: 216.
num_arena_deaths: 0.
num_vsnodes_births: 3.
num_vsnodes_deaths: 0.
num_space_committed: 267.
num_space_uncommitted: 0.
num_chunks_returned_to_freelist: 0.
num_chunks_taken_from_freelist: 752.
num_chunk_merges: 0.
num_chunk_splits: 526.
num_chunks_enlarged: 410.
num_purges: 0.
num_inconsistent_stats: 0.

CodeHeap 'non-profiled nmethods': size=120000Kb used=1330Kb max_used=1330Kb free=118669Kb
 bounds [0x0000022f62880000, 0x0000022f62af0000, 0x0000022f69db0000]
CodeHeap 'profiled nmethods': size=120000Kb used=5607Kb max_used=5607Kb free=114392Kb
 bounds [0x0000022f5b350000, 0x0000022f5b8d0000, 0x0000022f62880000]
CodeHeap 'non-nmethods': size=5760Kb used=1429Kb max_used=1465Kb free=4330Kb
 bounds [0x0000022f5adb0000, 0x0000022f5b020000, 0x0000022f5b350000]
 total_blobs=3722 nmethods=2931 adapters=702
 compilation: enabled
              stopped_count=0, restarted_count=0
 full_count=0

Compilation events (20 events):
Event: 8.092 Thread 0x0000022f71d6ec20 2941       4       sun.security.provider.DigestBase::engineUpdate (32 bytes)
Event: 8.092 Thread 0x0000022f71d6f6c0 2943 % !   3       org.sqlite.SQLiteJDBCLoader::md5sum @ 25 (104 bytes)
Event: 8.093 Thread 0x0000022f71d6f6c0 nmethod 2943% 0x0000022f5b8c2a90 code [0x0000022f5b8c2e00, 0x0000022f5b8c4768]
Event: 8.093 Thread 0x0000022f71d6f6c0 2944   !   3       org.sqlite.SQLiteJDBCLoader::md5sum (104 bytes)
Event: 8.094 Thread 0x0000022f71d6f6c0 nmethod 2944 0x0000022f5b8c5390 code [0x0000022f5b8c5700, 0x0000022f5b8c6d08]
Event: 8.095 Thread 0x0000022f71d6ec20 nmethod 2941 0x0000022f629c6c90 code [0x0000022f629c6e20, 0x0000022f629c7298]
Event: 8.095 Thread 0x0000022f71d6ec20 2945 % !   4       org.sqlite.SQLiteJDBCLoader::md5sum @ 25 (104 bytes)
Event: 8.105 Thread 0x0000022f71d6ec20 nmethod 2945% 0x0000022f629c7690 code [0x0000022f629c7860, 0x0000022f629c8578]
Event: 8.105 Thread 0x0000022f71d6ec20 2942       4       java.security.DigestInputStream::read (31 bytes)
Event: 8.110 Thread 0x0000022f71d6ec20 nmethod 2942 0x0000022f629c8d90 code [0x0000022f629c8f40, 0x0000022f629c9928]
Event: 8.111 Thread 0x0000022f71d6f6c0 2946       3       sun.security.provider.DigestBase::engineUpdate (32 bytes)
Event: 8.111 Thread 0x0000022f71d6f6c0 nmethod 2946 0x0000022f5b8c7890 code [0x0000022f5b8c7a40, 0x0000022f5b8c7d08]
Event: 8.111 Thread 0x0000022f71d6ec20 2947       4       sun.security.provider.DigestBase::engineUpdate (32 bytes)
Event: 8.115 Thread 0x0000022f71d6ec20 nmethod 2947 0x0000022f629c9f90 code [0x0000022f629ca120, 0x0000022f629ca758]
Event: 8.115 Thread 0x0000022f71d6ec20 2948 % !   4       org.sqlite.SQLiteJDBCLoader::md5sum @ 25 (104 bytes)
Event: 8.130 Thread 0x0000022f71d6f6c0 2949       3       java.io.File::exists (34 bytes)
Event: 8.130 Thread 0x0000022f71d6f6c0 nmethod 2949 0x0000022f5b8c7e10 code [0x0000022f5b8c8000, 0x0000022f5b8c8548]
Event: 8.131 Thread 0x0000022f71d6ec20 nmethod 2948% 0x0000022f629cab90 code [0x0000022f629cadc0, 0x0000022f629cbfd0]
Event: 8.136 Thread 0x0000022f71d6f6c0 2950       3       java.lang.invoke.ClassSpecializer$SpeciesData::transformHelper (56 bytes)
Event: 8.137 Thread 0x0000022f71d6f6c0 nmethod 2950 0x0000022f5b8c8710 code [0x0000022f5b8c89a0, 0x0000022f5b8c99e8]

GC Heap History (4 events):
Event: 0.363 GC heap before
{Heap before GC invocations=0 (full 0):
 garbage-first heap   total 129024K, used 23552K [0x0000000082400000, 0x0000000100000000)
  region size 1024K, 23 young (23552K), 0 survivors (0K)
 Metaspace       used 933K, committed 1152K, reserved 1056768K
  class space    used 72K, committed 192K, reserved 1048576K
}
Event: 0.366 GC heap after
{Heap after GC invocations=1 (full 0):
 garbage-first heap   total 129024K, used 3203K [0x0000000082400000, 0x0000000100000000)
  region size 1024K, 3 young (3072K), 3 survivors (3072K)
 Metaspace       used 933K, committed 1152K, reserved 1056768K
  class space    used 72K, committed 192K, reserved 1048576K
}
Event: 1.093 GC heap before
{Heap before GC invocations=1 (full 0):
 garbage-first heap   total 129024K, used 39043K [0x0000000082400000, 0x0000000100000000)
  region size 1024K, 37 young (37888K), 3 survivors (3072K)
 Metaspace       used 10209K, committed 10368K, reserved 1064960K
  class space    used 1332K, committed 1408K, reserved 1048576K
}
Event: 1.099 GC heap after
{Heap after GC invocations=2 (full 0):
 garbage-first heap   total 129024K, used 11850K [0x0000000082400000, 0x0000000100000000)
  region size 1024K, 5 young (5120K), 5 survivors (5120K)
 Metaspace       used 10209K, committed 10368K, reserved 1064960K
  class space    used 1332K, committed 1408K, reserved 1048576K
}

Deoptimization events (20 events):
Event: 2.188 Thread 0x0000022f745f1e00 DEOPT PACKING pc=0x0000022f5b8120c2 sp=0x000000d353dfdee0
Event: 2.188 Thread 0x0000022f745f1e00 DEOPT UNPACKING pc=0x0000022f5ae02b43 sp=0x000000d353dfd390 mode 0
Event: 2.204 Thread 0x0000022f745f1e00 DEOPT PACKING pc=0x0000022f5b80e1f7 sp=0x000000d353dfe260
Event: 2.204 Thread 0x0000022f745f1e00 DEOPT UNPACKING pc=0x0000022f5ae02b43 sp=0x000000d353dfd680 mode 0
Event: 2.322 Thread 0x0000022f745f1e00 DEOPT PACKING pc=0x0000022f5b82bb7c sp=0x000000d353dfe100
Event: 2.322 Thread 0x0000022f745f1e00 DEOPT UNPACKING pc=0x0000022f5ae02b43 sp=0x000000d353dfd538 mode 0
Event: 8.105 Thread 0x0000022f73e74870 DEOPT PACKING pc=0x0000022f5b8c419a sp=0x000000d353ffb350
Event: 8.105 Thread 0x0000022f73e74870 DEOPT UNPACKING pc=0x0000022f5ae02b43 sp=0x000000d353ffa898 mode 0
Event: 8.110 Thread 0x0000022f73e74870 Uncommon trap: trap_request=0xffffff45 fr.pc=0x0000022f629c7fcc relative=0x000000000000076c
Event: 8.110 Thread 0x0000022f73e74870 Uncommon trap: reason=unstable_if action=reinterpret pc=0x0000022f629c7fcc method=java.security.DigestInputStream.read()I @ 17 c2
Event: 8.110 Thread 0x0000022f73e74870 DEOPT PACKING pc=0x0000022f629c7fcc sp=0x000000d353ffb3c0
Event: 8.110 Thread 0x0000022f73e74870 DEOPT UNPACKING pc=0x0000022f5ae023a3 sp=0x000000d353ffb330 mode 2
Event: 8.110 Thread 0x0000022f73e74870 Uncommon trap: trap_request=0xffffff45 fr.pc=0x0000022f6288cfdc relative=0x000000000000015c
Event: 8.110 Thread 0x0000022f73e74870 Uncommon trap: reason=unstable_if action=reinterpret pc=0x0000022f6288cfdc method=java.lang.StringCoding.hasNegatives([BII)Z @ 12 c2
Event: 8.110 Thread 0x0000022f73e74870 DEOPT PACKING pc=0x0000022f6288cfdc sp=0x000000d353ffb180
Event: 8.110 Thread 0x0000022f73e74870 DEOPT UNPACKING pc=0x0000022f5ae023a3 sp=0x000000d353ffb110 mode 2
Event: 8.110 Thread 0x0000022f73e74870 Uncommon trap: trap_request=0xffffff45 fr.pc=0x0000022f629c721c relative=0x00000000000003fc
Event: 8.111 Thread 0x0000022f73e74870 Uncommon trap: reason=unstable_if action=reinterpret pc=0x0000022f629c721c method=sun.security.provider.DigestBase.engineUpdate(B)V @ 4 c2
Event: 8.111 Thread 0x0000022f73e74870 DEOPT PACKING pc=0x0000022f629c721c sp=0x000000d353ffb2f0
Event: 8.111 Thread 0x0000022f73e74870 DEOPT UNPACKING pc=0x0000022f5ae023a3 sp=0x000000d353ffb2d0 mode 2

Classes unloaded (0 events):
No events

Classes redefined (0 events):
No events

Internal exceptions (20 events):
Event: 1.152 Thread 0x0000022f73e74870 Exception <a 'java/io/FileNotFoundException'{0x0000000089d38768}> (0x0000000089d38768) 
thrown [t:\workspace\open\src\hotspot\share\prims\jni.cpp, line 516]
Event: 1.298 Thread 0x0000022f73e74870 Exception <a 'java/lang/NoSuchMethodError'{0x00000000898134b8}: 'java.lang.Object java.lang.invoke.DirectMethodHandle$Holder.invokeInterface(java.lang.Object, java.lang.Object, java.lang.Object)'> (0x00000000898134b8) 
thrown [t:\workspace\open\src\hotspot\share\interpreter\linkResolver.cpp, line 766]
Event: 1.298 Thread 0x0000022f73e74870 Exception <a 'java/lang/IncompatibleClassChangeError'{0x0000000089816e40}: Found class java.lang.Object, but interface was expected> (0x0000000089816e40) 
thrown [t:\workspace\open\src\hotspot\share\interpreter\linkResolver.cpp, line 833]
Event: 1.371 Thread 0x0000022f73e74870 Exception <a 'java/lang/ClassNotFoundException'{0x00000000896dce60}: com/sun/javafx/scene/control/skin/resources/controls> (0x00000000896dce60) 
thrown [t:\workspace\open\src\hotspot\share\prims\jni.cpp, line 535]
Event: 1.372 Thread 0x0000022f73e74870 Exception <a 'java/lang/ClassNotFoundException'{0x00000000896eae00}: com/sun/javafx/scene/control/skin/resources/controls_en> (0x00000000896eae00) 
thrown [t:\workspace\open\src\hotspot\share\prims\jni.cpp, line 535]
Event: 1.372 Thread 0x0000022f73e74870 Exception <a 'java/lang/ClassNotFoundException'{0x00000000896ec2d0}: com/sun/javafx/scene/control/skin/resources/controls_en_US> (0x00000000896ec2d0) 
thrown [t:\workspace\open\src\hotspot\share\prims\jni.cpp, line 535]
Event: 1.562 Thread 0x0000022f73e74870 Exception <a 'java/lang/NoSuchMethodError'{0x0000000088b7daf0}: 'java.lang.Object java.lang.invoke.DirectMethodHandle$Holder.newInvokeSpecial(java.lang.Object, java.lang.Object, int)'> (0x0000000088b7daf0) 
thrown [t:\workspace\open\src\hotspot\share\interpreter\linkResolver.cpp, line 766]
Event: 1.568 Thread 0x0000022f73e74870 Implicit null exception at 0x0000022f62940b4a to 0x0000022f629413d0
Event: 1.569 Thread 0x0000022f73e74870 Implicit null exception at 0x0000022f62940b4a to 0x0000022f629413d0
Event: 1.569 Thread 0x0000022f73e74870 Implicit null exception at 0x0000022f62940b4a to 0x0000022f629413d0
Event: 1.569 Thread 0x0000022f73e74870 Implicit null exception at 0x0000022f62940b4a to 0x0000022f629413d0
Event: 1.607 Thread 0x0000022f745f1e00 Exception <a 'java/lang/NoSuchMethodError'{0x0000000088ad6fe8}: 'int java.lang.invoke.DirectMethodHandle$Holder.invokeStaticInit(java.lang.Object, java.lang.Object)'> (0x0000000088ad6fe8) 
thrown [t:\workspace\open\src\hotspot\share\interpreter\linkResolver.cpp, line 766]
Event: 3.395 Thread 0x0000022f73e74870 Exception <a 'java/lang/NoSuchMethodError'{0x00000000885040b8}: 'long java.lang.invoke.DirectMethodHandle$Holder.invokeStatic(java.lang.Object, java.lang.Object, java.lang.Object)'> (0x00000000885040b8) 
thrown [t:\workspace\open\src\hotspot\share\interpreter\linkResolver.cpp, line 766]
Event: 3.395 Thread 0x0000022f73e74870 Exception <a 'java/lang/NoSuchMethodError'{0x0000000088507860}: 'long java.lang.invoke.DirectMethodHandle$Holder.invokeStaticInit(java.lang.Object, java.lang.Object, java.lang.Object)'> (0x0000000088507860) 
thrown [t:\workspace\open\src\hotspot\share\interpreter\linkResolver.cpp, line 766]
Event: 3.397 Thread 0x0000022f73e74870 Exception <a 'java/lang/NoSuchMethodError'{0x000000008851f468}: 'java.lang.Object java.lang.invoke.DirectMethodHandle$Holder.newInvokeSpecial(java.lang.Object, java.lang.Object, long)'> (0x000000008851f468) 
thrown [t:\workspace\open\src\hotspot\share\interpreter\linkResolver.cpp, line 766]
Event: 3.397 Thread 0x0000022f73e74870 Exception <a 'java/lang/NoSuchMethodError'{0x0000000088522fd8}: 'java.lang.Object java.lang.invoke.Invokers$Holder.linkToTargetMethod(java.lang.Object, long, java.lang.Object)'> (0x0000000088522fd8) 
thrown [t:\workspace\open\src\hotspot\share\interpreter\linkResolver.cpp, line 766]
Event: 8.075 Thread 0x0000022f73e74870 Exception <a 'sun/nio/fs/WindowsException'{0x000000008855d8c8}> (0x000000008855d8c8) 
thrown [t:\workspace\open\src\hotspot\share\prims\jni.cpp, line 516]
Event: 8.087 Thread 0x0000022f73e74870 Exception <a 'sun/nio/fs/WindowsException'{0x00000000885d76f0}> (0x00000000885d76f0) 
thrown [t:\workspace\open\src\hotspot\share\prims\jni.cpp, line 516]
Event: 8.087 Thread 0x0000022f73e74870 Exception <a 'sun/nio/fs/WindowsException'{0x00000000885d8dd0}> (0x00000000885d8dd0) 
thrown [t:\workspace\open\src\hotspot\share\prims\jni.cpp, line 516]
Event: 8.110 Thread 0x0000022f73e74870 Implicit null exception at 0x0000022f629c6e53 to 0x0000022f629c7200

VM Operations (20 events):
Event: 0.876 Executing VM operation: HandshakeAllThreads
Event: 0.876 Executing VM operation: HandshakeAllThreads done
Event: 0.927 Executing VM operation: ICBufferFull
Event: 0.927 Executing VM operation: ICBufferFull done
Event: 1.093 Executing VM operation: G1CollectForAllocation
Event: 1.099 Executing VM operation: G1CollectForAllocation done
Event: 1.375 Executing VM operation: ICBufferFull
Event: 1.375 Executing VM operation: ICBufferFull done
Event: 1.547 Executing VM operation: ICBufferFull
Event: 1.547 Executing VM operation: ICBufferFull done
Event: 2.547 Executing VM operation: Cleanup
Event: 2.548 Executing VM operation: Cleanup done
Event: 3.548 Executing VM operation: Cleanup
Event: 3.548 Executing VM operation: Cleanup done
Event: 4.548 Executing VM operation: Cleanup
Event: 4.548 Executing VM operation: Cleanup done
Event: 8.078 Executing VM operation: HandshakeAllThreads
Event: 8.078 Executing VM operation: HandshakeAllThreads done
Event: 8.078 Executing VM operation: Cleanup
Event: 8.078 Executing VM operation: Cleanup done

Events (20 events):
Event: 1.668 loading class java/nio/DoubleBuffer done
Event: 1.668 loading class java/nio/DirectFloatBufferU
Event: 1.668 loading class java/nio/DirectFloatBufferU done
Event: 1.916 Thread 0x0000022f72959c00 Thread exited: 0x0000022f72959c00
Event: 1.916 Thread 0x0000022f72959430 Thread exited: 0x0000022f72959430
Event: 2.183 Thread 0x0000022f72959380 Thread added: 0x0000022f72959380
Event: 2.215 Thread 0x0000022f7443d870 Thread added: 0x0000022f7443d870
Event: 2.436 Thread 0x0000022f7443d870 Thread exited: 0x0000022f7443d870
Event: 2.731 Thread 0x0000022f72959380 Thread exited: 0x0000022f72959380
Event: 3.370 loading class java/io/UnsupportedEncodingException
Event: 3.370 loading class java/io/UnsupportedEncodingException done
Event: 8.073 Loaded shared library C:\Users\Tech Land\.jdks\openjdk-17.0.2\bin\verify.dll
Event: 8.077 loading class java/util/concurrent/Executors$FinalizableDelegatedExecutorService
Event: 8.077 loading class java/util/concurrent/Executors$DelegatedExecutorService
Event: 8.077 loading class java/util/concurrent/Executors$DelegatedExecutorService done
Event: 8.077 loading class java/util/concurrent/Executors$FinalizableDelegatedExecutorService done
Event: 8.078 Thread 0x0000022f7d3c8c00 Thread added: 0x0000022f7d3c8c00
Event: 8.131 Loaded shared library C:\Users\Tech Land\AppData\Local\Temp\sqlite-3.7.2-sqlitejdbc.dll
Event: 8.135 loading class java/io/StringReader
Event: 8.135 loading class java/io/StringReader done


Dynamic libraries:
0x00007ff781a70000 - 0x00007ff781a7e000 	C:\Users\Tech Land\.jdks\openjdk-17.0.2\bin\java.exe
0x00007ffee4710000 - 0x00007ffee4905000 	C:\WINDOWS\SYSTEM32\ntdll.dll
0x00007ffee3650000 - 0x00007ffee370e000 	C:\WINDOWS\System32\KERNEL32.DLL
0x00007ffee2230000 - 0x00007ffee24f8000 	C:\WINDOWS\System32\KERNELBASE.dll
0x00007ffee1f90000 - 0x00007ffee2090000 	C:\WINDOWS\System32\ucrtbase.dll
0x00007ffecd810000 - 0x00007ffecd82a000 	C:\Users\Tech Land\.jdks\openjdk-17.0.2\bin\VCRUNTIME140.dll
0x00007ffecdc30000 - 0x00007ffecdc48000 	C:\Users\Tech Land\.jdks\openjdk-17.0.2\bin\jli.dll
0x00007ffee4230000 - 0x00007ffee43d0000 	C:\WINDOWS\System32\USER32.dll
0x00007ffee26d0000 - 0x00007ffee26f2000 	C:\WINDOWS\System32\win32u.dll
0x00007ffee37b0000 - 0x00007ffee37db000 	C:\WINDOWS\System32\GDI32.dll
0x00007ffee2500000 - 0x00007ffee260b000 	C:\WINDOWS\System32\gdi32full.dll
0x00007ffee2090000 - 0x00007ffee212d000 	C:\WINDOWS\System32\msvcp_win.dll
0x00007ffec9260000 - 0x00007ffec94fa000 	C:\WINDOWS\WinSxS\amd64_microsoft.windows.common-controls_6595b64144ccf1df_6.0.19041.1110_none_60b5254171f9507e\COMCTL32.dll
0x00007ffee4630000 - 0x00007ffee46ce000 	C:\WINDOWS\System32\msvcrt.dll
0x00007ffee35b0000 - 0x00007ffee35e0000 	C:\WINDOWS\System32\IMM32.DLL
0x00007ffed7640000 - 0x00007ffed764c000 	C:\Users\Tech Land\.jdks\openjdk-17.0.2\bin\vcruntime140_1.dll
0x00007ffeb3110000 - 0x00007ffeb319d000 	C:\Users\Tech Land\.jdks\openjdk-17.0.2\bin\msvcp140.dll
0x00007ffe71e40000 - 0x00007ffe72a01000 	C:\Users\Tech Land\.jdks\openjdk-17.0.2\bin\server\jvm.dll
0x00007ffee43d0000 - 0x00007ffee447e000 	C:\WINDOWS\System32\ADVAPI32.dll
0x00007ffee3710000 - 0x00007ffee37ac000 	C:\WINDOWS\System32\sechost.dll
0x00007ffee4100000 - 0x00007ffee4225000 	C:\WINDOWS\System32\RPCRT4.dll
0x00007ffee3fb0000 - 0x00007ffee3fb8000 	C:\WINDOWS\System32\PSAPI.DLL
0x00007ffedc1e0000 - 0x00007ffedc1e9000 	C:\WINDOWS\SYSTEM32\WSOCK32.dll
0x00007ffec09c0000 - 0x00007ffec09e7000 	C:\WINDOWS\SYSTEM32\WINMM.dll
0x00007ffed7f10000 - 0x00007ffed7f1a000 	C:\WINDOWS\SYSTEM32\VERSION.dll
0x00007ffee35e0000 - 0x00007ffee364b000 	C:\WINDOWS\System32\WS2_32.dll
0x00007ffee0700000 - 0x00007ffee0712000 	C:\WINDOWS\SYSTEM32\kernel.appcore.dll
0x00007ffed6ca0000 - 0x00007ffed6caa000 	C:\Users\Tech Land\.jdks\openjdk-17.0.2\bin\jimage.dll
0x00007ffedca80000 - 0x00007ffedcc64000 	C:\WINDOWS\SYSTEM32\DBGHELP.DLL
0x00007ffec6450000 - 0x00007ffec647c000 	C:\WINDOWS\SYSTEM32\dbgcore.DLL
0x00007ffee2610000 - 0x00007ffee2692000 	C:\WINDOWS\System32\bcryptPrimitives.dll
0x00007ffed6360000 - 0x00007ffed636e000 	C:\Users\Tech Land\.jdks\openjdk-17.0.2\bin\instrument.dll
0x00007ffecbdb0000 - 0x00007ffecbdd5000 	C:\Users\Tech Land\.jdks\openjdk-17.0.2\bin\java.dll
0x00007ffeafd60000 - 0x00007ffeafe36000 	C:\Users\Tech Land\.jdks\openjdk-17.0.2\bin\jsvml.dll
0x00007ffee2770000 - 0x00007ffee2eb4000 	C:\WINDOWS\System32\SHELL32.dll
0x00007ffedff20000 - 0x00007ffee06b4000 	C:\WINDOWS\SYSTEM32\windows.storage.dll
0x00007ffee2ec0000 - 0x00007ffee3214000 	C:\WINDOWS\System32\combase.dll
0x00007ffee1890000 - 0x00007ffee18bc000 	C:\WINDOWS\SYSTEM32\Wldp.dll
0x00007ffee3d70000 - 0x00007ffee3e1d000 	C:\WINDOWS\System32\SHCORE.dll
0x00007ffee33f0000 - 0x00007ffee3445000 	C:\WINDOWS\System32\shlwapi.dll
0x00007ffee1d70000 - 0x00007ffee1d8f000 	C:\WINDOWS\SYSTEM32\profapi.dll
0x00007ffecbd90000 - 0x00007ffecbda9000 	C:\Users\Tech Land\.jdks\openjdk-17.0.2\bin\net.dll
0x00007ffed3ad0000 - 0x00007ffed3bd9000 	C:\WINDOWS\SYSTEM32\WINHTTP.dll
0x00007ffee15f0000 - 0x00007ffee165a000 	C:\WINDOWS\system32\mswsock.dll
0x00007ffec6a60000 - 0x00007ffec6a76000 	C:\Users\Tech Land\.jdks\openjdk-17.0.2\bin\nio.dll
0x00007ffec6a40000 - 0x00007ffec6a58000 	C:\Users\Tech Land\.jdks\openjdk-17.0.2\bin\zip.dll
0x00007ffec5eb0000 - 0x00007ffec5eca000 	C:\Program Files\JetBrains\IntelliJ IDEA 2021.3.2\bin\breakgen64.dll
0x0000022f71f20000 - 0x0000022f71f23000 	C:\Users\Tech Land\.openjfx\cache\17.0.1\api-ms-win-core-console-l1-1-0.dll
0x0000022f71f30000 - 0x0000022f71f33000 	C:\Users\Tech Land\.openjfx\cache\17.0.1\api-ms-win-core-console-l1-2-0.dll
0x0000022f71f40000 - 0x0000022f71f43000 	C:\Users\Tech Land\.openjfx\cache\17.0.1\api-ms-win-core-datetime-l1-1-0.dll
0x0000022f71f50000 - 0x0000022f71f53000 	C:\Users\Tech Land\.openjfx\cache\17.0.1\api-ms-win-core-debug-l1-1-0.dll
0x0000022f71f60000 - 0x0000022f71f63000 	C:\Users\Tech Land\.openjfx\cache\17.0.1\api-ms-win-core-errorhandling-l1-1-0.dll
0x0000022f71f70000 - 0x0000022f71f74000 	C:\Users\Tech Land\.openjfx\cache\17.0.1\api-ms-win-core-file-l1-1-0.dll
0x0000022f71f80000 - 0x0000022f71f83000 	C:\Users\Tech Land\.openjfx\cache\17.0.1\api-ms-win-core-file-l1-2-0.dll
0x0000022f71f90000 - 0x0000022f71f93000 	C:\Users\Tech Land\.openjfx\cache\17.0.1\api-ms-win-core-file-l2-1-0.dll
0x0000022f71fa0000 - 0x0000022f71fa3000 	C:\Users\Tech Land\.openjfx\cache\17.0.1\api-ms-win-core-handle-l1-1-0.dll
0x0000022f71fb0000 - 0x0000022f71fb3000 	C:\Users\Tech Land\.openjfx\cache\17.0.1\api-ms-win-core-heap-l1-1-0.dll
0x0000022f71fc0000 - 0x0000022f71fc3000 	C:\Users\Tech Land\.openjfx\cache\17.0.1\api-ms-win-core-interlocked-l1-1-0.dll
0x0000022f71fd0000 - 0x0000022f71fd3000 	C:\Users\Tech Land\.openjfx\cache\17.0.1\api-ms-win-core-libraryloader-l1-1-0.dll
0x0000022f71fe0000 - 0x0000022f71fe3000 	C:\Users\Tech Land\.openjfx\cache\17.0.1\api-ms-win-core-localization-l1-2-0.dll
0x0000022f71ff0000 - 0x0000022f71ff3000 	C:\Users\Tech Land\.openjfx\cache\17.0.1\api-ms-win-core-memory-l1-1-0.dll
0x0000022f754c0000 - 0x0000022f754c3000 	C:\Users\Tech Land\.openjfx\cache\17.0.1\api-ms-win-core-namedpipe-l1-1-0.dll
0x0000022f754d0000 - 0x0000022f754d3000 	C:\Users\Tech Land\.openjfx\cache\17.0.1\api-ms-win-core-processenvironment-l1-1-0.dll
0x0000022f754e0000 - 0x0000022f754e3000 	C:\Users\Tech Land\.openjfx\cache\17.0.1\api-ms-win-core-processthreads-l1-1-0.dll
0x0000022f754f0000 - 0x0000022f754f3000 	C:\Users\Tech Land\.openjfx\cache\17.0.1\api-ms-win-core-processthreads-l1-1-1.dll
0x0000022f75500000 - 0x0000022f75503000 	C:\Users\Tech Land\.openjfx\cache\17.0.1\api-ms-win-core-profile-l1-1-0.dll
0x0000022f75510000 - 0x0000022f75513000 	C:\Users\Tech Land\.openjfx\cache\17.0.1\api-ms-win-core-rtlsupport-l1-1-0.dll
0x0000022f75520000 - 0x0000022f75523000 	C:\Users\Tech Land\.openjfx\cache\17.0.1\api-ms-win-core-string-l1-1-0.dll
0x0000022f75530000 - 0x0000022f75533000 	C:\Users\Tech Land\.openjfx\cache\17.0.1\api-ms-win-core-synch-l1-1-0.dll
0x0000022f75540000 - 0x0000022f75543000 	C:\Users\Tech Land\.openjfx\cache\17.0.1\api-ms-win-core-synch-l1-2-0.dll
0x0000022f753a0000 - 0x0000022f753a3000 	C:\Users\Tech Land\.openjfx\cache\17.0.1\api-ms-win-core-sysinfo-l1-1-0.dll
0x0000022f753b0000 - 0x0000022f753b3000 	C:\Users\Tech Land\.openjfx\cache\17.0.1\api-ms-win-core-timezone-l1-1-0.dll
0x0000022f753c0000 - 0x0000022f753c3000 	C:\Users\Tech Land\.openjfx\cache\17.0.1\api-ms-win-core-util-l1-1-0.dll
0x0000022f753d0000 - 0x0000022f753d3000 	C:\Users\Tech Land\.openjfx\cache\17.0.1\api-ms-win-crt-conio-l1-1-0.dll
0x0000022f753e0000 - 0x0000022f753e4000 	C:\Users\Tech Land\.openjfx\cache\17.0.1\api-ms-win-crt-convert-l1-1-0.dll
0x0000022f753f0000 - 0x0000022f753f3000 	C:\Users\Tech Land\.openjfx\cache\17.0.1\api-ms-win-crt-environment-l1-1-0.dll
0x0000022f75400000 - 0x0000022f75403000 	C:\Users\Tech Land\.openjfx\cache\17.0.1\api-ms-win-crt-filesystem-l1-1-0.dll
0x0000022f75410000 - 0x0000022f75413000 	C:\Users\Tech Land\.openjfx\cache\17.0.1\api-ms-win-crt-heap-l1-1-0.dll
0x0000022f75420000 - 0x0000022f75423000 	C:\Users\Tech Land\.openjfx\cache\17.0.1\api-ms-win-crt-locale-l1-1-0.dll
0x0000022f75430000 - 0x0000022f75435000 	C:\Users\Tech Land\.openjfx\cache\17.0.1\api-ms-win-crt-math-l1-1-0.dll
0x0000022f75440000 - 0x0000022f75445000 	C:\Users\Tech Land\.openjfx\cache\17.0.1\api-ms-win-crt-multibyte-l1-1-0.dll
0x0000022f75450000 - 0x0000022f75460000 	C:\Users\Tech Land\.openjfx\cache\17.0.1\api-ms-win-crt-private-l1-1-0.dll
0x0000022f75460000 - 0x0000022f75463000 	C:\Users\Tech Land\.openjfx\cache\17.0.1\api-ms-win-crt-process-l1-1-0.dll
0x0000022f75470000 - 0x0000022f75474000 	C:\Users\Tech Land\.openjfx\cache\17.0.1\api-ms-win-crt-runtime-l1-1-0.dll
0x0000022f75480000 - 0x0000022f75484000 	C:\Users\Tech Land\.openjfx\cache\17.0.1\api-ms-win-crt-stdio-l1-1-0.dll
0x0000022f75490000 - 0x0000022f75494000 	C:\Users\Tech Land\.openjfx\cache\17.0.1\api-ms-win-crt-string-l1-1-0.dll
0x0000022f754a0000 - 0x0000022f754a3000 	C:\Users\Tech Land\.openjfx\cache\17.0.1\api-ms-win-crt-time-l1-1-0.dll
0x0000022f754b0000 - 0x0000022f754b3000 	C:\Users\Tech Land\.openjfx\cache\17.0.1\api-ms-win-crt-utility-l1-1-0.dll
0x00007ffeaba60000 - 0x00007ffeabb5c000 	C:\Users\Tech Land\.openjfx\cache\17.0.1\ucrtbase.dll
0x00007ffec5e90000 - 0x00007ffec5eaa000 	C:\Users\Tech Land\.openjfx\cache\17.0.1\vcruntime140.dll
0x00007ffecbce0000 - 0x00007ffecbcec000 	C:\Users\Tech Land\.openjfx\cache\17.0.1\vcruntime140_1.dll
0x00007ffeb1f30000 - 0x00007ffeb1fbd000 	C:\Users\Tech Land\.openjfx\cache\17.0.1\msvcp140.dll
0x00007ffec2950000 - 0x00007ffec297a000 	C:\Users\Tech Land\.openjfx\cache\17.0.1\prism_d3d.dll
0x00007ffecdf00000 - 0x00007ffece0cf000 	C:\WINDOWS\system32\d3d9.dll
0x00007ffedc660000 - 0x00007ffedc68f000 	C:\WINDOWS\SYSTEM32\dwmapi.dll
0x00007ffedc470000 - 0x00007ffedc50e000 	C:\WINDOWS\system32\uxtheme.dll
0x00007ffe94930000 - 0x00007ffe94a93000 	C:\WINDOWS\System32\DriverStore\FileRepository\iigd_dch.inf_amd64_e9b40d45ab4dc6b8\igdumdim64.dll
0x00007ffe6add0000 - 0x00007ffe6e7d4000 	C:\WINDOWS\System32\DriverStore\FileRepository\iigd_dch.inf_amd64_e9b40d45ab4dc6b8\igd9dxva64.dll
0x00007ffee3e80000 - 0x00007ffee3faa000 	C:\WINDOWS\System32\ole32.dll
0x00007ffee3fc0000 - 0x00007ffee408d000 	C:\WINDOWS\System32\OLEAUT32.dll
0x00007ffee3840000 - 0x00007ffee3cb0000 	C:\WINDOWS\System32\SETUPAPI.dll
0x00007ffee2130000 - 0x00007ffee217e000 	C:\WINDOWS\System32\cfgmgr32.dll
0x00007ffee26a0000 - 0x00007ffee26c7000 	C:\WINDOWS\System32\bcrypt.dll
0x00007ffed1b70000 - 0x00007ffed1daf000 	C:\WINDOWS\System32\DriverStore\FileRepository\iigd_dch.inf_amd64_e9b40d45ab4dc6b8\igdgmm64.dll
0x00007ffec0e40000 - 0x00007ffec0e82000 	C:\Users\Tech Land\.openjfx\cache\17.0.1\glass.dll
0x00007ffee3450000 - 0x00007ffee352b000 	C:\WINDOWS\System32\COMDLG32.dll
0x00007ffee32b0000 - 0x00007ffee33c6000 	C:\WINDOWS\System32\MSCTF.dll
0x00007ffed75e0000 - 0x00007ffed7607000 	C:\WINDOWS\System32\DriverStore\FileRepository\iigd_dch.inf_amd64_e9b40d45ab4dc6b8\igdinfo64.dll
0x00007ffecee20000 - 0x00007ffed1a82000 	C:\WINDOWS\System32\DriverStore\FileRepository\iigd_dch.inf_amd64_e9b40d45ab4dc6b8\igc64.dll
0x00007ffed5570000 - 0x00007ffed55ab000 	C:\WINDOWS\SYSTEM32\dxcore.dll
0x00007ffec2560000 - 0x00007ffec2574000 	C:\Users\Tech Land\.openjfx\cache\17.0.1\javafx_font.dll
0x00007ffeb2250000 - 0x00007ffeb24cf000 	C:\WINDOWS\SYSTEM32\dwrite.dll
0x00007ffee3cc0000 - 0x00007ffee3d69000 	C:\WINDOWS\System32\clbcatq.dll
0x00007ffed73b0000 - 0x00007ffed7564000 	C:\WINDOWS\SYSTEM32\WindowsCodecs.dll
0x00007ffec89b0000 - 0x00007ffec89ee000 	C:\WINDOWS\system32\dataexchange.dll
0x00007ffedb5f0000 - 0x00007ffedb7d5000 	C:\WINDOWS\system32\dcomp.dll
0x00007ffeda680000 - 0x00007ffeda8e4000 	C:\WINDOWS\system32\d3d11.dll
0x00007ffee0740000 - 0x00007ffee0833000 	C:\WINDOWS\system32\dxgi.dll
0x00007ffed7b70000 - 0x00007ffed7d71000 	C:\WINDOWS\system32\twinapi.appcore.dll
0x00007ffec0740000 - 0x00007ffec0774000 	C:\Program Files\Common Files\Microsoft Shared\Ink\rtscom.dll
0x00007ffebd950000 - 0x00007ffebda49000 	C:\WINDOWS\SYSTEM32\textinputframework.dll
0x00007ffedbb60000 - 0x00007ffedbebe000 	C:\WINDOWS\System32\CoreUIComponents.dll
0x00007ffedbec0000 - 0x00007ffedbfb2000 	C:\WINDOWS\System32\CoreMessaging.dll
0x00007ffedb490000 - 0x00007ffedb5e4000 	C:\WINDOWS\SYSTEM32\wintypes.dll
0x00007ffee0b30000 - 0x00007ffee0b63000 	C:\WINDOWS\SYSTEM32\ntmarta.dll
0x00007ffeda500000 - 0x00007ffeda5f6000 	C:\WINDOWS\SYSTEM32\PROPSYS.dll
0x00007ffea9d70000 - 0x00007ffea9f1e000 	C:\WINDOWS\SYSTEM32\DUI70.dll
0x00007ffed9010000 - 0x00007ffed90a5000 	C:\WINDOWS\SYSTEM32\DUser.dll

dbghelp: loaded successfully - version: 4.0.5 - missing functions: none
symbol engine: initialized successfully - sym options: 0x614 - pdb path: .;C:\Users\Tech Land\.jdks\openjdk-17.0.2\bin;C:\WINDOWS\SYSTEM32;C:\WINDOWS\WinSxS\amd64_microsoft.windows.common-controls_6595b64144ccf1df_6.0.19041.1110_none_60b5254171f9507e;C:\Users\Tech Land\.jdks\openjdk-17.0.2\bin\server;C:\Program Files\JetBrains\IntelliJ IDEA 2021.3.2\bin;C:\Users\Tech Land\.openjfx\cache\17.0.1;C:\WINDOWS\System32\DriverStore\FileRepository\iigd_dch.inf_amd64_e9b40d45ab4dc6b8;C:\Program Files\Common Files\Microsoft Shared\Ink;C:\Program Files\Google\Drive File Stream\56.0.11.0;C:\WINDOWS\WinSxS\amd64_microsoft.windows.gdiplus_6595b64144ccf1df_1.1.19041.1566_none_91a49058cc87e409;C:\Program Files (x86)\Dropbox\Client;C:\Users\Tech Land\AppData\Local\Microsoft\OneDrive\22.055.0313.0001;C:\Users\Tech Land\AppData\Local\Temp

VM Arguments:
jvm_args: -javaagent:C:\Program Files\JetBrains\IntelliJ IDEA 2021.3.2\lib\idea_rt.jar=55589:C:\Program Files\JetBrains\IntelliJ IDEA 2021.3.2\bin -Dfile.encoding=UTF-8 --module-path=C:\Users\Tech Land\.m2\repository\org\apache\poi\poi\4.1.2\poi-4.1.2.jar;C:\Users\Tech Land\.m2\repository\org\apache\poi\poi-ooxml-schemas\4.1.2\poi-ooxml-schemas-4.1.2.jar;C:\Users\Tech Land\.m2\repository\com\github\shaohj\sstool-poi-expand\1.0.3\sstool-poi-expand-1.0.3.jar;C:\Users\Tech Land\Desktop\School-Management-Software\lib\jasperreports-6.14.0.jar;C:\Users\Tech Land\.m2\repository\org\openjfx\javafx-graphics\17.0.1\javafx-graphics-17.0.1-win.jar;C:\Users\Tech Land\Desktop\School-Management-Software\lib\commons-collections-3.2.2.jar;C:\Users\Tech Land\.m2\repository\com\kovizone\poi-ooxml-plus\1.2.3\poi-ooxml-plus-1.2.3.jar;C:\Users\Tech Land\.m2\repository\org\openjfx\javafx-fxml\17.0.1\javafx-fxml-17.0.1-win.jar;C:\Users\Tech Land\.m2\repository\org\openjfx\javafx-base\17.0.1\javafx-base-17.0.1-win.jar;C:\Users\Tech Land\.m2\repository\org\openjfx\javafx-controls\17.0.1\javafx-controls-17.0.1-win.jar;C:\Users\Tech Land\Desktop\School-Management-Software\target\classes;C:\Users\Tech Land\.m2\repository\org\apache\xmlbeans\xmlbeans\3.1.0\xmlbeans-3.1.0.jar;C:\Users\Tech Land\.m2\repository\org\apache\poi\poi-ooxml\4.1.2\poi-ooxml-4.1.2.jar -Djdk.module.main=com.example.demo 
java_command: com.example.demo/com.example.school_management.School
java_class_path (initial): C:\Users\Tech Land\Desktop\School-Management-Software\src\main\resources\com\example\font\fontawesomefx-8.2.jar;C:\Users\Tech Land\Desktop\School-Management-Software\src\main\resources\com\example\font\sqlite-jdbc-3.7.2.jar;C:\Users\Tech Land\Desktop\School-Management-Software\src\main\resources\com\example\font\ojdbc14-10.2.0.4.0.jar;C:\Users\Tech Land\Desktop\School-Management-Software\src\main\resources\com\example\font\mysql-connector-java-8.0.28.jar;C:\Users\Tech Land\.m2\repository\org\openjfx\javafx-controls\17.0.1\javafx-controls-17.0.1.jar;C:\Users\Tech Land\.m2\repository\org\openjfx\javafx-graphics\17.0.1\javafx-graphics-17.0.1.jar;C:\Users\Tech Land\.m2\repository\org\openjfx\javafx-base\17.0.1\javafx-base-17.0.1.jar;C:\Users\Tech Land\.m2\repository\org\openjfx\javafx-fxml\17.0.1\javafx-fxml-17.0.1.jar;C:\Users\Tech Land\Desktop\School-Management-Software\lib\commons-beanutils-1.9.4.jar;C:\Users\Tech Land\Desktop\School-Management-Software\lib\commons-digester-2.1.jar;C:\Users\Tech Land\Desktop\School-Management-Software\lib\commons-logging-1.1.1.jar;C:\Users\Tech Land\Desktop\School-Management-Software\lib\commons-collections4-4.2.jar;C:\Users\Tech Land\Desktop\School-Management-Software\lib\itext-2.1.7.js8.jar;C:\Users\Tech Land\Desktop\School-Management-Software\lib\bcprov-jdk15on-1.64.jar;C:\Users\Tech Land\Desktop\School-Management-Software\lib\jcommon-1.0.23.jar;C:\Users\Tech Land\Desktop\School-Management-Software\lib\jfreechart-1.0.19.jar;C:\Users\Tech Land\Desktop\School-Management-Software\lib\ecj-3.21.0.jar;C:\Users\Tech Land\Desktop\School-Management-Software\lib\castor-xml-1.4.1.jar;C:\Users\Tech Land\Desktop\School-Management-Software\lib\castor-core-1.4.1.jar;C:\Users\Tech Land\Desktop\School-Management-Software\lib\commons-lang3-3.4.jar;C:\Users\Tech Land\Desktop\School-Management-Software\lib\javax.inject-1.jar;C:\Users\Tech Land\Desktop\School-Management-Software\lib\jackson-core-2.10.0.jar;C:\Users\Tech La
Launcher Type: SUN_STANDARD

[Global flags]
     intx CICompilerCount                          = 4                                         {product} {ergonomic}
     uint ConcGCThreads                            = 2                                         {product} {ergonomic}
     uint G1ConcRefinementThreads                  = 8                                         {product} {ergonomic}
   size_t G1HeapRegionSize                         = 1048576                                   {product} {ergonomic}
    uintx GCDrainStackTargetSize                   = 64                                        {product} {ergonomic}
   size_t InitialHeapSize                          = 132120576                                 {product} {ergonomic}
   size_t MarkStackSize                            = 4194304                                   {product} {ergonomic}
   size_t MaxHeapSize                              = 2109734912                                {product} {ergonomic}
   size_t MaxNewSize                               = 1265631232                                {product} {ergonomic}
   size_t MinHeapDeltaBytes                        = 1048576                                   {product} {ergonomic}
   size_t MinHeapSize                              = 8388608                                   {product} {ergonomic}
    uintx NonNMethodCodeHeapSize                   = 5839372                                {pd product} {ergonomic}
    uintx NonProfiledCodeHeapSize                  = 122909434                              {pd product} {ergonomic}
    uintx ProfiledCodeHeapSize                     = 122909434                              {pd product} {ergonomic}
    uintx ReservedCodeCacheSize                    = 251658240                              {pd product} {ergonomic}
     bool SegmentedCodeCache                       = true                                      {product} {ergonomic}
   size_t SoftMaxHeapSize                          = 2109734912                             {manageable} {ergonomic}
     bool UseCompressedClassPointers               = true                           {product lp64_product} {ergonomic}
     bool UseCompressedOops                        = true                           {product lp64_product} {ergonomic}
     bool UseG1GC                                  = true                                      {product} {ergonomic}
     bool UseLargePagesIndividualAllocation        = false                                  {pd product} {ergonomic}

Logging:
Log output configuration:
 #0: stdout all=warning uptime,level,tags
 #1: stderr all=off uptime,level,tags

Environment Variables:
PATH=C:\Program Files\Common Files\Oracle\Java\javapath;C:\Program Files (x86)\Common Files\Oracle\Java\javapath;C:\Program Files (x86)\VMware\VMware Workstation\bin\;C:\WINDOWS\system32;C:\WINDOWS;C:\WINDOWS\System32\Wbem;C:\WINDOWS\System32\WindowsPowerShell\v1.0\;C:\WINDOWS\System32\OpenSSH\;C:\Program Files\Intel\WiFi\bin\;C:\Program Files\Common Files\Intel\WirelessCommon\;C:\Program Files\NVIDIA Corporation\NVIDIA NvDLISR;C:\Program Files\Git\cmd;C:\Users\Tech Land\AppData\Local\Microsoft\WindowsApps;C:\Users\Tech Land\AppData\Local\Programs\Microsoft VS Code\bin;C:\Users\Tech Land\AppData\Local\GitHubDesktop\bin
USERNAME=Tech Land
OS=Windows_NT
PROCESSOR_IDENTIFIER=Intel64 Family 6 Model 142 Stepping 11, GenuineIntel



---------------  S Y S T E M  ---------------

OS:
 Windows 10 , 64 bit Build 19041 (10.0.19041.1566)
OS uptime: 8 days 20:47 hours

CPU: total 8 (initial active 8) (4 cores per cpu, 2 threads per core) family 6 model 142 stepping 11 microcode 0xae, cx8, cmov, fxsr, ht, mmx, 3dnowpref, sse, sse2, sse3, ssse3, sse4.1, sse4.2, popcnt, lzcnt, tsc, tscinvbit, avx, avx2, aes, erms, clmul, bmi1, bmi2, adx, fma, vzeroupper, clflush, clflushopt

Memory: 4k page, system-wide physical 8043M (1245M free)
TotalPageFile size 14021M (AvailPageFile size 4326M)
current process WorkingSet (physical memory assigned to process): 209M, peak: 231M
current process commit charge ("private bytes"): 307M, peak: 334M

vm_info: OpenJDK 64-Bit Server VM (17.0.2+8-86) for windows-amd64 JRE (17.0.2+8-86), built on Dec  7 2021 21:49:10 by "mach5one" with MS VC++ 16.8 / 16.9 (VS2019)

END.
