#
# There is insufficient memory for the Java Runtime Environment to continue.
# Native memory allocation (mmap) failed to map 268435456 bytes for G1 virtual space
# Possible reasons:
#   The system is out of physical RAM or swap space
#   The process is running with CompressedOops enabled, and the Java Heap may be blocking the growth of the native heap
# Possible solutions:
#   Reduce memory load on the system
#   Increase physical memory or swap space
#   Check if swap backing store is full
#   Decrease Java heap size (-Xmx/-Xms)
#   Decrease number of Java threads
#   Decrease Java thread stack sizes (-Xss)
#   Set larger code cache with -XX:ReservedCodeCacheSize=
#   JVM is running with Zero Based Compressed Oops mode in which the Java heap is
#     placed in the first 32GB address space. The Java Heap base address is the
#     maximum limit for the native heap growth. Please use -XX:HeapBaseMinAddress
#     to set the Java Heap base and to place the Java Heap above 32GB virtual address.
# This output file may be truncated or incomplete.
#
#  Out of Memory Error (os_windows.cpp:3532), pid=19336, tid=18416
#
# JRE version:  (17.0.2+8) (build )
# Java VM: OpenJDK 64-Bit Server VM (17.0.2+8-86, mixed mode, sharing, tiered, compressed oops, compressed class ptrs, g1 gc, windows-amd64)
# No core dump will be written. Minidumps are not enabled by default on client versions of Windows
#

---------------  S U M M A R Y ------------

Command Line: -javaagent:C:\Program Files\JetBrains\IntelliJ IDEA 2021.3.2\lib\idea_rt.jar=57130:C:\Program Files\JetBrains\IntelliJ IDEA 2021.3.2\bin -Dfile.encoding=UTF-8 --module-path=C:\Users\Dipto\Desktop\School-Management-Software\lib\jasperreports-6.14.0.jar;C:\Users\Dipto\.m2\repository\org\openjfx\javafx-fxml\17.0.1\javafx-fxml-17.0.1-win.jar;C:\Users\Dipto\.m2\repository\org\openjfx\javafx-graphics\17.0.1\javafx-graphics-17.0.1-win.jar;C:\Users\Dipto\.m2\repository\org\openjfx\javafx-controls\17.0.1\javafx-controls-17.0.1-win.jar;C:\Users\Dipto\.m2\repository\org\openjfx\javafx-base\17.0.1\javafx-base-17.0.1-win.jar;C:\Users\Dipto\Desktop\School-Management-Software\target\classes -Djdk.module.main=com.example.demo com.example.demo/com.example.school_management.School

Host: Intel(R) Core(TM) i5-7500 CPU @ 3.40GHz, 4 cores, 15G,  Windows 10 , 64 bit Build 19041 (10.0.19041.1566)
Time: Thu Apr  7 03:54:31 2022 Bangladesh Standard Time elapsed time: 0.027909 seconds (0d 0h 0m 0s)

---------------  T H R E A D  ---------------

Current thread (0x0000026cf89d2550):  JavaThread "Unknown thread" [_thread_in_vm, id=18416, stack(0x0000009ccec00000,0x0000009cced00000)]

Stack: [0x0000009ccec00000,0x0000009cced00000]
Native frames: (J=compiled Java code, j=interpreted, Vv=VM code, C=native code)
V  [jvm.dll+0x670baa]
V  [jvm.dll+0x7cfcb4]
V  [jvm.dll+0x7d145e]
V  [jvm.dll+0x7d1ac3]
V  [jvm.dll+0x242bc5]
V  [jvm.dll+0x66dac9]
V  [jvm.dll+0x662412]
V  [jvm.dll+0x300c0b]
V  [jvm.dll+0x3081a6]
V  [jvm.dll+0x357d0e]
V  [jvm.dll+0x357f3f]
V  [jvm.dll+0x2d7ec8]
V  [jvm.dll+0x2d8e34]
V  [jvm.dll+0x7a18c1]
V  [jvm.dll+0x365a91]
V  [jvm.dll+0x780d2c]
V  [jvm.dll+0x3e845f]
V  [jvm.dll+0x3e9f01]
C  [jli.dll+0x527b]
C  [ucrtbase.dll+0x21bb2]
C  [KERNEL32.DLL+0x17034]
C  [ntdll.dll+0x52651]


---------------  P R O C E S S  ---------------

Threads class SMR info:
_java_thread_list=0x00007ffaa8c09858, length=0, elements={
}

Java Threads: ( => current thread )

Other Threads:
  0x0000026cf8a1ee50 GCTaskThread "GC Thread#0" [stack: 0x0000009cced00000,0x0000009ccee00000] [id=20208]
  0x0000026cf8a30c00 ConcurrentGCThread "G1 Main Marker" [stack: 0x0000009ccee00000,0x0000009ccef00000] [id=15884]
  0x0000026cf8a32530 ConcurrentGCThread "G1 Conc#0" [stack: 0x0000009ccef00000,0x0000009ccf000000] [id=3912]

[error occurred during error reporting (printing all threads), id 0xc0000005, EXCEPTION_ACCESS_VIOLATION (0xc0000005) at pc=0x00007ffaa84588a7]

VM state: not at safepoint (not fully initialized)

VM Mutex/Monitor currently owned by a thread:  ([mutex/lock_event])
[0x0000026cf89ccb20] Heap_lock - owner thread: 0x0000026cf89d2550

Heap address: 0x0000000700a00000, size: 4086 MB, Compressed Oops mode: Zero based, Oop shift amount: 3

CDS archive(s) mapped at: [0x0000000000000000-0x0000000000000000-0x0000000000000000), size 0, SharedBaseAddress: 0x0000000800000000, ArchiveRelocationMode: 0.
Narrow klass base: 0x0000000000000000, Narrow klass shift: 0, Narrow klass range: 0x0

GC Precious Log:
<Empty>

Heap:
 garbage-first heap   total 0K, used 0K [0x0000000700a00000, 0x0000000800000000)
  region size 2048K, 0 young (0K), 0 survivors (0K)

[error occurred during error reporting (printing heap information), id 0xc0000005, EXCEPTION_ACCESS_VIOLATION (0xc0000005) at pc=0x00007ffaa8839f19]

GC Heap History (0 events):
No events

Deoptimization events (0 events):
No events

Classes unloaded (0 events):
No events

Classes redefined (0 events):
No events

Internal exceptions (0 events):
No events

VM Operations (0 events):
No events

Events (1 events):
Event: 0.017 Loaded shared library C:\Users\Dipto\.jdks\openjdk-17.0.2\bin\java.dll


Dynamic libraries:
0x00007ff66d060000 - 0x00007ff66d06e000 	C:\Users\Dipto\.jdks\openjdk-17.0.2\bin\java.exe
0x00007ffadffd0000 - 0x00007ffae01c5000 	C:\Windows\SYSTEM32\ntdll.dll
0x00007ffade340000 - 0x00007ffade3fe000 	C:\Windows\System32\KERNEL32.DLL
0x00007ffadda50000 - 0x00007ffaddd18000 	C:\Windows\System32\KERNELBASE.dll
0x00007ffad91e0000 - 0x00007ffad91fa000 	C:\Users\Dipto\.jdks\openjdk-17.0.2\bin\VCRUNTIME140.dll
0x00007ffad9200000 - 0x00007ffad9218000 	C:\Users\Dipto\.jdks\openjdk-17.0.2\bin\jli.dll
0x00007ffadeff0000 - 0x00007ffadf190000 	C:\Windows\System32\USER32.dll
0x00007ffadded0000 - 0x00007ffaddef2000 	C:\Windows\System32\win32u.dll
0x00007ffaded50000 - 0x00007ffaded7b000 	C:\Windows\System32\GDI32.dll
0x00007ffadddc0000 - 0x00007ffaddecb000 	C:\Windows\System32\gdi32full.dll
0x00007ffaddf90000 - 0x00007ffade02d000 	C:\Windows\System32\msvcp_win.dll
0x00007ffad1220000 - 0x00007ffad14ba000 	C:\Windows\WinSxS\amd64_microsoft.windows.common-controls_6595b64144ccf1df_6.0.19041.1110_none_60b5254171f9507e\COMCTL32.dll
0x00007ffadfdc0000 - 0x00007ffadfe5e000 	C:\Windows\System32\msvcrt.dll
0x00007ffadd740000 - 0x00007ffadd840000 	C:\Windows\System32\ucrtbase.dll
0x00007ffadfcc0000 - 0x00007ffadfcf0000 	C:\Windows\System32\IMM32.DLL
0x00007ffad91d0000 - 0x00007ffad91dc000 	C:\Users\Dipto\.jdks\openjdk-17.0.2\bin\vcruntime140_1.dll
0x00007ffad3c90000 - 0x00007ffad3d1d000 	C:\Users\Dipto\.jdks\openjdk-17.0.2\bin\msvcp140.dll
0x00007ffaa8170000 - 0x00007ffaa8d31000 	C:\Users\Dipto\.jdks\openjdk-17.0.2\bin\server\jvm.dll
0x00007ffadf2d0000 - 0x00007ffadf37e000 	C:\Windows\System32\ADVAPI32.dll
0x00007ffadef40000 - 0x00007ffadefdc000 	C:\Windows\System32\sechost.dll
0x00007ffadfe60000 - 0x00007ffadff85000 	C:\Windows\System32\RPCRT4.dll
0x00007ffade0e0000 - 0x00007ffade0e8000 	C:\Windows\System32\PSAPI.DLL
0x00007ffadad40000 - 0x00007ffadad49000 	C:\Windows\SYSTEM32\WSOCK32.dll
0x00007ffad61c0000 - 0x00007ffad61e7000 	C:\Windows\SYSTEM32\WINMM.dll
0x00007ffad6350000 - 0x00007ffad635a000 	C:\Windows\SYSTEM32\VERSION.dll
0x00007ffadec50000 - 0x00007ffadecbb000 	C:\Windows\System32\WS2_32.dll
0x00007ffadb620000 - 0x00007ffadb632000 	C:\Windows\SYSTEM32\kernel.appcore.dll
0x00007ffad91c0000 - 0x00007ffad91ca000 	C:\Users\Dipto\.jdks\openjdk-17.0.2\bin\jimage.dll
0x00007ffac5dd0000 - 0x00007ffac5fb4000 	C:\Windows\SYSTEM32\DBGHELP.DLL
0x00007ffac5da0000 - 0x00007ffac5dcc000 	C:\Windows\SYSTEM32\dbgcore.DLL
0x00007ffaddf00000 - 0x00007ffaddf82000 	C:\Windows\System32\bcryptPrimitives.dll
0x00007ffad91a0000 - 0x00007ffad91ae000 	C:\Users\Dipto\.jdks\openjdk-17.0.2\bin\instrument.dll
0x00007ffad8280000 - 0x00007ffad82a5000 	C:\Users\Dipto\.jdks\openjdk-17.0.2\bin\java.dll

dbghelp: loaded successfully - version: 4.0.5 - missing functions: none
symbol engine: initialized successfully - sym options: 0x614 - pdb path: .;C:\Users\Dipto\.jdks\openjdk-17.0.2\bin;C:\Windows\SYSTEM32;C:\Windows\WinSxS\amd64_microsoft.windows.common-controls_6595b64144ccf1df_6.0.19041.1110_none_60b5254171f9507e;C:\Users\Dipto\.jdks\openjdk-17.0.2\bin\server

VM Arguments:
jvm_args: -javaagent:C:\Program Files\JetBrains\IntelliJ IDEA 2021.3.2\lib\idea_rt.jar=57130:C:\Program Files\JetBrains\IntelliJ IDEA 2021.3.2\bin -Dfile.encoding=UTF-8 --module-path=C:\Users\Dipto\Desktop\School-Management-Software\lib\jasperreports-6.14.0.jar;C:\Users\Dipto\.m2\repository\org\openjfx\javafx-fxml\17.0.1\javafx-fxml-17.0.1-win.jar;C:\Users\Dipto\.m2\repository\org\openjfx\javafx-graphics\17.0.1\javafx-graphics-17.0.1-win.jar;C:\Users\Dipto\.m2\repository\org\openjfx\javafx-controls\17.0.1\javafx-controls-17.0.1-win.jar;C:\Users\Dipto\.m2\repository\org\openjfx\javafx-base\17.0.1\javafx-base-17.0.1-win.jar;C:\Users\Dipto\Desktop\School-Management-Software\target\classes -Djdk.module.main=com.example.demo 
java_command: com.example.demo/com.example.school_management.School
java_class_path (initial): C:\Users\Dipto\Desktop\School-Management-Software\src\main\resources\com\example\font\fontawesomefx-8.2.jar;C:\Users\Dipto\Desktop\School-Management-Software\src\main\resources\com\example\font\sqlite-jdbc-3.7.2.jar;C:\Users\Dipto\Desktop\School-Management-Software\src\main\resources\com\example\font\ojdbc14-10.2.0.4.0.jar;C:\Users\Dipto\Desktop\School-Management-Software\src\main\resources\com\example\font\mysql-connector-java-8.0.28.jar;C:\Users\Dipto\.m2\repository\org\openjfx\javafx-controls\17.0.1\javafx-controls-17.0.1.jar;C:\Users\Dipto\.m2\repository\org\openjfx\javafx-graphics\17.0.1\javafx-graphics-17.0.1.jar;C:\Users\Dipto\.m2\repository\org\openjfx\javafx-base\17.0.1\javafx-base-17.0.1.jar;C:\Users\Dipto\.m2\repository\org\openjfx\javafx-fxml\17.0.1\javafx-fxml-17.0.1.jar;C:\Users\Dipto\Desktop\School-Management-Software\lib\commons-beanutils-1.9.4.jar;C:\Users\Dipto\Desktop\School-Management-Software\lib\commons-collections-3.2.2.jar;C:\Users\Dipto\Desktop\School-Management-Software\lib\commons-digester-2.1.jar;C:\Users\Dipto\Desktop\School-Management-Software\lib\commons-logging-1.1.1.jar;C:\Users\Dipto\Desktop\School-Management-Software\lib\commons-collections4-4.2.jar;C:\Users\Dipto\Desktop\School-Management-Software\lib\itext-2.1.7.js8.jar;C:\Users\Dipto\Desktop\School-Management-Software\lib\bcprov-jdk15on-1.64.jar;C:\Users\Dipto\Desktop\School-Management-Software\lib\jcommon-1.0.23.jar;C:\Users\Dipto\Desktop\School-Management-Software\lib\jfreechart-1.0.19.jar;C:\Users\Dipto\Desktop\School-Management-Software\lib\ecj-3.21.0.jar;C:\Users\Dipto\Desktop\School-Management-Software\lib\castor-xml-1.4.1.jar;C:\Users\Dipto\Desktop\School-Management-Software\lib\castor-core-1.4.1.jar;C:\Users\Dipto\Desktop\School-Management-Software\lib\commons-lang3-3.4.jar;C:\Users\Dipto\Desktop\School-Management-Software\lib\javax.inject-1.jar;C:\Users\Dipto\Desktop\School-Management-Software\lib\jackson-core-2.10.0.jar;C:\Users\Dipto\Deskt
Launcher Type: SUN_STANDARD

[Global flags]
     intx CICompilerCount                          = 3                                         {product} {ergonomic}
     uint ConcGCThreads                            = 1                                         {product} {ergonomic}
     uint G1ConcRefinementThreads                  = 4                                         {product} {ergonomic}
   size_t G1HeapRegionSize                         = 2097152                                   {product} {ergonomic}
    uintx GCDrainStackTargetSize                   = 64                                        {product} {ergonomic}
   size_t InitialHeapSize                          = 268435456                                 {product} {ergonomic}
   size_t MarkStackSize                            = 4194304                                   {product} {ergonomic}
   size_t MaxHeapSize                              = 4284481536                                {product} {ergonomic}
   size_t MinHeapDeltaBytes                        = 2097152                                   {product} {ergonomic}
   size_t MinHeapSize                              = 8388608                                   {product} {ergonomic}
    uintx NonNMethodCodeHeapSize                   = 5832780                                {pd product} {ergonomic}
    uintx NonProfiledCodeHeapSize                  = 122912730                              {pd product} {ergonomic}
    uintx ProfiledCodeHeapSize                     = 122912730                              {pd product} {ergonomic}
    uintx ReservedCodeCacheSize                    = 251658240                              {pd product} {ergonomic}
     bool SegmentedCodeCache                       = true                                      {product} {ergonomic}
   size_t SoftMaxHeapSize                          = 4284481536                             {manageable} {ergonomic}
     bool UseCompressedClassPointers               = true                           {product lp64_product} {ergonomic}
     bool UseCompressedOops                        = true                           {product lp64_product} {ergonomic}
     bool UseG1GC                                  = true                                      {product} {ergonomic}
     bool UseLargePagesIndividualAllocation        = false                                  {pd product} {ergonomic}

Logging:
Log output configuration:
 #0: stdout all=warning uptime,level,tags
 #1: stderr all=off uptime,level,tags

Environment Variables:
JAVA_HOME=C:\Program Files\Java\jdk-18
PATH=C:\Program Files\Common Files\Oracle\Java\javapath;C:\Program Files (x86)\Common Files\Oracle\Java\javapath;C:\ProgramData\Oracle\Java\javapath;C:\Windows\system32;C:\Windows;C:\Windows\System32\Wbem;C:\Windows\System32\WindowsPowerShell\v1.0\;C:\Windows\System32\OpenSSH\;C:\Program Files\NVIDIA Corporation\NVIDIA NvDLISR;C:\Program Files (x86)\NVIDIA Corporation\PhysX\Common;C:\Program Files (x86)\Intel\Intel(R) Management Engine Components\DAL;C:\Program Files\Intel\Intel(R) Management Engine Components\DAL;C:\MinGW\bin;C:\Program Files\Git\cmd;C:\Program Files\Java\jdk-18\bin;C:\Program Files\MySQL\MySQL Shell 8.0\bin\;C:\Users\Dipto\AppData\Local\Microsoft\WindowsApps;;C:\Users\Dipto\AppData\Local\Programs\Microsoft VS Code\bin;C:\Program Files\JetBrains\IntelliJ IDEA 2021.3.2\bin;
USERNAME=Dipto
OS=Windows_NT
PROCESSOR_IDENTIFIER=Intel64 Family 6 Model 158 Stepping 9, GenuineIntel



---------------  S Y S T E M  ---------------

OS:
 Windows 10 , 64 bit Build 19041 (10.0.19041.1566)
OS uptime: 3 days 1:57 hours

CPU: total 4 (initial active 4) (4 cores per cpu, 1 threads per core) family 6 model 158 stepping 9 microcode 0xb4, cx8, cmov, fxsr, mmx, 3dnowpref, sse, sse2, sse3, ssse3, sse4.1, sse4.2, popcnt, lzcnt, tsc, tscinvbit, avx, avx2, aes, erms, clmul, bmi1, bmi2, rtm, adx, fma, vzeroupper, clflush, clflushopt

Memory: 4k page, system-wide physical 16342M (4829M free)
TotalPageFile size 65483M (AvailPageFile size 223M)
current process WorkingSet (physical memory assigned to process): 10M, peak: 10M
current process commit charge ("private bytes"): 51M, peak: 307M

vm_info: OpenJDK 64-Bit Server VM (17.0.2+8-86) for windows-amd64 JRE (17.0.2+8-86), built on Dec  7 2021 21:49:10 by "mach5one" with MS VC++ 16.8 / 16.9 (VS2019)

END.
