#
# A fatal error has been detected by the Java Runtime Environment:
#
#  EXCEPTION_ACCESS_VIOLATION (0xc0000005) at pc=0x00007ffe7221bf00, pid=6984, tid=12604
#
# JRE version: OpenJDK Runtime Environment (17.0.2+8) (build 17.0.2+8-86)
# Java VM: OpenJDK 64-Bit Server VM (17.0.2+8-86, mixed mode, sharing, tiered, compressed oops, compressed class ptrs, g1 gc, windows-amd64)
# Problematic frame:
# V  [jvm.dll+0xbf00]
#
# No core dump will be written. Minidumps are not enabled by default on client versions of Windows
#
# If you would like to submit a bug report, please visit:
#   https://bugreport.java.com/bugreport/crash.jsp
#

---------------  S U M M A R Y ------------

Command Line: -javaagent:C:\Program Files\JetBrains\IntelliJ IDEA 2021.3.2\lib\idea_rt.jar=51013:C:\Program Files\JetBrains\IntelliJ IDEA 2021.3.2\bin -Dfile.encoding=UTF-8 --module-path=C:\Users\Tech Land\.m2\repository\org\apache\poi\poi\4.1.2\poi-4.1.2.jar;C:\Users\Tech Land\.m2\repository\org\apache\poi\poi-ooxml-schemas\4.1.2\poi-ooxml-schemas-4.1.2.jar;C:\Users\Tech Land\.m2\repository\com\github\shaohj\sstool-poi-expand\1.0.3\sstool-poi-expand-1.0.3.jar;C:\Users\Tech Land\Desktop\School-Management-Software\lib\jasperreports-6.14.0.jar;C:\Users\Tech Land\.m2\repository\org\openjfx\javafx-fxml\17.0.1\javafx-fxml-17.0.1-win.jar;C:\Users\Tech Land\Desktop\School-Management-Software\lib\commons-collections-3.2.2.jar;C:\Users\Tech Land\Desktop\School-Management-Software\target\classes;C:\Users\Tech Land\.m2\repository\com\kovizone\poi-ooxml-plus\1.2.3\poi-ooxml-plus-1.2.3.jar;C:\Users\Tech Land\.m2\repository\org\openjfx\javafx-graphics\17.0.1\javafx-graphics-17.0.1-win.jar;C:\Users\Tech Land\.m2\repository\org\apache\xmlbeans\xmlbeans\3.1.0\xmlbeans-3.1.0.jar;C:\Users\Tech Land\.m2\repository\org\openjfx\javafx-controls\17.0.1\javafx-controls-17.0.1-win.jar;C:\Users\Tech Land\.m2\repository\org\apache\poi\poi-ooxml\4.1.2\poi-ooxml-4.1.2.jar;C:\Users\Tech Land\.m2\repository\org\openjfx\javafx-base\17.0.1\javafx-base-17.0.1-win.jar -Djdk.module.main=com.example.demo com.example.demo/com.example.school_management.School

Host: Intel(R) Core(TM) i5-8265U CPU @ 1.60GHz, 8 cores, 7G,  Windows 10 , 64 bit Build 19041 (10.0.19041.1566)
Time: Sun Apr 10 23:58:52 2022 Bangladesh Standard Time elapsed time: 14.325609 seconds (0d 0h 0m 14s)

---------------  T H R E A D  ---------------

Current thread (0x000001ea02210750):  JavaThread "JavaFX Application Thread" [_thread_in_vm, id=12604, stack(0x0000005a4ae00000,0x0000005a4af00000)]

Stack: [0x0000005a4ae00000,0x0000005a4af00000],  sp=0x0000005a4aefbff8,  free space=1007k
Native frames: (J=compiled Java code, j=interpreted, Vv=VM code, C=native code)
V  [jvm.dll+0xbf00]

Java frames: (J=compiled Java code, j=interpreted, Vv=VM code)
j  org.sqlite.NativeDB.prepare(Ljava/lang/String;)J+0
j  org.sqlite.DB.prepare(Lorg/sqlite/Stmt;)V+21
j  org.sqlite.PrepStmt.<init>(Lorg/sqlite/Conn;Ljava/lang/String;)V+15
j  org.sqlite.Conn.prepareStatement(Ljava/lang/String;III)Ljava/sql/PreparedStatement;+14
j  org.sqlite.Conn.prepareStatement(Ljava/lang/String;II)Ljava/sql/PreparedStatement;+5
j  org.sqlite.Conn.prepareStatement(Ljava/lang/String;)Ljava/sql/PreparedStatement;+8
j  com.example.school_management.resultController.getexcel(Ljava/lang/String;)V+133 com.example.demo
j  com.example.school_management.resultController.b9()V+9 com.example.demo
v  ~StubRoutines::call_stub
j  jdk.internal.reflect.NativeMethodAccessorImpl.invoke0(Ljava/lang/reflect/Method;Ljava/lang/Object;[Ljava/lang/Object;)Ljava/lang/Object;+0 java.base@17.0.2
j  jdk.internal.reflect.NativeMethodAccessorImpl.invoke(Ljava/lang/Object;[Ljava/lang/Object;)Ljava/lang/Object;+133 java.base@17.0.2
J 1396 c1 jdk.internal.reflect.DelegatingMethodAccessorImpl.invoke(Ljava/lang/Object;[Ljava/lang/Object;)Ljava/lang/Object; java.base@17.0.2 (10 bytes) @ 0x000001ea69f6d0c4 [0x000001ea69f6cfc0+0x0000000000000104]
J 1595 c1 jdk.internal.reflect.GeneratedMethodAccessor2.invoke(Ljava/lang/Object;[Ljava/lang/Object;)Ljava/lang/Object; (65 bytes) @ 0x000001ea69fce7dc [0x000001ea69fce180+0x000000000000065c]
J 1396 c1 jdk.internal.reflect.DelegatingMethodAccessorImpl.invoke(Ljava/lang/Object;[Ljava/lang/Object;)Ljava/lang/Object; java.base@17.0.2 (10 bytes) @ 0x000001ea69f6d0c4 [0x000001ea69f6cfc0+0x0000000000000104]
J 1386 c1 java.lang.reflect.Method.invoke(Ljava/lang/Object;[Ljava/lang/Object;)Ljava/lang/Object; java.base@17.0.2 (65 bytes) @ 0x000001ea69f61dc4 [0x000001ea69f61a80+0x0000000000000344]
j  com.sun.javafx.reflect.MethodUtil.invoke(Ljava/lang/reflect/Method;Ljava/lang/Object;[Ljava/lang/Object;)Ljava/lang/Object;+20 javafx.base
J 1594 c1 com.sun.javafx.fxml.MethodHelper.invoke(Ljava/lang/reflect/Method;Ljava/lang/Object;[Ljava/lang/Object;)Ljava/lang/Object; javafx.fxml (146 bytes) @ 0x000001ea69fcce0c [0x000001ea69fcc5a0+0x000000000000086c]
j  javafx.fxml.FXMLLoader$MethodHandler.invoke([Ljava/lang/Object;)V+38 javafx.fxml
j  javafx.fxml.FXMLLoader$ControllerMethodEventHandler.handle(Ljavafx/event/Event;)V+12 javafx.fxml
j  com.sun.javafx.event.CompositeEventHandler.dispatchBubblingEvent(Ljavafx/event/Event;)V+51 javafx.base
J 2640 c1 com.sun.javafx.event.EventHandlerManager.dispatchBubblingEvent(Ljavafx/event/EventType;Ljavafx/event/Event;)Ljavafx/event/Event; javafx.base (41 bytes) @ 0x000001ea6a1ed59c [0x000001ea6a1ecf80+0x000000000000061c]
J 2974 c1 com.sun.javafx.event.EventHandlerManager.dispatchBubblingEvent(Ljavafx/event/Event;)Ljavafx/event/Event; javafx.base (23 bytes) @ 0x000001ea6a280a94 [0x000001ea6a280940+0x0000000000000154]
J 2973 c1 com.sun.javafx.event.CompositeEventDispatcher.dispatchBubblingEvent(Ljavafx/event/Event;)Ljavafx/event/Event; javafx.base (35 bytes) @ 0x000001ea6a281124 [0x000001ea6a280f60+0x00000000000001c4]
J 2830 c1 com.sun.javafx.event.BasicEventDispatcher.dispatchEvent(Ljavafx/event/Event;Ljavafx/event/EventDispatchChain;)Ljavafx/event/Event; javafx.base (44 bytes) @ 0x000001ea6a249dcc [0x000001ea6a249a80+0x000000000000034c]
J 2714 c1 com.sun.javafx.event.EventDispatchChainImpl.dispatchEvent(Ljavafx/event/Event;)Ljavafx/event/Event; javafx.base (101 bytes) @ 0x000001ea6a205a7c [0x000001ea6a2058c0+0x00000000000001bc]
J 2830 c1 com.sun.javafx.event.BasicEventDispatcher.dispatchEvent(Ljavafx/event/Event;Ljavafx/event/EventDispatchChain;)Ljavafx/event/Event; javafx.base (44 bytes) @ 0x000001ea6a249cdc [0x000001ea6a249a80+0x000000000000025c]
J 2714 c1 com.sun.javafx.event.EventDispatchChainImpl.dispatchEvent(Ljavafx/event/Event;)Ljavafx/event/Event; javafx.base (101 bytes) @ 0x000001ea6a205a7c [0x000001ea6a2058c0+0x00000000000001bc]
J 2830 c1 com.sun.javafx.event.BasicEventDispatcher.dispatchEvent(Ljavafx/event/Event;Ljavafx/event/EventDispatchChain;)Ljavafx/event/Event; javafx.base (44 bytes) @ 0x000001ea6a249cdc [0x000001ea6a249a80+0x000000000000025c]
J 2714 c1 com.sun.javafx.event.EventDispatchChainImpl.dispatchEvent(Ljavafx/event/Event;)Ljavafx/event/Event; javafx.base (101 bytes) @ 0x000001ea6a205a7c [0x000001ea6a2058c0+0x00000000000001bc]
J 2830 c1 com.sun.javafx.event.BasicEventDispatcher.dispatchEvent(Ljavafx/event/Event;Ljavafx/event/EventDispatchChain;)Ljavafx/event/Event; javafx.base (44 bytes) @ 0x000001ea6a249cdc [0x000001ea6a249a80+0x000000000000025c]
J 2714 c1 com.sun.javafx.event.EventDispatchChainImpl.dispatchEvent(Ljavafx/event/Event;)Ljavafx/event/Event; javafx.base (101 bytes) @ 0x000001ea6a205a7c [0x000001ea6a2058c0+0x00000000000001bc]
J 3173 c1 com.sun.javafx.event.EventUtil.fireEvent(Ljavafx/event/EventTarget;Ljavafx/event/Event;)Ljavafx/event/Event; javafx.base (81 bytes) @ 0x000001ea6a2d47dc [0x000001ea6a2d3aa0+0x0000000000000d3c]
J 3172 c1 javafx.event.Event.fireEvent(Ljavafx/event/EventTarget;Ljavafx/event/Event;)V javafx.base (35 bytes) @ 0x000001ea6a2d3424 [0x000001ea6a2d3360+0x00000000000000c4]
j  javafx.scene.Node.fireEvent(Ljavafx/event/Event;)V+86 javafx.graphics
j  javafx.scene.control.Button.fire()V+15 javafx.controls
j  com.sun.javafx.scene.control.behavior.ButtonBehavior.mouseReleased(Ljavafx/scene/input/MouseEvent;)V+27 javafx.controls
j  com.sun.javafx.scene.control.behavior.ButtonBehavior$$Lambda$318+0x0000000800dd3488.handle(Ljavafx/event/Event;)V+8 javafx.controls
j  com.sun.javafx.scene.control.inputmap.InputMap.handle(Ljavafx/event/Event;)V+61 javafx.controls
j  com.sun.javafx.scene.control.inputmap.InputMap$$Lambda$313+0x0000000800dd27b8.handle(Ljavafx/event/Event;)V+5 javafx.controls
j  com.sun.javafx.event.CompositeEventHandler$NormalEventHandlerRecord.handleBubblingEvent(Ljavafx/event/Event;)V+5 javafx.base
j  com.sun.javafx.event.CompositeEventHandler.dispatchBubblingEvent(Ljavafx/event/Event;)V+28 javafx.base
J 2640 c1 com.sun.javafx.event.EventHandlerManager.dispatchBubblingEvent(Ljavafx/event/EventType;Ljavafx/event/Event;)Ljavafx/event/Event; javafx.base (41 bytes) @ 0x000001ea6a1ed59c [0x000001ea6a1ecf80+0x000000000000061c]
J 2974 c1 com.sun.javafx.event.EventHandlerManager.dispatchBubblingEvent(Ljavafx/event/Event;)Ljavafx/event/Event; javafx.base (23 bytes) @ 0x000001ea6a280a94 [0x000001ea6a280940+0x0000000000000154]
J 2973 c1 com.sun.javafx.event.CompositeEventDispatcher.dispatchBubblingEvent(Ljavafx/event/Event;)Ljavafx/event/Event; javafx.base (35 bytes) @ 0x000001ea6a281124 [0x000001ea6a280f60+0x00000000000001c4]
J 2830 c1 com.sun.javafx.event.BasicEventDispatcher.dispatchEvent(Ljavafx/event/Event;Ljavafx/event/EventDispatchChain;)Ljavafx/event/Event; javafx.base (44 bytes) @ 0x000001ea6a249dcc [0x000001ea6a249a80+0x000000000000034c]
J 2714 c1 com.sun.javafx.event.EventDispatchChainImpl.dispatchEvent(Ljavafx/event/Event;)Ljavafx/event/Event; javafx.base (101 bytes) @ 0x000001ea6a205a7c [0x000001ea6a2058c0+0x00000000000001bc]
J 2830 c1 com.sun.javafx.event.BasicEventDispatcher.dispatchEvent(Ljavafx/event/Event;Ljavafx/event/EventDispatchChain;)Ljavafx/event/Event; javafx.base (44 bytes) @ 0x000001ea6a249cdc [0x000001ea6a249a80+0x000000000000025c]
J 2714 c1 com.sun.javafx.event.EventDispatchChainImpl.dispatchEvent(Ljavafx/event/Event;)Ljavafx/event/Event; javafx.base (101 bytes) @ 0x000001ea6a205a7c [0x000001ea6a2058c0+0x00000000000001bc]
J 2830 c1 com.sun.javafx.event.BasicEventDispatcher.dispatchEvent(Ljavafx/event/Event;Ljavafx/event/EventDispatchChain;)Ljavafx/event/Event; javafx.base (44 bytes) @ 0x000001ea6a249cdc [0x000001ea6a249a80+0x000000000000025c]
J 2714 c1 com.sun.javafx.event.EventDispatchChainImpl.dispatchEvent(Ljavafx/event/Event;)Ljavafx/event/Event; javafx.base (101 bytes) @ 0x000001ea6a205a7c [0x000001ea6a2058c0+0x00000000000001bc]
J 2830 c1 com.sun.javafx.event.BasicEventDispatcher.dispatchEvent(Ljavafx/event/Event;Ljavafx/event/EventDispatchChain;)Ljavafx/event/Event; javafx.base (44 bytes) @ 0x000001ea6a249cdc [0x000001ea6a249a80+0x000000000000025c]
J 2714 c1 com.sun.javafx.event.EventDispatchChainImpl.dispatchEvent(Ljavafx/event/Event;)Ljavafx/event/Event; javafx.base (101 bytes) @ 0x000001ea6a205a7c [0x000001ea6a2058c0+0x00000000000001bc]
J 3173 c1 com.sun.javafx.event.EventUtil.fireEvent(Ljavafx/event/EventTarget;Ljavafx/event/Event;)Ljavafx/event/Event; javafx.base (81 bytes) @ 0x000001ea6a2d441c [0x000001ea6a2d3aa0+0x000000000000097c]
J 3172 c1 javafx.event.Event.fireEvent(Ljavafx/event/EventTarget;Ljavafx/event/Event;)V javafx.base (35 bytes) @ 0x000001ea6a2d3424 [0x000001ea6a2d3360+0x00000000000000c4]
j  javafx.scene.Scene$MouseHandler.process(Ljavafx/scene/input/MouseEvent;Z)V+536 javafx.graphics
j  javafx.scene.Scene.processMouseEvent(Ljavafx/scene/input/MouseEvent;)V+6 javafx.graphics
j  javafx.scene.Scene$ScenePeerListener.mouseEvent(Ljavafx/event/EventType;DDDDLjavafx/scene/input/MouseButton;ZZZZZZZZZZZ)V+50 javafx.graphics
j  com.sun.javafx.tk.quantum.GlassViewEventHandler$MouseEventNotification.run()Ljava/lang/Void;+650 javafx.graphics
j  com.sun.javafx.tk.quantum.GlassViewEventHandler$MouseEventNotification.run()Ljava/lang/Object;+1 javafx.graphics
J 3051 c1 java.security.AccessController.doPrivileged(Ljava/security/PrivilegedAction;Ljava/security/AccessControlContext;)Ljava/lang/Object; java.base@17.0.2 (17 bytes) @ 0x000001ea6a2a1edc [0x000001ea6a2a1d00+0x00000000000001dc]
j  com.sun.javafx.tk.quantum.GlassViewEventHandler.lambda$handleMouseEvent$2()Ljava/lang/Void;+11 javafx.graphics
j  com.sun.javafx.tk.quantum.GlassViewEventHandler$$Lambda$510+0x0000000800e47208.get()Ljava/lang/Object;+4 javafx.graphics
j  com.sun.javafx.tk.quantum.QuantumToolkit.runWithoutRenderLock(Ljava/util/function/Supplier;)Ljava/lang/Object;+18 javafx.graphics
j  com.sun.javafx.tk.quantum.GlassViewEventHandler.handleMouseEvent(Lcom/sun/glass/ui/View;JIIIIIIIZZ)V+103 javafx.graphics
j  com.sun.glass.ui.View.handleMouseEvent(JIIIIIIIZZ)V+30 javafx.graphics
j  com.sun.glass.ui.View.notifyMouse(IIIIIIIZZ)V+181 javafx.graphics
v  ~StubRoutines::call_stub
j  com.sun.glass.ui.win.WinApplication._runLoop(Ljava/lang/Runnable;)V+0 javafx.graphics
j  com.sun.glass.ui.win.WinApplication.lambda$runLoop$3(ILjava/lang/Runnable;)V+8 javafx.graphics
j  com.sun.glass.ui.win.WinApplication$$Lambda$100+0x0000000800c29220.run()V+12 javafx.graphics
j  java.lang.Thread.run()V+11 java.base@17.0.2
v  ~StubRoutines::call_stub

siginfo: EXCEPTION_ACCESS_VIOLATION (0xc0000005), reading address 0x0000000000000000


Register to memory mapping:

RIP=0x00007ffe7221bf00 jvm.dll
RAX=0x0 is NULL
RBX=0x000001ea02210750 is a thread
RCX=0x0 is NULL
RDX=0x0 is NULL
RSP=0x0000005a4aefbff8 is pointing into the stack for thread: 0x000001ea02210750
RBP=0x000001ea0966ece8 points into unknown readable memory: 0x00000000693b28e0 | e0 28 3b 69 00 00 00 00
RSI=0x0 is NULL
RDI=0x0 is NULL
R8 =0x0 is NULL
R9 =0x00000000883be088 is an oop: org.sqlite.NativeDB 
{0x00000000883be088} - klass: 'org/sqlite/NativeDB'
 - ---- fields (total size 7 words):
 - 'conn' 'Lorg/sqlite/Conn;' @12  a 'org/sqlite/Conn'{0x00000000883bda60} (883bda60)
 - 'begin' 'J' @16  2104691646296 (965df58 1ea)
 - 'commit' 'J' @24  2104691654152 (965fe08 1ea)
 - private final 'stmts' 'Ljava/util/Map;' @32  a 'java/util/HashMap'{0x00000000883be0c0} (883be0c0)
 - 'pointer' 'J' @40  2104691715304 (966ece8 1ea)
 - private final 'udfdatalist' 'J' @48  0 (0 0)
R10=0x00007ffe72d14a00 jvm.dll
R11=0x0000000000000014 is an unknown value
R12=0x0000005a4aefc1a0 is pointing into the stack for thread: 0x000001ea02210750
R13=0x000001ea09ec7230 is pointing into metadata
R14=0x0 is NULL
R15=0x000001ea02210750 is a thread


Registers:
RAX=0x0000000000000000, RBX=0x000001ea02210750, RCX=0x0000000000000000, RDX=0x0000000000000000
RSP=0x0000005a4aefbff8, RBP=0x000001ea0966ece8, RSI=0x0000000000000000, RDI=0x0000000000000000
R8 =0x0000000000000000, R9 =0x00000000883be088, R10=0x00007ffe72d14a00, R11=0x0000000000000014
R12=0x0000005a4aefc1a0, R13=0x000001ea09ec7230, R14=0x0000000000000000, R15=0x000001ea02210750
RIP=0x00007ffe7221bf00, EFLAGS=0x0000000000010246

Top of Stack: (sp=0x0000005a4aefbff8)
0x0000005a4aefbff8:   00007ffe725f25aa 0000005a4aefbfe9
0x0000005a4aefc008:   0000000800000001 000001ea00000000
0x0000005a4aefc018:   0000000000000000 000001ea02210750
0x0000005a4aefc028:   0000000000000000 0000005a4aefc140
0x0000005a4aefc038:   0000000069341599 000001ea02210750
0x0000005a4aefc048:   00007ffe728dd209 0000005a4aefc2a0
0x0000005a4aefc058:   000000006936d599 0000000000000000
0x0000005a4aefc068:   0000000000000000 000001ea022109f8
0x0000005a4aefc078:   0000000069342090 000001ea0966ece8
0x0000005a4aefc088:   0000005a4aefc1a0 000001ea0965fe00
0x0000005a4aefc098:   0000000000000000 00000000883bed40
0x0000005a4aefc0a8:   000001ea713cd6d4 0000005a4aefc1b8
0x0000005a4aefc0b8:   0000000088595e64 000001ea09ec7238
0x0000005a4aefc0c8:   0000000000000000 0000000088595e64
0x0000005a4aefc0d8:   0000005a4aefc178 0000000000000000
0x0000005a4aefc0e8:   000001ea6979e0c5 000001ea09ed70c9 

Instructions: (pc=0x00007ffe7221bf00)
0x00007ffe7221be00:   1c f2 a6 00 48 83 c4 20 5b 48 ff e0 48 8d 05 ed
0x00007ffe7221be10:   00 00 00 48 8b cb 48 89 05 03 f2 a6 00 48 83 c4
0x00007ffe7221be20:   20 5b 48 ff e0 48 8d 05 d4 00 00 00 48 8b cb 48
0x00007ffe7221be30:   89 05 ea f1 a6 00 48 83 c4 20 5b 48 ff e0 48 8b
0x00007ffe7221be40:   0d cb e3 ac 00 8b 51 10 83 ea 01 0f 84 91 00 00
0x00007ffe7221be50:   00 83 ea 01 74 73 83 ea 01 74 55 83 fa 01 74 37
0x00007ffe7221be60:   4c 8d 0d d1 3c 82 00 41 b8 e9 00 00 00 48 8d 15
0x00007ffe7221be70:   fc 3c 82 00 b9 00 00 00 e0 e8 02 6a 23 00 e8 9d
0x00007ffe7221be80:   48 66 00 33 c0 48 8b cb 48 89 05 91 f1 a6 00 48
0x00007ffe7221be90:   83 c4 20 5b 48 ff e0 48 8d 05 72 00 00 00 48 8b
0x00007ffe7221bea0:   cb 48 89 05 78 f1 a6 00 48 83 c4 20 5b 48 ff e0
0x00007ffe7221beb0:   48 8d 05 49 00 00 00 48 8b cb 48 89 05 5f f1 a6
0x00007ffe7221bec0:   00 48 83 c4 20 5b 48 ff e0 48 8d 05 30 00 00 00
0x00007ffe7221bed0:   48 8b cb 48 89 05 46 f1 a6 00 48 83 c4 20 5b 48
0x00007ffe7221bee0:   ff e0 48 8d 05 17 00 00 00 48 8b cb 48 89 05 2d
0x00007ffe7221bef0:   f1 a6 00 48 83 c4 20 5b 48 ff e0 cc cc cc cc cc
0x00007ffe7221bf00:   48 8b 01 c3 cc cc cc cc cc cc cc cc cc cc cc cc
0x00007ffe7221bf10:   48 89 5c 24 08 57 48 83 ec 20 48 8b 39 48 8b d9
0x00007ffe7221bf20:   48 85 3d e1 bf b1 00 75 0e 48 8b c7 48 8b 5c 24
0x00007ffe7221bf30:   30 48 83 c4 20 5f c3 48 8b cf e8 11 53 7f 00 48
0x00007ffe7221bf40:   8b d0 48 85 c0 74 20 48 8b c7 f0 48 0f b1 13 74
0x00007ffe7221bf50:   16 48 85 05 b0 bf b1 00 74 0d 48 8b c8 f0 48 0f
0x00007ffe7221bf60:   b1 13 48 3b c1 75 ea 48 8b 5c 24 30 48 8b c2 48
0x00007ffe7221bf70:   83 c4 20 5f c3 cc cc cc cc cc cc cc cc cc cc cc
0x00007ffe7221bf80:   8b 44 24 30 45 03 c9 44 2b 4c 24 28 83 c0 0b 44
0x00007ffe7221bf90:   03 ca 45 03 c8 41 03 c1 c3 cc cc cc cc cc cc cc
0x00007ffe7221bfa0:   48 8b 41 08 0f b7 48 2a 0f b7 40 28 83 c0 48 03
0x00007ffe7221bfb0:   c1 c3 cc cc cc cc cc cc cc cc cc cc cc cc cc cc
0x00007ffe7221bfc0:   48 89 5c 24 08 57 48 83 ec 20 0f b6 05 1f c7 b1
0x00007ffe7221bfd0:   00 48 8b fa 48 8b d9 84 c0 74 4f 48 85 15 26 bf
0x00007ffe7221bfe0:   b1 00 74 38 48 8b ca e8 74 55 7f 00 48 8b d0 48
0x00007ffe7221bff0:   85 db 74 25 48 85 c0 74 20 48 8b c7 f0 48 0f b1 


Stack slot to memory mapping:
stack at sp + 0 slots: 0x00007ffe725f25aa jvm.dll
stack at sp + 1 slots: 0x0000005a4aefbfe9 is pointing into the stack for thread: 0x000001ea02210750
stack at sp + 2 slots: 0x0000000800000001 is pointing into metadata
stack at sp + 3 slots: 0x000001ea00000000 is an unknown value
stack at sp + 4 slots: 0x0 is NULL
stack at sp + 5 slots: 0x000001ea02210750 is a thread
stack at sp + 6 slots: 0x0 is NULL
stack at sp + 7 slots: 0x0000005a4aefc140 is pointing into the stack for thread: 0x000001ea02210750


---------------  P R O C E S S  ---------------

Threads class SMR info:
_java_thread_list=0x000001ea03f72d70, length=21, elements={
0x000001ea607478a0, 0x000001ea007b2bb0, 0x000001ea007b5770, 0x000001ea007c84d0,
0x000001ea007c8f90, 0x000001ea007cdd60, 0x000001ea007cf720, 0x000001ea007d39b0,
0x000001ea007dc460, 0x000001ea007e7660, 0x000001ea6081d9c0, 0x000001ea0179e6f0,
0x000001ea02bd90d0, 0x000001ea03865c20, 0x000001ea04341830, 0x000001ea02210750,
0x000001ea02813610, 0x000001ea03bc9030, 0x000001ea03fd1d80, 0x000001ea60731df0,
0x000001ea60733600
}

Java Threads: ( => current thread )
  0x000001ea607478a0 JavaThread "main" [_thread_blocked, id=6092, stack(0x0000005a49400000,0x0000005a49500000)]
  0x000001ea007b2bb0 JavaThread "Reference Handler" daemon [_thread_blocked, id=9580, stack(0x0000005a49b00000,0x0000005a49c00000)]
  0x000001ea007b5770 JavaThread "Finalizer" daemon [_thread_blocked, id=9668, stack(0x0000005a49c00000,0x0000005a49d00000)]
  0x000001ea007c84d0 JavaThread "Signal Dispatcher" daemon [_thread_blocked, id=4740, stack(0x0000005a49d00000,0x0000005a49e00000)]
  0x000001ea007c8f90 JavaThread "Attach Listener" daemon [_thread_blocked, id=2628, stack(0x0000005a49e00000,0x0000005a49f00000)]
  0x000001ea007cdd60 JavaThread "Service Thread" daemon [_thread_blocked, id=1664, stack(0x0000005a49f00000,0x0000005a4a000000)]
  0x000001ea007cf720 JavaThread "Monitor Deflation Thread" daemon [_thread_blocked, id=6432, stack(0x0000005a4a000000,0x0000005a4a100000)]
  0x000001ea007d39b0 JavaThread "C2 CompilerThread0" daemon [_thread_blocked, id=1884, stack(0x0000005a4a100000,0x0000005a4a200000)]
  0x000001ea007dc460 JavaThread "C1 CompilerThread0" daemon [_thread_blocked, id=14344, stack(0x0000005a4a200000,0x0000005a4a300000)]
  0x000001ea007e7660 JavaThread "Sweeper thread" daemon [_thread_blocked, id=6652, stack(0x0000005a4a300000,0x0000005a4a400000)]
  0x000001ea6081d9c0 JavaThread "Common-Cleaner" daemon [_thread_blocked, id=11888, stack(0x0000005a4a400000,0x0000005a4a500000)]
  0x000001ea0179e6f0 JavaThread "Monitor Ctrl-Break" daemon [_thread_in_native, id=3984, stack(0x0000005a4a900000,0x0000005a4aa00000)]
  0x000001ea02bd90d0 JavaThread "Notification Thread" daemon [_thread_blocked, id=480, stack(0x0000005a4aa00000,0x0000005a4ab00000)]
  0x000001ea03865c20 JavaThread "QuantumRenderer-0" daemon [_thread_blocked, id=15032, stack(0x0000005a4ac00000,0x0000005a4ad00000)]
  0x000001ea04341830 JavaThread "InvokeLaterDispatcher" daemon [_thread_blocked, id=17144, stack(0x0000005a4ad00000,0x0000005a4ae00000)]
=>0x000001ea02210750 JavaThread "JavaFX Application Thread" [_thread_in_vm, id=12604, stack(0x0000005a4ae00000,0x0000005a4af00000)]
  0x000001ea02813610 JavaThread "JavaFX-Launcher" [_thread_blocked, id=11380, stack(0x0000005a4b300000,0x0000005a4b400000)]
  0x000001ea03bc9030 JavaThread "Thread-2" daemon [_thread_in_native, id=12368, stack(0x0000005a4b200000,0x0000005a4b300000)]
  0x000001ea03fd1d80 JavaThread "Prism Font Disposer" daemon [_thread_blocked, id=11356, stack(0x0000005a4be00000,0x0000005a4bf00000)]
  0x000001ea60731df0 JavaThread "Cleaner-0" daemon [_thread_blocked, id=17928, stack(0x0000005a4c000000,0x0000005a4c100000)]
  0x000001ea60733600 JavaThread "mysql-cj-abandoned-connection-cleanup" daemon [_thread_blocked, id=16576, stack(0x0000005a4a500000,0x0000005a4a600000)]

Other Threads:
  0x000001ea007ad450 VMThread "VM Thread" [stack: 0x0000005a49a00000,0x0000005a49b00000] [id=12132]
  0x000001ea02cbdaf0 WatcherThread [stack: 0x0000005a4ab00000,0x0000005a4ac00000] [id=7628]
  0x000001ea60788280 GCTaskThread "GC Thread#0" [stack: 0x0000005a49500000,0x0000005a49600000] [id=16896]
  0x000001ea0282ab70 GCTaskThread "GC Thread#1" [stack: 0x0000005a4a700000,0x0000005a4a800000] [id=10116]
  0x000001ea02f6ee90 GCTaskThread "GC Thread#2" [stack: 0x0000005a4a800000,0x0000005a4a900000] [id=4280]
  0x000001ea032bac10 GCTaskThread "GC Thread#3" [stack: 0x0000005a4b400000,0x0000005a4b500000] [id=6004]
  0x000001ea02beeae0 GCTaskThread "GC Thread#4" [stack: 0x0000005a4b500000,0x0000005a4b600000] [id=11912]
  0x000001ea03f918c0 GCTaskThread "GC Thread#5" [stack: 0x0000005a4b600000,0x0000005a4b700000] [id=15680]
  0x000001ea03b4b7f0 GCTaskThread "GC Thread#6" [stack: 0x0000005a4b700000,0x0000005a4b800000] [id=17108]
  0x000001ea03f9b4f0 GCTaskThread "GC Thread#7" [stack: 0x0000005a4b800000,0x0000005a4b900000] [id=14716]
  0x000001ea60798d40 ConcurrentGCThread "G1 Main Marker" [stack: 0x0000005a49600000,0x0000005a49700000] [id=8736]
  0x000001ea60799ef0 ConcurrentGCThread "G1 Conc#0" [stack: 0x0000005a49700000,0x0000005a49800000] [id=17796]
  0x000001ea00670090 ConcurrentGCThread "G1 Refine#0" [stack: 0x0000005a49800000,0x0000005a49900000] [id=7484]
  0x000001ea02ab37c0 ConcurrentGCThread "G1 Refine#1" [stack: 0x0000005a4b900000,0x0000005a4ba00000] [id=17196]
  0x000001ea03f6c610 ConcurrentGCThread "G1 Refine#2" [stack: 0x0000005a4ba00000,0x0000005a4bb00000] [id=1392]
  0x000001ea00670950 ConcurrentGCThread "G1 Service" [stack: 0x0000005a49900000,0x0000005a49a00000] [id=2252]

Threads with active compile tasks:

VM state: not at safepoint (normal execution)

VM Mutex/Monitor currently owned by a thread: None

Heap address: 0x0000000082400000, size: 2012 MB, Compressed Oops mode: 32-bit

CDS archive(s) mapped at: [0x0000000800000000-0x0000000800bc0000-0x0000000800bc0000), size 12320768, SharedBaseAddress: 0x0000000800000000, ArchiveRelocationMode: 0.
Compressed class space mapped at: 0x0000000800c00000-0x0000000840c00000, reserved size: 1073741824
Narrow klass base: 0x0000000800000000, Narrow klass shift: 0, Narrow klass range: 0x100000000

GC Precious Log:
 CPUs: 8 total, 8 available
 Memory: 8043M
 Large Page Support: Disabled
 NUMA Support: Disabled
 Compressed Oops: Enabled (32-bit)
 Heap Region Size: 1M
 Heap Min Capacity: 8M
 Heap Initial Capacity: 126M
 Heap Max Capacity: 2012M
 Pre-touch: Disabled
 Parallel Workers: 8
 Concurrent Workers: 2
 Concurrent Refinement Workers: 8
 Periodic GC: Disabled

Heap:
 garbage-first heap   total 129024K, used 46155K [0x0000000082400000, 0x0000000100000000)
  region size 1024K, 36 young (36864K), 5 survivors (5120K)
 Metaspace       used 16996K, committed 17280K, reserved 1064960K
  class space    used 2366K, committed 2496K, reserved 1048576K

Heap Regions: E=young(eden), S=young(survivor), O=old, HS=humongous(starts), HC=humongous(continues), CS=collection set, F=free, OA=open archive, CA=closed archive, TAMS=top-at-mark-start (previous, next)
|   0|0x0000000082400000, 0x0000000082500000, 0x0000000082500000|100%|HS|  |TAMS 0x0000000082400000, 0x0000000082400000| Complete 
|   1|0x0000000082500000, 0x0000000082600000, 0x0000000082600000|100%| O|  |TAMS 0x0000000082500000, 0x0000000082500000| Untracked 
|   2|0x0000000082600000, 0x0000000082700000, 0x0000000082700000|100%|HS|  |TAMS 0x0000000082600000, 0x0000000082600000| Complete 
|   3|0x0000000082700000, 0x0000000082800000, 0x0000000082800000|100%| O|  |TAMS 0x0000000082700000, 0x0000000082700000| Untracked 
|   4|0x0000000082800000, 0x0000000082900000, 0x0000000082900000|100%| O|  |TAMS 0x0000000082800000, 0x0000000082800000| Untracked 
|   5|0x0000000082900000, 0x0000000082a00000, 0x0000000082a00000|100%| O|  |TAMS 0x0000000082900000, 0x0000000082900000| Untracked 
|   6|0x0000000082a00000, 0x0000000082b00000, 0x0000000082b00000|100%| O|  |TAMS 0x0000000082a00000, 0x0000000082a00000| Untracked 
|   7|0x0000000082b00000, 0x0000000082b12c00, 0x0000000082c00000|  7%| O|  |TAMS 0x0000000082b00000, 0x0000000082b00000| Untracked 
|   8|0x0000000082c00000, 0x0000000082d00000, 0x0000000082d00000|100%|HS|  |TAMS 0x0000000082c00000, 0x0000000082c00000| Complete 
|   9|0x0000000082d00000, 0x0000000082e00000, 0x0000000082e00000|100%|HC|  |TAMS 0x0000000082d00000, 0x0000000082d00000| Complete 
|  10|0x0000000082e00000, 0x0000000082f00000, 0x0000000082f00000|100%|HS|  |TAMS 0x0000000082e00000, 0x0000000082e00000| Complete 
|  11|0x0000000082f00000, 0x0000000082f00000, 0x0000000083000000|  0%| F|  |TAMS 0x0000000082f00000, 0x0000000082f00000| Untracked 
|  12|0x0000000083000000, 0x0000000083000000, 0x0000000083100000|  0%| F|  |TAMS 0x0000000083000000, 0x0000000083000000| Untracked 
|  13|0x0000000083100000, 0x0000000083100000, 0x0000000083200000|  0%| F|  |TAMS 0x0000000083100000, 0x0000000083100000| Untracked 
|  14|0x0000000083200000, 0x0000000083200000, 0x0000000083300000|  0%| F|  |TAMS 0x0000000083200000, 0x0000000083200000| Untracked 
|  15|0x0000000083300000, 0x0000000083300000, 0x0000000083400000|  0%| F|  |TAMS 0x0000000083300000, 0x0000000083300000| Untracked 
|  16|0x0000000083400000, 0x0000000083400000, 0x0000000083500000|  0%| F|  |TAMS 0x0000000083400000, 0x0000000083400000| Untracked 
|  17|0x0000000083500000, 0x0000000083500000, 0x0000000083600000|  0%| F|  |TAMS 0x0000000083500000, 0x0000000083500000| Untracked 
|  18|0x0000000083600000, 0x0000000083600000, 0x0000000083700000|  0%| F|  |TAMS 0x0000000083600000, 0x0000000083600000| Untracked 
|  19|0x0000000083700000, 0x0000000083700000, 0x0000000083800000|  0%| F|  |TAMS 0x0000000083700000, 0x0000000083700000| Untracked 
|  20|0x0000000083800000, 0x0000000083800000, 0x0000000083900000|  0%| F|  |TAMS 0x0000000083800000, 0x0000000083800000| Untracked 
|  21|0x0000000083900000, 0x0000000083900000, 0x0000000083a00000|  0%| F|  |TAMS 0x0000000083900000, 0x0000000083900000| Untracked 
|  22|0x0000000083a00000, 0x0000000083a00000, 0x0000000083b00000|  0%| F|  |TAMS 0x0000000083a00000, 0x0000000083a00000| Untracked 
|  23|0x0000000083b00000, 0x0000000083b00000, 0x0000000083c00000|  0%| F|  |TAMS 0x0000000083b00000, 0x0000000083b00000| Untracked 
|  24|0x0000000083c00000, 0x0000000083c00000, 0x0000000083d00000|  0%| F|  |TAMS 0x0000000083c00000, 0x0000000083c00000| Untracked 
|  25|0x0000000083d00000, 0x0000000083d00000, 0x0000000083e00000|  0%| F|  |TAMS 0x0000000083d00000, 0x0000000083d00000| Untracked 
|  26|0x0000000083e00000, 0x0000000083e00000, 0x0000000083f00000|  0%| F|  |TAMS 0x0000000083e00000, 0x0000000083e00000| Untracked 
|  27|0x0000000083f00000, 0x0000000083f00000, 0x0000000084000000|  0%| F|  |TAMS 0x0000000083f00000, 0x0000000083f00000| Untracked 
|  28|0x0000000084000000, 0x0000000084000000, 0x0000000084100000|  0%| F|  |TAMS 0x0000000084000000, 0x0000000084000000| Untracked 
|  29|0x0000000084100000, 0x0000000084100000, 0x0000000084200000|  0%| F|  |TAMS 0x0000000084100000, 0x0000000084100000| Untracked 
|  30|0x0000000084200000, 0x0000000084200000, 0x0000000084300000|  0%| F|  |TAMS 0x0000000084200000, 0x0000000084200000| Untracked 
|  31|0x0000000084300000, 0x0000000084300000, 0x0000000084400000|  0%| F|  |TAMS 0x0000000084300000, 0x0000000084300000| Untracked 
|  32|0x0000000084400000, 0x0000000084400000, 0x0000000084500000|  0%| F|  |TAMS 0x0000000084400000, 0x0000000084400000| Untracked 
|  33|0x0000000084500000, 0x0000000084500000, 0x0000000084600000|  0%| F|  |TAMS 0x0000000084500000, 0x0000000084500000| Untracked 
|  34|0x0000000084600000, 0x0000000084600000, 0x0000000084700000|  0%| F|  |TAMS 0x0000000084600000, 0x0000000084600000| Untracked 
|  35|0x0000000084700000, 0x0000000084700000, 0x0000000084800000|  0%| F|  |TAMS 0x0000000084700000, 0x0000000084700000| Untracked 
|  36|0x0000000084800000, 0x0000000084800000, 0x0000000084900000|  0%| F|  |TAMS 0x0000000084800000, 0x0000000084800000| Untracked 
|  37|0x0000000084900000, 0x0000000084900000, 0x0000000084a00000|  0%| F|  |TAMS 0x0000000084900000, 0x0000000084900000| Untracked 
|  38|0x0000000084a00000, 0x0000000084a00000, 0x0000000084b00000|  0%| F|  |TAMS 0x0000000084a00000, 0x0000000084a00000| Untracked 
|  39|0x0000000084b00000, 0x0000000084b00000, 0x0000000084c00000|  0%| F|  |TAMS 0x0000000084b00000, 0x0000000084b00000| Untracked 
|  40|0x0000000084c00000, 0x0000000084c00000, 0x0000000084d00000|  0%| F|  |TAMS 0x0000000084c00000, 0x0000000084c00000| Untracked 
|  41|0x0000000084d00000, 0x0000000084d00000, 0x0000000084e00000|  0%| F|  |TAMS 0x0000000084d00000, 0x0000000084d00000| Untracked 
|  42|0x0000000084e00000, 0x0000000084e00000, 0x0000000084f00000|  0%| F|  |TAMS 0x0000000084e00000, 0x0000000084e00000| Untracked 
|  43|0x0000000084f00000, 0x0000000084f00000, 0x0000000085000000|  0%| F|  |TAMS 0x0000000084f00000, 0x0000000084f00000| Untracked 
|  44|0x0000000085000000, 0x0000000085000000, 0x0000000085100000|  0%| F|  |TAMS 0x0000000085000000, 0x0000000085000000| Untracked 
|  45|0x0000000085100000, 0x0000000085100000, 0x0000000085200000|  0%| F|  |TAMS 0x0000000085100000, 0x0000000085100000| Untracked 
|  46|0x0000000085200000, 0x0000000085200000, 0x0000000085300000|  0%| F|  |TAMS 0x0000000085200000, 0x0000000085200000| Untracked 
|  47|0x0000000085300000, 0x0000000085300000, 0x0000000085400000|  0%| F|  |TAMS 0x0000000085300000, 0x0000000085300000| Untracked 
|  48|0x0000000085400000, 0x0000000085400000, 0x0000000085500000|  0%| F|  |TAMS 0x0000000085400000, 0x0000000085400000| Untracked 
|  49|0x0000000085500000, 0x0000000085500000, 0x0000000085600000|  0%| F|  |TAMS 0x0000000085500000, 0x0000000085500000| Untracked 
|  50|0x0000000085600000, 0x0000000085600000, 0x0000000085700000|  0%| F|  |TAMS 0x0000000085600000, 0x0000000085600000| Untracked 
|  51|0x0000000085700000, 0x0000000085700000, 0x0000000085800000|  0%| F|  |TAMS 0x0000000085700000, 0x0000000085700000| Untracked 
|  52|0x0000000085800000, 0x0000000085800000, 0x0000000085900000|  0%| F|  |TAMS 0x0000000085800000, 0x0000000085800000| Untracked 
|  53|0x0000000085900000, 0x0000000085900000, 0x0000000085a00000|  0%| F|  |TAMS 0x0000000085900000, 0x0000000085900000| Untracked 
|  54|0x0000000085a00000, 0x0000000085a00000, 0x0000000085b00000|  0%| F|  |TAMS 0x0000000085a00000, 0x0000000085a00000| Untracked 
|  55|0x0000000085b00000, 0x0000000085b00000, 0x0000000085c00000|  0%| F|  |TAMS 0x0000000085b00000, 0x0000000085b00000| Untracked 
|  56|0x0000000085c00000, 0x0000000085c00000, 0x0000000085d00000|  0%| F|  |TAMS 0x0000000085c00000, 0x0000000085c00000| Untracked 
|  57|0x0000000085d00000, 0x0000000085d00000, 0x0000000085e00000|  0%| F|  |TAMS 0x0000000085d00000, 0x0000000085d00000| Untracked 
|  58|0x0000000085e00000, 0x0000000085e00000, 0x0000000085f00000|  0%| F|  |TAMS 0x0000000085e00000, 0x0000000085e00000| Untracked 
|  59|0x0000000085f00000, 0x0000000085f00000, 0x0000000086000000|  0%| F|  |TAMS 0x0000000085f00000, 0x0000000085f00000| Untracked 
|  60|0x0000000086000000, 0x0000000086000000, 0x0000000086100000|  0%| F|  |TAMS 0x0000000086000000, 0x0000000086000000| Untracked 
|  61|0x0000000086100000, 0x0000000086100000, 0x0000000086200000|  0%| F|  |TAMS 0x0000000086100000, 0x0000000086100000| Untracked 
|  62|0x0000000086200000, 0x0000000086200000, 0x0000000086300000|  0%| F|  |TAMS 0x0000000086200000, 0x0000000086200000| Untracked 
|  63|0x0000000086300000, 0x0000000086300000, 0x0000000086400000|  0%| F|  |TAMS 0x0000000086300000, 0x0000000086300000| Untracked 
|  64|0x0000000086400000, 0x0000000086400000, 0x0000000086500000|  0%| F|  |TAMS 0x0000000086400000, 0x0000000086400000| Untracked 
|  65|0x0000000086500000, 0x0000000086500000, 0x0000000086600000|  0%| F|  |TAMS 0x0000000086500000, 0x0000000086500000| Untracked 
|  66|0x0000000086600000, 0x0000000086600000, 0x0000000086700000|  0%| F|  |TAMS 0x0000000086600000, 0x0000000086600000| Untracked 
|  67|0x0000000086700000, 0x0000000086700000, 0x0000000086800000|  0%| F|  |TAMS 0x0000000086700000, 0x0000000086700000| Untracked 
|  68|0x0000000086800000, 0x0000000086800000, 0x0000000086900000|  0%| F|  |TAMS 0x0000000086800000, 0x0000000086800000| Untracked 
|  69|0x0000000086900000, 0x0000000086900000, 0x0000000086a00000|  0%| F|  |TAMS 0x0000000086900000, 0x0000000086900000| Untracked 
|  70|0x0000000086a00000, 0x0000000086a00000, 0x0000000086b00000|  0%| F|  |TAMS 0x0000000086a00000, 0x0000000086a00000| Untracked 
|  71|0x0000000086b00000, 0x0000000086b00000, 0x0000000086c00000|  0%| F|  |TAMS 0x0000000086b00000, 0x0000000086b00000| Untracked 
|  72|0x0000000086c00000, 0x0000000086c00000, 0x0000000086d00000|  0%| F|  |TAMS 0x0000000086c00000, 0x0000000086c00000| Untracked 
|  73|0x0000000086d00000, 0x0000000086d00000, 0x0000000086e00000|  0%| F|  |TAMS 0x0000000086d00000, 0x0000000086d00000| Untracked 
|  74|0x0000000086e00000, 0x0000000086e00000, 0x0000000086f00000|  0%| F|  |TAMS 0x0000000086e00000, 0x0000000086e00000| Untracked 
|  75|0x0000000086f00000, 0x0000000086f00000, 0x0000000087000000|  0%| F|  |TAMS 0x0000000086f00000, 0x0000000086f00000| Untracked 
|  76|0x0000000087000000, 0x0000000087000000, 0x0000000087100000|  0%| F|  |TAMS 0x0000000087000000, 0x0000000087000000| Untracked 
|  77|0x0000000087100000, 0x0000000087100000, 0x0000000087200000|  0%| F|  |TAMS 0x0000000087100000, 0x0000000087100000| Untracked 
|  78|0x0000000087200000, 0x0000000087200000, 0x0000000087300000|  0%| F|  |TAMS 0x0000000087200000, 0x0000000087200000| Untracked 
|  79|0x0000000087300000, 0x0000000087300000, 0x0000000087400000|  0%| F|  |TAMS 0x0000000087300000, 0x0000000087300000| Untracked 
|  80|0x0000000087400000, 0x0000000087400000, 0x0000000087500000|  0%| F|  |TAMS 0x0000000087400000, 0x0000000087400000| Untracked 
|  81|0x0000000087500000, 0x0000000087500000, 0x0000000087600000|  0%| F|  |TAMS 0x0000000087500000, 0x0000000087500000| Untracked 
|  82|0x0000000087600000, 0x0000000087600000, 0x0000000087700000|  0%| F|  |TAMS 0x0000000087600000, 0x0000000087600000| Untracked 
|  83|0x0000000087700000, 0x0000000087700000, 0x0000000087800000|  0%| F|  |TAMS 0x0000000087700000, 0x0000000087700000| Untracked 
|  84|0x0000000087800000, 0x0000000087800000, 0x0000000087900000|  0%| F|  |TAMS 0x0000000087800000, 0x0000000087800000| Untracked 
|  85|0x0000000087900000, 0x0000000087a00000, 0x0000000087a00000|100%| S|CS|TAMS 0x0000000087900000, 0x0000000087900000| Complete 
|  86|0x0000000087a00000, 0x0000000087b00000, 0x0000000087b00000|100%| S|CS|TAMS 0x0000000087a00000, 0x0000000087a00000| Complete 
|  87|0x0000000087b00000, 0x0000000087c00000, 0x0000000087c00000|100%| S|CS|TAMS 0x0000000087b00000, 0x0000000087b00000| Complete 
|  88|0x0000000087c00000, 0x0000000087d00000, 0x0000000087d00000|100%| S|CS|TAMS 0x0000000087c00000, 0x0000000087c00000| Complete 
|  89|0x0000000087d00000, 0x0000000087e00000, 0x0000000087e00000|100%| S|CS|TAMS 0x0000000087d00000, 0x0000000087d00000| Complete 
|  90|0x0000000087e00000, 0x0000000087e00000, 0x0000000087f00000|  0%| F|  |TAMS 0x0000000087e00000, 0x0000000087e00000| Untracked 
|  91|0x0000000087f00000, 0x0000000087f00000, 0x0000000088000000|  0%| F|  |TAMS 0x0000000087f00000, 0x0000000087f00000| Untracked 
|  92|0x0000000088000000, 0x0000000088000000, 0x0000000088100000|  0%| F|  |TAMS 0x0000000088000000, 0x0000000088000000| Untracked 
|  93|0x0000000088100000, 0x0000000088100000, 0x0000000088200000|  0%| F|  |TAMS 0x0000000088100000, 0x0000000088100000| Untracked 
|  94|0x0000000088200000, 0x0000000088200000, 0x0000000088300000|  0%| F|  |TAMS 0x0000000088200000, 0x0000000088200000| Untracked 
|  95|0x0000000088300000, 0x00000000883ebfb0, 0x0000000088400000| 92%| E|  |TAMS 0x0000000088300000, 0x0000000088300000| Complete 
|  96|0x0000000088400000, 0x0000000088500000, 0x0000000088500000|100%| E|CS|TAMS 0x0000000088400000, 0x0000000088400000| Complete 
|  97|0x0000000088500000, 0x0000000088600000, 0x0000000088600000|100%| E|CS|TAMS 0x0000000088500000, 0x0000000088500000| Complete 
|  98|0x0000000088600000, 0x0000000088700000, 0x0000000088700000|100%| E|CS|TAMS 0x0000000088600000, 0x0000000088600000| Complete 
|  99|0x0000000088700000, 0x0000000088800000, 0x0000000088800000|100%| E|CS|TAMS 0x0000000088700000, 0x0000000088700000| Complete 
| 100|0x0000000088800000, 0x0000000088900000, 0x0000000088900000|100%| E|CS|TAMS 0x0000000088800000, 0x0000000088800000| Complete 
| 101|0x0000000088900000, 0x0000000088a00000, 0x0000000088a00000|100%| E|CS|TAMS 0x0000000088900000, 0x0000000088900000| Complete 
| 102|0x0000000088a00000, 0x0000000088b00000, 0x0000000088b00000|100%| E|CS|TAMS 0x0000000088a00000, 0x0000000088a00000| Complete 
| 103|0x0000000088b00000, 0x0000000088c00000, 0x0000000088c00000|100%| E|CS|TAMS 0x0000000088b00000, 0x0000000088b00000| Complete 
| 104|0x0000000088c00000, 0x0000000088d00000, 0x0000000088d00000|100%| E|CS|TAMS 0x0000000088c00000, 0x0000000088c00000| Complete 
| 105|0x0000000088d00000, 0x0000000088e00000, 0x0000000088e00000|100%| E|CS|TAMS 0x0000000088d00000, 0x0000000088d00000| Complete 
| 106|0x0000000088e00000, 0x0000000088f00000, 0x0000000088f00000|100%| E|CS|TAMS 0x0000000088e00000, 0x0000000088e00000| Complete 
| 107|0x0000000088f00000, 0x0000000089000000, 0x0000000089000000|100%| E|CS|TAMS 0x0000000088f00000, 0x0000000088f00000| Complete 
| 108|0x0000000089000000, 0x0000000089100000, 0x0000000089100000|100%| E|CS|TAMS 0x0000000089000000, 0x0000000089000000| Complete 
| 109|0x0000000089100000, 0x0000000089200000, 0x0000000089200000|100%| E|CS|TAMS 0x0000000089100000, 0x0000000089100000| Complete 
| 110|0x0000000089200000, 0x0000000089300000, 0x0000000089300000|100%| E|CS|TAMS 0x0000000089200000, 0x0000000089200000| Complete 
| 111|0x0000000089300000, 0x0000000089400000, 0x0000000089400000|100%| E|CS|TAMS 0x0000000089300000, 0x0000000089300000| Complete 
| 112|0x0000000089400000, 0x0000000089500000, 0x0000000089500000|100%| E|CS|TAMS 0x0000000089400000, 0x0000000089400000| Complete 
| 113|0x0000000089500000, 0x0000000089600000, 0x0000000089600000|100%| E|CS|TAMS 0x0000000089500000, 0x0000000089500000| Complete 
| 114|0x0000000089600000, 0x0000000089700000, 0x0000000089700000|100%| E|CS|TAMS 0x0000000089600000, 0x0000000089600000| Complete 
| 115|0x0000000089700000, 0x0000000089800000, 0x0000000089800000|100%| E|CS|TAMS 0x0000000089700000, 0x0000000089700000| Complete 
| 116|0x0000000089800000, 0x0000000089900000, 0x0000000089900000|100%| E|CS|TAMS 0x0000000089800000, 0x0000000089800000| Complete 
| 117|0x0000000089900000, 0x0000000089a00000, 0x0000000089a00000|100%| E|CS|TAMS 0x0000000089900000, 0x0000000089900000| Complete 
| 118|0x0000000089a00000, 0x0000000089b00000, 0x0000000089b00000|100%| E|CS|TAMS 0x0000000089a00000, 0x0000000089a00000| Complete 
| 119|0x0000000089b00000, 0x0000000089c00000, 0x0000000089c00000|100%| E|CS|TAMS 0x0000000089b00000, 0x0000000089b00000| Complete 
| 120|0x0000000089c00000, 0x0000000089d00000, 0x0000000089d00000|100%| E|CS|TAMS 0x0000000089c00000, 0x0000000089c00000| Complete 
| 121|0x0000000089d00000, 0x0000000089e00000, 0x0000000089e00000|100%| E|CS|TAMS 0x0000000089d00000, 0x0000000089d00000| Complete 
| 122|0x0000000089e00000, 0x0000000089f00000, 0x0000000089f00000|100%| E|CS|TAMS 0x0000000089e00000, 0x0000000089e00000| Complete 
| 123|0x0000000089f00000, 0x000000008a000000, 0x000000008a000000|100%| E|CS|TAMS 0x0000000089f00000, 0x0000000089f00000| Complete 
| 124|0x000000008a000000, 0x000000008a100000, 0x000000008a100000|100%| E|CS|TAMS 0x000000008a000000, 0x000000008a000000| Complete 
| 125|0x000000008a100000, 0x000000008a200000, 0x000000008a200000|100%| E|CS|TAMS 0x000000008a100000, 0x000000008a100000| Complete 

Card table byte_map: [0x000001ea795f0000,0x000001ea799e0000] _byte_map_base: 0x000001ea791de000

Marking Bits (Prev, Next): (CMBitMap*) 0x000001ea60788890, (CMBitMap*) 0x000001ea607888d0
 Prev Bits: [0x000001ea79dd0000, 0x000001ea7bd40000)
 Next Bits: [0x000001ea7bd40000, 0x000001ea7dcb0000)

Polling page: 0x000001ea60820000

Metaspace:

Usage:
  Non-class:     14.29 MB used.
      Class:      2.31 MB used.
       Both:     16.60 MB used.

Virtual space:
  Non-class space:       16.00 MB reserved,      14.44 MB ( 90%) committed,  2 nodes.
      Class space:        1.00 GB reserved,       2.44 MB ( <1%) committed,  1 nodes.
             Both:        1.02 GB reserved,      16.88 MB (  2%) committed. 

Chunk freelists:
   Non-Class:  864.00 KB
       Class:  1.53 MB
        Both:  2.38 MB

MaxMetaspaceSize: unlimited
CompressedClassSpaceSize: 1.00 GB
Initial GC threshold: 21.00 MB
Current GC threshold: 21.00 MB
CDS: on
MetaspaceReclaimPolicy: balanced
 - commit_granule_bytes: 65536.
 - commit_granule_words: 8192.
 - virtual_space_node_default_size: 1048576.
 - enlarge_chunks_in_place: 1.
 - new_chunks_are_fully_committed: 0.
 - uncommit_free_chunks: 1.
 - use_allocation_guard: 0.
 - handle_deallocations: 1.


Internal statistics:

num_allocs_failed_limit: 0.
num_arena_births: 230.
num_arena_deaths: 0.
num_vsnodes_births: 3.
num_vsnodes_deaths: 0.
num_space_committed: 270.
num_space_uncommitted: 0.
num_chunks_returned_to_freelist: 0.
num_chunks_taken_from_freelist: 769.
num_chunk_merges: 0.
num_chunk_splits: 541.
num_chunks_enlarged: 422.
num_purges: 0.
num_inconsistent_stats: 0.

CodeHeap 'non-profiled nmethods': size=120000Kb used=1580Kb max_used=1580Kb free=118419Kb
 bounds [0x000001ea71260000, 0x000001ea714d0000, 0x000001ea78790000]
CodeHeap 'profiled nmethods': size=120000Kb used=5941Kb max_used=5941Kb free=114058Kb
 bounds [0x000001ea69d30000, 0x000001ea6a300000, 0x000001ea71260000]
CodeHeap 'non-nmethods': size=5760Kb used=1426Kb max_used=1500Kb free=4333Kb
 bounds [0x000001ea69790000, 0x000001ea69a00000, 0x000001ea69d30000]
 total_blobs=4004 nmethods=3209 adapters=706
 compilation: enabled
              stopped_count=0, restarted_count=0
 full_count=0

Compilation events (20 events):
Event: 7.240 Thread 0x000001ea007dc460 3222       3       javafx.scene.layout.Region::getMaxWidth (22 bytes)
Event: 7.240 Thread 0x000001ea007dc460 nmethod 3222 0x000001ea6a2f8710 code [0x000001ea6a2f88e0, 0x000001ea6a2f8ca8]
Event: 7.240 Thread 0x000001ea007dc460 3223       3       javafx.scene.layout.Region::maxHeight (52 bytes)
Event: 7.240 Thread 0x000001ea007dc460 nmethod 3223 0x000001ea6a2f8e10 code [0x000001ea6a2f9040, 0x000001ea6a2f97c8]
Event: 7.240 Thread 0x000001ea007dc460 3224       3       javafx.scene.layout.Region::getMaxHeight (22 bytes)
Event: 7.240 Thread 0x000001ea007dc460 nmethod 3224 0x000001ea6a2f9990 code [0x000001ea6a2f9b60, 0x000001ea6a2f9f28]
Event: 7.240 Thread 0x000001ea007dc460 3225       3       javafx.scene.Node::relocate (59 bytes)
Event: 7.241 Thread 0x000001ea007dc460 nmethod 3225 0x000001ea6a2fa090 code [0x000001ea6a2fa380, 0x000001ea6a2fb558]
Event: 7.241 Thread 0x000001ea007dc460 3227       3       com.sun.javafx.geom.RectBounds::getWidth (10 bytes)
Event: 7.241 Thread 0x000001ea007dc460 nmethod 3227 0x000001ea6a2fbb10 code [0x000001ea6a2fbca0, 0x000001ea6a2fbdb8]
Event: 7.318 Thread 0x000001ea007dc460 3228       3       com.sun.javafx.collections.VetoableListDecorator::toArray (11 bytes)
Event: 7.318 Thread 0x000001ea007d39b0 3229       4       javafx.scene.Parent::updateBounds (44 bytes)
Event: 7.318 Thread 0x000001ea007dc460 nmethod 3228 0x000001ea6a2fbe90 code [0x000001ea6a2fc040, 0x000001ea6a2fc208]
Event: 7.318 Thread 0x000001ea007dc460 3230       3       com.sun.javafx.geom.transform.Affine3D::deriveWithConcatenation (6 bytes)
Event: 7.318 Thread 0x000001ea007dc460 nmethod 3230 0x000001ea6a2fc310 code [0x000001ea6a2fc4c0, 0x000001ea6a2fc688]
Event: 7.319 Thread 0x000001ea007dc460 3231       3       java.nio.ByteBuffer::rewind (7 bytes)
Event: 7.319 Thread 0x000001ea007dc460 nmethod 3231 0x000001ea6a2fc790 code [0x000001ea6a2fc920, 0x000001ea6a2fca98]
Event: 7.323 Thread 0x000001ea007d39b0 nmethod 3229 0x000001ea713ea810 code [0x000001ea713ea9e0, 0x000001ea713eada8]
Event: 9.515 Thread 0x000001ea007dc460 3232  s    3       com.sun.javafx.tk.quantum.QuantumToolkit::pauseTimer (93 bytes)
Event: 9.516 Thread 0x000001ea007dc460 nmethod 3232 0x000001ea6a2fcb90 code [0x000001ea6a2fcdc0, 0x000001ea6a2fd578]

GC Heap History (4 events):
Event: 0.394 GC heap before
{Heap before GC invocations=0 (full 0):
 garbage-first heap   total 129024K, used 23552K [0x0000000082400000, 0x0000000100000000)
  region size 1024K, 23 young (23552K), 0 survivors (0K)
 Metaspace       used 922K, committed 1152K, reserved 1056768K
  class space    used 72K, committed 192K, reserved 1048576K
}
Event: 0.398 GC heap after
{Heap after GC invocations=1 (full 0):
 garbage-first heap   total 129024K, used 3289K [0x0000000082400000, 0x0000000100000000)
  region size 1024K, 3 young (3072K), 3 survivors (3072K)
 Metaspace       used 922K, committed 1152K, reserved 1056768K
  class space    used 72K, committed 192K, reserved 1048576K
}
Event: 1.267 GC heap before
{Heap before GC invocations=1 (full 0):
 garbage-first heap   total 129024K, used 38105K [0x0000000082400000, 0x0000000100000000)
  region size 1024K, 36 young (36864K), 3 survivors (3072K)
 Metaspace       used 9740K, committed 9984K, reserved 1064960K
  class space    used 1218K, committed 1280K, reserved 1048576K
}
Event: 1.273 GC heap after
{Heap after GC invocations=2 (full 0):
 garbage-first heap   total 129024K, used 12363K [0x0000000082400000, 0x0000000100000000)
  region size 1024K, 5 young (5120K), 5 survivors (5120K)
 Metaspace       used 9740K, committed 9984K, reserved 1064960K
  class space    used 1218K, committed 1280K, reserved 1048576K
}

Deoptimization events (20 events):
Event: 3.908 Thread 0x000001ea03865c20 DEOPT PACKING pc=0x000001ea6a1e295a sp=0x0000005a4acfdcc0
Event: 3.908 Thread 0x000001ea03865c20 DEOPT UNPACKING pc=0x000001ea697e2b43 sp=0x0000005a4acfd0f8 mode 0
Event: 4.018 Thread 0x000001ea02210750 Uncommon trap: trap_request=0xffffffde fr.pc=0x000001ea712c10d0 relative=0x00000000000009d0
Event: 4.018 Thread 0x000001ea02210750 Uncommon trap: reason=class_check action=maybe_recompile pc=0x000001ea712c10d0 method=java.util.HashSet.add(Ljava/lang/Object;)Z @ 8 c2
Event: 4.018 Thread 0x000001ea02210750 DEOPT PACKING pc=0x000001ea712c10d0 sp=0x0000005a4aefbb60
Event: 4.018 Thread 0x000001ea02210750 DEOPT UNPACKING pc=0x000001ea697e23a3 sp=0x0000005a4aefbb40 mode 2
Event: 4.058 Thread 0x000001ea02210750 DEOPT PACKING pc=0x000001ea6a27bd9a sp=0x0000005a4aefb2f0
Event: 4.058 Thread 0x000001ea02210750 DEOPT UNPACKING pc=0x000001ea697e2b43 sp=0x0000005a4aefa838 mode 0
Event: 4.063 Thread 0x000001ea02210750 Uncommon trap: trap_request=0xffffff45 fr.pc=0x000001ea713d0258 relative=0x0000000000000778
Event: 4.063 Thread 0x000001ea02210750 Uncommon trap: reason=unstable_if action=reinterpret pc=0x000001ea713d0258 method=java.security.DigestInputStream.read()I @ 17 c2
Event: 4.063 Thread 0x000001ea02210750 DEOPT PACKING pc=0x000001ea713d0258 sp=0x0000005a4aefb360
Event: 4.063 Thread 0x000001ea02210750 DEOPT UNPACKING pc=0x000001ea697e23a3 sp=0x0000005a4aefb2d0 mode 2
Event: 4.063 Thread 0x000001ea02210750 Uncommon trap: trap_request=0xffffff45 fr.pc=0x000001ea7126c05c relative=0x000000000000015c
Event: 4.063 Thread 0x000001ea02210750 Uncommon trap: reason=unstable_if action=reinterpret pc=0x000001ea7126c05c method=java.lang.StringCoding.hasNegatives([BII)Z @ 12 c2
Event: 4.063 Thread 0x000001ea02210750 DEOPT PACKING pc=0x000001ea7126c05c sp=0x0000005a4aefb120
Event: 4.063 Thread 0x000001ea02210750 DEOPT UNPACKING pc=0x000001ea697e23a3 sp=0x0000005a4aefb0b0 mode 2
Event: 4.063 Thread 0x000001ea02210750 Uncommon trap: trap_request=0xffffff45 fr.pc=0x000001ea713d159c relative=0x00000000000003fc
Event: 4.063 Thread 0x000001ea02210750 Uncommon trap: reason=unstable_if action=reinterpret pc=0x000001ea713d159c method=sun.security.provider.DigestBase.engineUpdate(B)V @ 4 c2
Event: 4.063 Thread 0x000001ea02210750 DEOPT PACKING pc=0x000001ea713d159c sp=0x0000005a4aefb290
Event: 4.064 Thread 0x000001ea02210750 DEOPT UNPACKING pc=0x000001ea697e23a3 sp=0x0000005a4aefb270 mode 2

Classes unloaded (0 events):
No events

Classes redefined (0 events):
No events

Internal exceptions (20 events):
Event: 1.555 Thread 0x000001ea02210750 Exception <a 'java/lang/ClassNotFoundException'{0x00000000895acf00}: com/sun/javafx/scene/control/skin/resources/controls_en> (0x00000000895acf00) 
thrown [t:\workspace\open\src\hotspot\share\prims\jni.cpp, line 535]
Event: 1.555 Thread 0x000001ea02210750 Exception <a 'java/lang/ClassNotFoundException'{0x00000000895ae3d0}: com/sun/javafx/scene/control/skin/resources/controls_en_US> (0x00000000895ae3d0) 
thrown [t:\workspace\open\src\hotspot\share\prims\jni.cpp, line 535]
Event: 1.759 Thread 0x000001ea02210750 Exception <a 'java/lang/NoSuchMethodError'{0x0000000088ba8bb8}: 'java.lang.Object java.lang.invoke.DirectMethodHandle$Holder.newInvokeSpecial(java.lang.Object, java.lang.Object, int)'> (0x0000000088ba8bb8) 
thrown [t:\workspace\open\src\hotspot\share\interpreter\linkResolver.cpp, line 766]
Event: 1.766 Thread 0x000001ea02210750 Implicit null exception at 0x000001ea7131b2ea to 0x000001ea7131bb94
Event: 1.766 Thread 0x000001ea02210750 Implicit null exception at 0x000001ea7131b2ea to 0x000001ea7131bb94
Event: 1.766 Thread 0x000001ea02210750 Implicit null exception at 0x000001ea7131b2ea to 0x000001ea7131bb94
Event: 1.766 Thread 0x000001ea02210750 Implicit null exception at 0x000001ea7131b2ea to 0x000001ea7131bb94
Event: 1.803 Thread 0x000001ea03865c20 Exception <a 'java/lang/NoSuchMethodError'{0x0000000088ad5a40}: 'int java.lang.invoke.DirectMethodHandle$Holder.invokeStaticInit(java.lang.Object, java.lang.Object)'> (0x0000000088ad5a40) 
thrown [t:\workspace\open\src\hotspot\share\interpreter\linkResolver.cpp, line 766]
Event: 3.901 Thread 0x000001ea02210750 Exception <a 'java/lang/NoSuchMethodError'{0x000000008856b520}: 'long java.lang.invoke.DirectMethodHandle$Holder.invokeStatic(java.lang.Object, java.lang.Object, java.lang.Object)'> (0x000000008856b520) 
thrown [t:\workspace\open\src\hotspot\share\interpreter\linkResolver.cpp, line 766]
Event: 3.901 Thread 0x000001ea02210750 Exception <a 'java/lang/NoSuchMethodError'{0x000000008856ecc8}: 'long java.lang.invoke.DirectMethodHandle$Holder.invokeStaticInit(java.lang.Object, java.lang.Object, java.lang.Object)'> (0x000000008856ecc8) 
thrown [t:\workspace\open\src\hotspot\share\interpreter\linkResolver.cpp, line 766]
Event: 3.904 Thread 0x000001ea02210750 Exception <a 'java/lang/NoSuchMethodError'{0x0000000088586b80}: 'java.lang.Object java.lang.invoke.DirectMethodHandle$Holder.newInvokeSpecial(java.lang.Object, java.lang.Object, long)'> (0x0000000088586b80) 
thrown [t:\workspace\open\src\hotspot\share\interpreter\linkResolver.cpp, line 766]
Event: 3.904 Thread 0x000001ea02210750 Exception <a 'java/lang/NoSuchMethodError'{0x000000008858a6f0}: 'java.lang.Object java.lang.invoke.Invokers$Holder.linkToTargetMethod(java.lang.Object, long, java.lang.Object)'> (0x000000008858a6f0) 
thrown [t:\workspace\open\src\hotspot\share\interpreter\linkResolver.cpp, line 766]
Event: 4.017 Thread 0x000001ea02210750 Exception <a 'sun/nio/fs/WindowsException'{0x00000000885a2dc0}> (0x00000000885a2dc0) 
thrown [t:\workspace\open\src\hotspot\share\prims\jni.cpp, line 516]
Event: 4.038 Thread 0x000001ea02210750 Exception <a 'sun/nio/fs/WindowsException'{0x000000008841db18}> (0x000000008841db18) 
thrown [t:\workspace\open\src\hotspot\share\prims\jni.cpp, line 516]
Event: 4.038 Thread 0x000001ea02210750 Exception <a 'sun/nio/fs/WindowsException'{0x000000008841f1f8}> (0x000000008841f1f8) 
thrown [t:\workspace\open\src\hotspot\share\prims\jni.cpp, line 516]
Event: 4.063 Thread 0x000001ea02210750 Implicit null exception at 0x000001ea713d11d3 to 0x000001ea713d1580
Event: 4.092 Thread 0x000001ea02210750 Exception <a 'java/lang/NullPointerException'{0x0000000088455150}> (0x0000000088455150) 
thrown [t:\workspace\open\src\hotspot\share\interpreter\linkResolver.cpp, line 1440]
Event: 5.652 Thread 0x000001ea02210750 Exception <a 'java/lang/NoSuchMethodError'{0x0000000088349570}: 'java.lang.Object java.lang.invoke.DirectMethodHandle$Holder.newInvokeSpecial(java.lang.Object, java.lang.Object, int, int, int, int, int, java.lang.Object)'> (0x0000000088349570) 
thrown [t:\workspace\open\src\hotspot\share\interpreter\linkResolver.cpp, line 766]
Event: 5.656 Thread 0x000001ea02210750 Exception <a 'java/lang/NoSuchMethodError'{0x000000008835c550}: 'java.lang.Object java.lang.invoke.DirectMethodHandle$Holder.newInvokeSpecial(java.lang.Object, java.lang.Object, java.lang.Object, int, int, int, int, int)'> (0x000000008835c550) 
thrown [t:\workspace\open\src\hotspot\share\interpreter\linkResolver.cpp, line 766]
Event: 5.658 Thread 0x000001ea02210750 Exception <a 'java/lang/NoSuchMethodError'{0x0000000088363db0}: 'java.lang.Object java.lang.invoke.Invokers$Holder.linkToTargetMethod(java.lang.Object, java.lang.Object, int, int, int, int, int, java.lang.Object)'> (0x0000000088363db0) 
thrown [t:\workspace\open\src\hotspot\share\interpreter\linkResolver.cpp, line 766]

VM Operations (20 events):
Event: 1.267 Executing VM operation: G1CollectForAllocation
Event: 1.273 Executing VM operation: G1CollectForAllocation done
Event: 1.334 Executing VM operation: HandshakeAllThreads
Event: 1.334 Executing VM operation: HandshakeAllThreads done
Event: 1.528 Executing VM operation: ICBufferFull
Event: 1.528 Executing VM operation: ICBufferFull done
Event: 1.769 Executing VM operation: ICBufferFull
Event: 1.769 Executing VM operation: ICBufferFull done
Event: 2.770 Executing VM operation: Cleanup
Event: 2.770 Executing VM operation: Cleanup done
Event: 3.770 Executing VM operation: Cleanup
Event: 3.770 Executing VM operation: Cleanup done
Event: 4.024 Executing VM operation: HandshakeAllThreads
Event: 4.024 Executing VM operation: HandshakeAllThreads done
Event: 5.025 Executing VM operation: Cleanup
Event: 5.025 Executing VM operation: Cleanup done
Event: 7.025 Executing VM operation: Cleanup
Event: 7.026 Executing VM operation: Cleanup done
Event: 8.026 Executing VM operation: Cleanup
Event: 8.027 Executing VM operation: Cleanup done

Events (20 events):
Event: 2.370 Thread 0x000001ea01578ca0 Thread exited: 0x000001ea01578ca0
Event: 2.620 Thread 0x000001ea01578bf0 Thread added: 0x000001ea01578bf0
Event: 2.720 Thread 0x000001ea01572fb0 Thread added: 0x000001ea01572fb0
Event: 3.018 Thread 0x000001ea01572fb0 Thread exited: 0x000001ea01572fb0
Event: 3.065 Thread 0x000001ea01578bf0 Thread exited: 0x000001ea01578bf0
Event: 3.872 loading class java/io/UnsupportedEncodingException
Event: 3.872 loading class java/io/UnsupportedEncodingException done
Event: 4.013 Loaded shared library C:\Users\Tech Land\.jdks\openjdk-17.0.2\bin\verify.dll
Event: 4.023 loading class java/util/concurrent/Executors$FinalizableDelegatedExecutorService
Event: 4.023 loading class java/util/concurrent/Executors$DelegatedExecutorService
Event: 4.024 loading class java/util/concurrent/Executors$DelegatedExecutorService done
Event: 4.024 loading class java/util/concurrent/Executors$FinalizableDelegatedExecutorService done
Event: 4.024 Thread 0x000001ea60733600 Thread added: 0x000001ea60733600
Event: 4.084 Loaded shared library C:\Users\Tech Land\AppData\Local\Temp\sqlite-3.7.2-sqlitejdbc.dll
Event: 4.089 loading class java/io/StringReader
Event: 4.089 loading class java/io/StringReader done
Event: 4.094 Thread 0x000001ea03cc6390 Thread added: 0x000001ea03cc6390
Event: 4.096 Thread 0x000001ea03847c80 Thread added: 0x000001ea03847c80
Event: 4.219 Thread 0x000001ea03847c80 Thread exited: 0x000001ea03847c80
Event: 4.251 Thread 0x000001ea03cc6390 Thread exited: 0x000001ea03cc6390


Dynamic libraries:
0x00007ff781a70000 - 0x00007ff781a7e000 	C:\Users\Tech Land\.jdks\openjdk-17.0.2\bin\java.exe
0x00007ffee4710000 - 0x00007ffee4905000 	C:\WINDOWS\SYSTEM32\ntdll.dll
0x00007ffee3650000 - 0x00007ffee370e000 	C:\WINDOWS\System32\KERNEL32.DLL
0x00007ffee2230000 - 0x00007ffee24f8000 	C:\WINDOWS\System32\KERNELBASE.dll
0x00007ffee1f90000 - 0x00007ffee2090000 	C:\WINDOWS\System32\ucrtbase.dll
0x00007ffed9330000 - 0x00007ffed934a000 	C:\Users\Tech Land\.jdks\openjdk-17.0.2\bin\VCRUNTIME140.dll
0x00007ffed9310000 - 0x00007ffed9328000 	C:\Users\Tech Land\.jdks\openjdk-17.0.2\bin\jli.dll
0x00007ffec9260000 - 0x00007ffec94fa000 	C:\WINDOWS\WinSxS\amd64_microsoft.windows.common-controls_6595b64144ccf1df_6.0.19041.1110_none_60b5254171f9507e\COMCTL32.dll
0x00007ffee4630000 - 0x00007ffee46ce000 	C:\WINDOWS\System32\msvcrt.dll
0x00007ffee4230000 - 0x00007ffee43d0000 	C:\WINDOWS\System32\USER32.dll
0x00007ffee26d0000 - 0x00007ffee26f2000 	C:\WINDOWS\System32\win32u.dll
0x00007ffee37b0000 - 0x00007ffee37db000 	C:\WINDOWS\System32\GDI32.dll
0x00007ffee2500000 - 0x00007ffee260b000 	C:\WINDOWS\System32\gdi32full.dll
0x00007ffee2090000 - 0x00007ffee212d000 	C:\WINDOWS\System32\msvcp_win.dll
0x00007ffee35b0000 - 0x00007ffee35e0000 	C:\WINDOWS\System32\IMM32.DLL
0x00007ffed8d50000 - 0x00007ffed8d5c000 	C:\Users\Tech Land\.jdks\openjdk-17.0.2\bin\vcruntime140_1.dll
0x00007ffeb3110000 - 0x00007ffeb319d000 	C:\Users\Tech Land\.jdks\openjdk-17.0.2\bin\msvcp140.dll
0x00007ffe72210000 - 0x00007ffe72dd1000 	C:\Users\Tech Land\.jdks\openjdk-17.0.2\bin\server\jvm.dll
0x00007ffee43d0000 - 0x00007ffee447e000 	C:\WINDOWS\System32\ADVAPI32.dll
0x00007ffee3710000 - 0x00007ffee37ac000 	C:\WINDOWS\System32\sechost.dll
0x00007ffee4100000 - 0x00007ffee4225000 	C:\WINDOWS\System32\RPCRT4.dll
0x00007ffee3fb0000 - 0x00007ffee3fb8000 	C:\WINDOWS\System32\PSAPI.DLL
0x00007ffedc1e0000 - 0x00007ffedc1e9000 	C:\WINDOWS\SYSTEM32\WSOCK32.dll
0x00007ffec09c0000 - 0x00007ffec09e7000 	C:\WINDOWS\SYSTEM32\WINMM.dll
0x00007ffed7f10000 - 0x00007ffed7f1a000 	C:\WINDOWS\SYSTEM32\VERSION.dll
0x00007ffee35e0000 - 0x00007ffee364b000 	C:\WINDOWS\System32\WS2_32.dll
0x00007ffee0700000 - 0x00007ffee0712000 	C:\WINDOWS\SYSTEM32\kernel.appcore.dll
0x00007ffed8d30000 - 0x00007ffed8d3a000 	C:\Users\Tech Land\.jdks\openjdk-17.0.2\bin\jimage.dll
0x00007ffedca80000 - 0x00007ffedcc64000 	C:\WINDOWS\SYSTEM32\DBGHELP.DLL
0x00007ffec6450000 - 0x00007ffec647c000 	C:\WINDOWS\SYSTEM32\dbgcore.DLL
0x00007ffee2610000 - 0x00007ffee2692000 	C:\WINDOWS\System32\bcryptPrimitives.dll
0x00007ffed8040000 - 0x00007ffed804e000 	C:\Users\Tech Land\.jdks\openjdk-17.0.2\bin\instrument.dll
0x00007ffed6ca0000 - 0x00007ffed6cc5000 	C:\Users\Tech Land\.jdks\openjdk-17.0.2\bin\java.dll
0x00007ffeafd60000 - 0x00007ffeafe36000 	C:\Users\Tech Land\.jdks\openjdk-17.0.2\bin\jsvml.dll
0x00007ffee2770000 - 0x00007ffee2eb4000 	C:\WINDOWS\System32\SHELL32.dll
0x00007ffedff20000 - 0x00007ffee06b4000 	C:\WINDOWS\SYSTEM32\windows.storage.dll
0x00007ffee2ec0000 - 0x00007ffee3214000 	C:\WINDOWS\System32\combase.dll
0x00007ffee1890000 - 0x00007ffee18bc000 	C:\WINDOWS\SYSTEM32\Wldp.dll
0x00007ffee3d70000 - 0x00007ffee3e1d000 	C:\WINDOWS\System32\SHCORE.dll
0x00007ffee33f0000 - 0x00007ffee3445000 	C:\WINDOWS\System32\shlwapi.dll
0x00007ffee1d70000 - 0x00007ffee1d8f000 	C:\WINDOWS\SYSTEM32\profapi.dll
0x00007ffed6d10000 - 0x00007ffed6d29000 	C:\Users\Tech Land\.jdks\openjdk-17.0.2\bin\net.dll
0x00007ffed3ad0000 - 0x00007ffed3bd9000 	C:\WINDOWS\SYSTEM32\WINHTTP.dll
0x00007ffee15f0000 - 0x00007ffee165a000 	C:\WINDOWS\system32\mswsock.dll
0x00007ffecdc30000 - 0x00007ffecdc46000 	C:\Users\Tech Land\.jdks\openjdk-17.0.2\bin\nio.dll
0x00007ffecdae0000 - 0x00007ffecdaf8000 	C:\Users\Tech Land\.jdks\openjdk-17.0.2\bin\zip.dll
0x00007ffec88c0000 - 0x00007ffec88da000 	C:\Program Files\JetBrains\IntelliJ IDEA 2021.3.2\bin\breakgen64.dll
0x000001ea00980000 - 0x000001ea00983000 	C:\Users\Tech Land\.openjfx\cache\17.0.1\api-ms-win-core-console-l1-1-0.dll
0x000001ea00990000 - 0x000001ea00993000 	C:\Users\Tech Land\.openjfx\cache\17.0.1\api-ms-win-core-console-l1-2-0.dll
0x000001ea009a0000 - 0x000001ea009a3000 	C:\Users\Tech Land\.openjfx\cache\17.0.1\api-ms-win-core-datetime-l1-1-0.dll
0x000001ea009b0000 - 0x000001ea009b3000 	C:\Users\Tech Land\.openjfx\cache\17.0.1\api-ms-win-core-debug-l1-1-0.dll
0x000001ea009c0000 - 0x000001ea009c3000 	C:\Users\Tech Land\.openjfx\cache\17.0.1\api-ms-win-core-errorhandling-l1-1-0.dll
0x000001ea009d0000 - 0x000001ea009d4000 	C:\Users\Tech Land\.openjfx\cache\17.0.1\api-ms-win-core-file-l1-1-0.dll
0x000001ea009e0000 - 0x000001ea009e3000 	C:\Users\Tech Land\.openjfx\cache\17.0.1\api-ms-win-core-file-l1-2-0.dll
0x000001ea009f0000 - 0x000001ea009f3000 	C:\Users\Tech Land\.openjfx\cache\17.0.1\api-ms-win-core-file-l2-1-0.dll
0x000001ea00a00000 - 0x000001ea00a03000 	C:\Users\Tech Land\.openjfx\cache\17.0.1\api-ms-win-core-handle-l1-1-0.dll
0x000001ea00a10000 - 0x000001ea00a13000 	C:\Users\Tech Land\.openjfx\cache\17.0.1\api-ms-win-core-heap-l1-1-0.dll
0x000001ea00a20000 - 0x000001ea00a23000 	C:\Users\Tech Land\.openjfx\cache\17.0.1\api-ms-win-core-interlocked-l1-1-0.dll
0x000001ea00a30000 - 0x000001ea00a33000 	C:\Users\Tech Land\.openjfx\cache\17.0.1\api-ms-win-core-libraryloader-l1-1-0.dll
0x000001ea00a40000 - 0x000001ea00a43000 	C:\Users\Tech Land\.openjfx\cache\17.0.1\api-ms-win-core-localization-l1-2-0.dll
0x000001ea00a50000 - 0x000001ea00a53000 	C:\Users\Tech Land\.openjfx\cache\17.0.1\api-ms-win-core-memory-l1-1-0.dll
0x000001ea00a60000 - 0x000001ea00a63000 	C:\Users\Tech Land\.openjfx\cache\17.0.1\api-ms-win-core-namedpipe-l1-1-0.dll
0x000001ea00a70000 - 0x000001ea00a73000 	C:\Users\Tech Land\.openjfx\cache\17.0.1\api-ms-win-core-processenvironment-l1-1-0.dll
0x000001ea00a80000 - 0x000001ea00a83000 	C:\Users\Tech Land\.openjfx\cache\17.0.1\api-ms-win-core-processthreads-l1-1-0.dll
0x000001ea00a90000 - 0x000001ea00a93000 	C:\Users\Tech Land\.openjfx\cache\17.0.1\api-ms-win-core-processthreads-l1-1-1.dll
0x000001ea00aa0000 - 0x000001ea00aa3000 	C:\Users\Tech Land\.openjfx\cache\17.0.1\api-ms-win-core-profile-l1-1-0.dll
0x000001ea00ab0000 - 0x000001ea00ab3000 	C:\Users\Tech Land\.openjfx\cache\17.0.1\api-ms-win-core-rtlsupport-l1-1-0.dll
0x000001ea00ac0000 - 0x000001ea00ac3000 	C:\Users\Tech Land\.openjfx\cache\17.0.1\api-ms-win-core-string-l1-1-0.dll
0x000001ea00ad0000 - 0x000001ea00ad3000 	C:\Users\Tech Land\.openjfx\cache\17.0.1\api-ms-win-core-synch-l1-1-0.dll
0x000001ea00ae0000 - 0x000001ea00ae3000 	C:\Users\Tech Land\.openjfx\cache\17.0.1\api-ms-win-core-synch-l1-2-0.dll
0x000001ea00af0000 - 0x000001ea00af3000 	C:\Users\Tech Land\.openjfx\cache\17.0.1\api-ms-win-core-sysinfo-l1-1-0.dll
0x000001ea00b00000 - 0x000001ea00b03000 	C:\Users\Tech Land\.openjfx\cache\17.0.1\api-ms-win-core-timezone-l1-1-0.dll
0x000001ea00b10000 - 0x000001ea00b13000 	C:\Users\Tech Land\.openjfx\cache\17.0.1\api-ms-win-core-util-l1-1-0.dll
0x000001ea00b20000 - 0x000001ea00b23000 	C:\Users\Tech Land\.openjfx\cache\17.0.1\api-ms-win-crt-conio-l1-1-0.dll
0x000001ea00b30000 - 0x000001ea00b34000 	C:\Users\Tech Land\.openjfx\cache\17.0.1\api-ms-win-crt-convert-l1-1-0.dll
0x000001ea00b40000 - 0x000001ea00b43000 	C:\Users\Tech Land\.openjfx\cache\17.0.1\api-ms-win-crt-environment-l1-1-0.dll
0x000001ea00b50000 - 0x000001ea00b53000 	C:\Users\Tech Land\.openjfx\cache\17.0.1\api-ms-win-crt-filesystem-l1-1-0.dll
0x000001ea00b60000 - 0x000001ea00b63000 	C:\Users\Tech Land\.openjfx\cache\17.0.1\api-ms-win-crt-heap-l1-1-0.dll
0x000001ea00b70000 - 0x000001ea00b73000 	C:\Users\Tech Land\.openjfx\cache\17.0.1\api-ms-win-crt-locale-l1-1-0.dll
0x000001ea00b80000 - 0x000001ea00b85000 	C:\Users\Tech Land\.openjfx\cache\17.0.1\api-ms-win-crt-math-l1-1-0.dll
0x000001ea00b90000 - 0x000001ea00b95000 	C:\Users\Tech Land\.openjfx\cache\17.0.1\api-ms-win-crt-multibyte-l1-1-0.dll
0x000001ea00ba0000 - 0x000001ea00bb0000 	C:\Users\Tech Land\.openjfx\cache\17.0.1\api-ms-win-crt-private-l1-1-0.dll
0x000001ea00bb0000 - 0x000001ea00bb3000 	C:\Users\Tech Land\.openjfx\cache\17.0.1\api-ms-win-crt-process-l1-1-0.dll
0x000001ea00bc0000 - 0x000001ea00bc4000 	C:\Users\Tech Land\.openjfx\cache\17.0.1\api-ms-win-crt-runtime-l1-1-0.dll
0x000001ea00bd0000 - 0x000001ea00bd4000 	C:\Users\Tech Land\.openjfx\cache\17.0.1\api-ms-win-crt-stdio-l1-1-0.dll
0x000001ea00be0000 - 0x000001ea00be4000 	C:\Users\Tech Land\.openjfx\cache\17.0.1\api-ms-win-crt-string-l1-1-0.dll
0x000001ea00bf0000 - 0x000001ea00bf3000 	C:\Users\Tech Land\.openjfx\cache\17.0.1\api-ms-win-crt-time-l1-1-0.dll
0x000001ea04f70000 - 0x000001ea04f73000 	C:\Users\Tech Land\.openjfx\cache\17.0.1\api-ms-win-crt-utility-l1-1-0.dll
0x00007ffe96ac0000 - 0x00007ffe96bbc000 	C:\Users\Tech Land\.openjfx\cache\17.0.1\ucrtbase.dll
0x00007ffebb9a0000 - 0x00007ffebb9ba000 	C:\Users\Tech Land\.openjfx\cache\17.0.1\vcruntime140.dll
0x00007ffec9870000 - 0x00007ffec987c000 	C:\Users\Tech Land\.openjfx\cache\17.0.1\vcruntime140_1.dll
0x00007ffea2210000 - 0x00007ffea229d000 	C:\Users\Tech Land\.openjfx\cache\17.0.1\msvcp140.dll
0x00007ffeae210000 - 0x00007ffeae23a000 	C:\Users\Tech Land\.openjfx\cache\17.0.1\prism_d3d.dll
0x00007ffecdf00000 - 0x00007ffece0cf000 	C:\WINDOWS\system32\d3d9.dll
0x00007ffedc660000 - 0x00007ffedc68f000 	C:\WINDOWS\SYSTEM32\dwmapi.dll
0x00007ffedc470000 - 0x00007ffedc50e000 	C:\WINDOWS\system32\uxtheme.dll
0x00007ffe94930000 - 0x00007ffe94a93000 	C:\WINDOWS\System32\DriverStore\FileRepository\iigd_dch.inf_amd64_e9b40d45ab4dc6b8\igdumdim64.dll
0x00007ffe6add0000 - 0x00007ffe6e7d4000 	C:\WINDOWS\System32\DriverStore\FileRepository\iigd_dch.inf_amd64_e9b40d45ab4dc6b8\igd9dxva64.dll
0x00007ffee3e80000 - 0x00007ffee3faa000 	C:\WINDOWS\System32\ole32.dll
0x00007ffee3fc0000 - 0x00007ffee408d000 	C:\WINDOWS\System32\OLEAUT32.dll
0x00007ffee3840000 - 0x00007ffee3cb0000 	C:\WINDOWS\System32\SETUPAPI.dll
0x00007ffee2130000 - 0x00007ffee217e000 	C:\WINDOWS\System32\cfgmgr32.dll
0x00007ffee26a0000 - 0x00007ffee26c7000 	C:\WINDOWS\System32\bcrypt.dll
0x00007ffed1b70000 - 0x00007ffed1daf000 	C:\WINDOWS\System32\DriverStore\FileRepository\iigd_dch.inf_amd64_e9b40d45ab4dc6b8\igdgmm64.dll
0x00007ffea9890000 - 0x00007ffea98d2000 	C:\Users\Tech Land\.openjfx\cache\17.0.1\glass.dll
0x00007ffee3450000 - 0x00007ffee352b000 	C:\WINDOWS\System32\COMDLG32.dll
0x00007ffee32b0000 - 0x00007ffee33c6000 	C:\WINDOWS\System32\MSCTF.dll
0x00007ffed75e0000 - 0x00007ffed7607000 	C:\WINDOWS\System32\DriverStore\FileRepository\iigd_dch.inf_amd64_e9b40d45ab4dc6b8\igdinfo64.dll
0x00007ffecee20000 - 0x00007ffed1a82000 	C:\WINDOWS\System32\DriverStore\FileRepository\iigd_dch.inf_amd64_e9b40d45ab4dc6b8\igc64.dll
0x00007ffed5570000 - 0x00007ffed55ab000 	C:\WINDOWS\SYSTEM32\dxcore.dll
0x00007ffeb7eb0000 - 0x00007ffeb7ec4000 	C:\Users\Tech Land\.openjfx\cache\17.0.1\javafx_font.dll
0x00007ffeb2250000 - 0x00007ffeb24cf000 	C:\WINDOWS\SYSTEM32\dwrite.dll
0x00007ffee3cc0000 - 0x00007ffee3d69000 	C:\WINDOWS\System32\clbcatq.dll
0x00007ffed73b0000 - 0x00007ffed7564000 	C:\WINDOWS\SYSTEM32\WindowsCodecs.dll
0x00007ffec89b0000 - 0x00007ffec89ee000 	C:\WINDOWS\system32\dataexchange.dll
0x00007ffedb5f0000 - 0x00007ffedb7d5000 	C:\WINDOWS\system32\dcomp.dll
0x00007ffeda680000 - 0x00007ffeda8e4000 	C:\WINDOWS\system32\d3d11.dll
0x00007ffee0740000 - 0x00007ffee0833000 	C:\WINDOWS\system32\dxgi.dll
0x00007ffed7b70000 - 0x00007ffed7d71000 	C:\WINDOWS\system32\twinapi.appcore.dll
0x00007ffeab9e0000 - 0x00007ffeaba14000 	C:\Program Files\Common Files\Microsoft Shared\Ink\rtscom.dll
0x00007ffebd950000 - 0x00007ffebda49000 	C:\WINDOWS\SYSTEM32\textinputframework.dll
0x00007ffedbb60000 - 0x00007ffedbebe000 	C:\WINDOWS\System32\CoreUIComponents.dll
0x00007ffedbec0000 - 0x00007ffedbfb2000 	C:\WINDOWS\System32\CoreMessaging.dll
0x00007ffee0b30000 - 0x00007ffee0b63000 	C:\WINDOWS\SYSTEM32\ntmarta.dll
0x00007ffedb490000 - 0x00007ffedb5e4000 	C:\WINDOWS\SYSTEM32\wintypes.dll
0x00007ffed7640000 - 0x00007ffed7650000 	C:\Users\Tech Land\.jdks\openjdk-17.0.2\bin\verify.dll
0x0000000069340000 - 0x00000000693c5000 	C:\Users\Tech Land\AppData\Local\Temp\sqlite-3.7.2-sqlitejdbc.dll
0x00007ffeda500000 - 0x00007ffeda5f6000 	C:\WINDOWS\SYSTEM32\PROPSYS.dll

dbghelp: loaded successfully - version: 4.0.5 - missing functions: none
symbol engine: initialized successfully - sym options: 0x614 - pdb path: .;C:\Users\Tech Land\.jdks\openjdk-17.0.2\bin;C:\WINDOWS\SYSTEM32;C:\WINDOWS\WinSxS\amd64_microsoft.windows.common-controls_6595b64144ccf1df_6.0.19041.1110_none_60b5254171f9507e;C:\Users\Tech Land\.jdks\openjdk-17.0.2\bin\server;C:\Program Files\JetBrains\IntelliJ IDEA 2021.3.2\bin;C:\Users\Tech Land\.openjfx\cache\17.0.1;C:\WINDOWS\System32\DriverStore\FileRepository\iigd_dch.inf_amd64_e9b40d45ab4dc6b8;C:\Program Files\Common Files\Microsoft Shared\Ink;C:\Users\Tech Land\AppData\Local\Temp;C:\Program Files\Google\Drive File Stream\56.0.11.0;C:\WINDOWS\WinSxS\amd64_microsoft.windows.gdiplus_6595b64144ccf1df_1.1.19041.1566_none_91a49058cc87e409;C:\Program Files (x86)\Dropbox\Client;C:\Users\Tech Land\AppData\Local\Microsoft\OneDrive\22.055.0313.0001

VM Arguments:
jvm_args: -javaagent:C:\Program Files\JetBrains\IntelliJ IDEA 2021.3.2\lib\idea_rt.jar=51013:C:\Program Files\JetBrains\IntelliJ IDEA 2021.3.2\bin -Dfile.encoding=UTF-8 --module-path=C:\Users\Tech Land\.m2\repository\org\apache\poi\poi\4.1.2\poi-4.1.2.jar;C:\Users\Tech Land\.m2\repository\org\apache\poi\poi-ooxml-schemas\4.1.2\poi-ooxml-schemas-4.1.2.jar;C:\Users\Tech Land\.m2\repository\com\github\shaohj\sstool-poi-expand\1.0.3\sstool-poi-expand-1.0.3.jar;C:\Users\Tech Land\Desktop\School-Management-Software\lib\jasperreports-6.14.0.jar;C:\Users\Tech Land\.m2\repository\org\openjfx\javafx-fxml\17.0.1\javafx-fxml-17.0.1-win.jar;C:\Users\Tech Land\Desktop\School-Management-Software\lib\commons-collections-3.2.2.jar;C:\Users\Tech Land\Desktop\School-Management-Software\target\classes;C:\Users\Tech Land\.m2\repository\com\kovizone\poi-ooxml-plus\1.2.3\poi-ooxml-plus-1.2.3.jar;C:\Users\Tech Land\.m2\repository\org\openjfx\javafx-graphics\17.0.1\javafx-graphics-17.0.1-win.jar;C:\Users\Tech Land\.m2\repository\org\apache\xmlbeans\xmlbeans\3.1.0\xmlbeans-3.1.0.jar;C:\Users\Tech Land\.m2\repository\org\openjfx\javafx-controls\17.0.1\javafx-controls-17.0.1-win.jar;C:\Users\Tech Land\.m2\repository\org\apache\poi\poi-ooxml\4.1.2\poi-ooxml-4.1.2.jar;C:\Users\Tech Land\.m2\repository\org\openjfx\javafx-base\17.0.1\javafx-base-17.0.1-win.jar -Djdk.module.main=com.example.demo 
java_command: com.example.demo/com.example.school_management.School
java_class_path (initial): C:\Users\Tech Land\Desktop\School-Management-Software\src\main\resources\com\example\font\fontawesomefx-8.2.jar;C:\Users\Tech Land\Desktop\School-Management-Software\src\main\resources\com\example\font\sqlite-jdbc-3.7.2.jar;C:\Users\Tech Land\Desktop\School-Management-Software\src\main\resources\com\example\font\ojdbc14-10.2.0.4.0.jar;C:\Users\Tech Land\Desktop\School-Management-Software\src\main\resources\com\example\font\mysql-connector-java-8.0.28.jar;C:\Users\Tech Land\.m2\repository\org\openjfx\javafx-controls\17.0.1\javafx-controls-17.0.1.jar;C:\Users\Tech Land\.m2\repository\org\openjfx\javafx-graphics\17.0.1\javafx-graphics-17.0.1.jar;C:\Users\Tech Land\.m2\repository\org\openjfx\javafx-base\17.0.1\javafx-base-17.0.1.jar;C:\Users\Tech Land\.m2\repository\org\openjfx\javafx-fxml\17.0.1\javafx-fxml-17.0.1.jar;C:\Users\Tech Land\Desktop\School-Management-Software\lib\commons-beanutils-1.9.4.jar;C:\Users\Tech Land\Desktop\School-Management-Software\lib\commons-digester-2.1.jar;C:\Users\Tech Land\Desktop\School-Management-Software\lib\commons-logging-1.1.1.jar;C:\Users\Tech Land\Desktop\School-Management-Software\lib\commons-collections4-4.2.jar;C:\Users\Tech Land\Desktop\School-Management-Software\lib\itext-2.1.7.js8.jar;C:\Users\Tech Land\Desktop\School-Management-Software\lib\bcprov-jdk15on-1.64.jar;C:\Users\Tech Land\Desktop\School-Management-Software\lib\jcommon-1.0.23.jar;C:\Users\Tech Land\Desktop\School-Management-Software\lib\jfreechart-1.0.19.jar;C:\Users\Tech Land\Desktop\School-Management-Software\lib\ecj-3.21.0.jar;C:\Users\Tech Land\Desktop\School-Management-Software\lib\castor-xml-1.4.1.jar;C:\Users\Tech Land\Desktop\School-Management-Software\lib\castor-core-1.4.1.jar;C:\Users\Tech Land\Desktop\School-Management-Software\lib\commons-lang3-3.4.jar;C:\Users\Tech Land\Desktop\School-Management-Software\lib\javax.inject-1.jar;C:\Users\Tech Land\Desktop\School-Management-Software\lib\jackson-core-2.10.0.jar;C:\Users\Tech La
Launcher Type: SUN_STANDARD

[Global flags]
     intx CICompilerCount                          = 4                                         {product} {ergonomic}
     uint ConcGCThreads                            = 2                                         {product} {ergonomic}
     uint G1ConcRefinementThreads                  = 8                                         {product} {ergonomic}
   size_t G1HeapRegionSize                         = 1048576                                   {product} {ergonomic}
    uintx GCDrainStackTargetSize                   = 64                                        {product} {ergonomic}
   size_t InitialHeapSize                          = 132120576                                 {product} {ergonomic}
   size_t MarkStackSize                            = 4194304                                   {product} {ergonomic}
   size_t MaxHeapSize                              = 2109734912                                {product} {ergonomic}
   size_t MaxNewSize                               = 1265631232                                {product} {ergonomic}
   size_t MinHeapDeltaBytes                        = 1048576                                   {product} {ergonomic}
   size_t MinHeapSize                              = 8388608                                   {product} {ergonomic}
    uintx NonNMethodCodeHeapSize                   = 5839372                                {pd product} {ergonomic}
    uintx NonProfiledCodeHeapSize                  = 122909434                              {pd product} {ergonomic}
    uintx ProfiledCodeHeapSize                     = 122909434                              {pd product} {ergonomic}
    uintx ReservedCodeCacheSize                    = 251658240                              {pd product} {ergonomic}
     bool SegmentedCodeCache                       = true                                      {product} {ergonomic}
   size_t SoftMaxHeapSize                          = 2109734912                             {manageable} {ergonomic}
     bool UseCompressedClassPointers               = true                           {product lp64_product} {ergonomic}
     bool UseCompressedOops                        = true                           {product lp64_product} {ergonomic}
     bool UseG1GC                                  = true                                      {product} {ergonomic}
     bool UseLargePagesIndividualAllocation        = false                                  {pd product} {ergonomic}

Logging:
Log output configuration:
 #0: stdout all=warning uptime,level,tags
 #1: stderr all=off uptime,level,tags

Environment Variables:
PATH=C:\Program Files\Common Files\Oracle\Java\javapath;C:\Program Files (x86)\Common Files\Oracle\Java\javapath;C:\Program Files (x86)\VMware\VMware Workstation\bin\;C:\WINDOWS\system32;C:\WINDOWS;C:\WINDOWS\System32\Wbem;C:\WINDOWS\System32\WindowsPowerShell\v1.0\;C:\WINDOWS\System32\OpenSSH\;C:\Program Files\Intel\WiFi\bin\;C:\Program Files\Common Files\Intel\WirelessCommon\;C:\Program Files\NVIDIA Corporation\NVIDIA NvDLISR;C:\Program Files\Git\cmd;C:\Users\Tech Land\AppData\Local\Microsoft\WindowsApps;C:\Users\Tech Land\AppData\Local\Programs\Microsoft VS Code\bin;C:\Users\Tech Land\AppData\Local\GitHubDesktop\bin
USERNAME=Tech Land
OS=Windows_NT
PROCESSOR_IDENTIFIER=Intel64 Family 6 Model 142 Stepping 11, GenuineIntel



---------------  S Y S T E M  ---------------

OS:
 Windows 10 , 64 bit Build 19041 (10.0.19041.1566)
OS uptime: 9 days 0:16 hours

CPU: total 8 (initial active 8) (4 cores per cpu, 2 threads per core) family 6 model 142 stepping 11 microcode 0xae, cx8, cmov, fxsr, ht, mmx, 3dnowpref, sse, sse2, sse3, ssse3, sse4.1, sse4.2, popcnt, lzcnt, tsc, tscinvbit, avx, avx2, aes, erms, clmul, bmi1, bmi2, adx, fma, vzeroupper, clflush, clflushopt

Memory: 4k page, system-wide physical 8043M (605M free)
TotalPageFile size 14021M (AvailPageFile size 1905M)
current process WorkingSet (physical memory assigned to process): 209M, peak: 236M
current process commit charge ("private bytes"): 308M, peak: 352M

vm_info: OpenJDK 64-Bit Server VM (17.0.2+8-86) for windows-amd64 JRE (17.0.2+8-86), built on Dec  7 2021 21:49:10 by "mach5one" with MS VC++ 16.8 / 16.9 (VS2019)

END.
